[ 2017-09-26T22:40:57+08:00 ] 127.0.0.1 /Blog/Backend
INFO: [ app_init ] --START--
INFO: Run Behavior\BuildLiteBehavior [ RunTime:0.000000s ]
INFO: [ app_init ] --END-- [ RunTime:0.001000s ]
INFO: [ app_begin ] --START--
INFO: Run Behavior\ReadHtmlCacheBehavior [ RunTime:0.001000s ]
INFO: [ app_begin ] --END-- [ RunTime:0.001000s ]

[ 2017-09-26T22:40:57+08:00 ] 127.0.0.1 /Blog/index.php/Backend/Login/login.html
INFO: [ app_init ] --START--
INFO: Run Behavior\BuildLiteBehavior [ RunTime:0.000000s ]
INFO: [ app_init ] --END-- [ RunTime:0.001001s ]
INFO: [ app_begin ] --START--
INFO: Run Behavior\ReadHtmlCacheBehavior [ RunTime:0.001000s ]
INFO: [ app_begin ] --END-- [ RunTime:0.001000s ]
INFO: [ view_parse ] --START--
INFO: [ template_filter ] --START--
INFO: Run Behavior\ContentReplaceBehavior [ RunTime:0.000000s ]
INFO: [ template_filter ] --END-- [ RunTime:0.000000s ]
INFO: Run Behavior\ParseTemplateBehavior [ RunTime:0.018001s ]
INFO: [ view_parse ] --END-- [ RunTime:0.018001s ]
INFO: [ view_filter ] --START--
INFO: Run Behavior\WriteHtmlCacheBehavior [ RunTime:0.000000s ]
INFO: [ view_filter ] --END-- [ RunTime:0.000000s ]
INFO: [ app_end ] --START--
INFO: Run Behavior\ShowPageTraceBehavior [ RunTime:0.001000s ]
INFO: [ app_end ] --END-- [ RunTime:0.001000s ]

[ 2017-09-26T22:40:57+08:00 ] 127.0.0.1 /Blog/index.php/Backend/Login/verify.html
INFO: [ app_init ] --START--
INFO: Run Behavior\BuildLiteBehavior [ RunTime:0.000000s ]
INFO: [ app_init ] --END-- [ RunTime:0.001000s ]
INFO: [ app_begin ] --START--
INFO: Run Behavior\ReadHtmlCacheBehavior [ RunTime:0.000000s ]
INFO: [ app_begin ] --END-- [ RunTime:0.000000s ]
INFO: [ app_end ] --START--
INFO: Run Behavior\ShowPageTraceBehavior [ RunTime:0.002000s ]
INFO: [ app_end ] --END-- [ RunTime:0.002000s ]

[ 2017-09-26T22:41:09+08:00 ] 127.0.0.1 /Blog/Backend/Login/login.html
INFO: [ app_init ] --START--
INFO: Run Behavior\BuildLiteBehavior [ RunTime:0.000000s ]
INFO: [ app_init ] --END-- [ RunTime:0.001000s ]
INFO: [ app_begin ] --START--
INFO: Run Behavior\ReadHtmlCacheBehavior [ RunTime:0.001000s ]
INFO: [ app_begin ] --END-- [ RunTime:0.001000s ]
INFO: [ view_parse ] --START--
INFO: [ template_filter ] --START--
INFO: Run Behavior\ContentReplaceBehavior [ RunTime:0.000000s ]
INFO: [ template_filter ] --END-- [ RunTime:0.000000s ]
INFO: Run Behavior\ParseTemplateBehavior [ RunTime:0.008001s ]
INFO: [ view_parse ] --END-- [ RunTime:0.009001s ]
INFO: [ view_filter ] --START--
INFO: Run Behavior\WriteHtmlCacheBehavior [ RunTime:0.000000s ]
INFO: [ view_filter ] --END-- [ RunTime:0.000000s ]
INFO: [ app_end ] --START--
INFO: Run Behavior\ShowPageTraceBehavior [ RunTime:0.001000s ]
INFO: [ app_end ] --END-- [ RunTime:0.001000s ]

[ 2017-09-26T22:41:09+08:00 ] 127.0.0.1 /Blog/index.php/Backend/Login/verify.html
INFO: [ app_init ] --START--
INFO: Run Behavior\BuildLiteBehavior [ RunTime:0.000000s ]
INFO: [ app_init ] --END-- [ RunTime:0.001000s ]
INFO: [ app_begin ] --START--
INFO: Run Behavior\ReadHtmlCacheBehavior [ RunTime:0.001000s ]
INFO: [ app_begin ] --END-- [ RunTime:0.001000s ]
INFO: [ app_end ] --START--
INFO: Run Behavior\ShowPageTraceBehavior [ RunTime:0.001000s ]
INFO: [ app_end ] --END-- [ RunTime:0.001000s ]

[ 2017-09-26T22:41:34+08:00 ] 127.0.0.1 /Blog/index.php/Backend/Login/doLogin.html
INFO: [ app_init ] --START--
INFO: Run Behavior\BuildLiteBehavior [ RunTime:0.000000s ]
INFO: [ app_init ] --END-- [ RunTime:0.000000s ]
INFO: [ app_begin ] --START--
INFO: Run Behavior\ReadHtmlCacheBehavior [ RunTime:0.000000s ]
INFO: [ app_begin ] --END-- [ RunTime:0.000000s ]
SQL: SHOW COLUMNS FROM `admin_user` [ RunTime:0.0156s ]
SQL: SELECT * FROM `admin_user` WHERE `user_name` = '776080531' AND `password` = '2a117282842db555a057dcf6cdd64f01' AND `status` = 1 LIMIT 1   [ RunTime:0.0000s ]
SQL: UPDATE `admin_user` SET `lastlogin_time`='1506436894' WHERE `id` = 15 [ RunTime:0.0624s ]

[ 2017-09-26T22:41:34+08:00 ] 127.0.0.1 /Blog/index.php/Backend/Index/index.html
INFO: [ app_init ] --START--
INFO: Run Behavior\BuildLiteBehavior [ RunTime:0.000000s ]
INFO: [ app_init ] --END-- [ RunTime:0.001000s ]
INFO: [ app_begin ] --START--
INFO: Run Behavior\ReadHtmlCacheBehavior [ RunTime:0.000000s ]
INFO: [ app_begin ] --END-- [ RunTime:0.000000s ]
SQL: SHOW COLUMNS FROM `admin_auth_group_access` [ RunTime:0.0330s ]
SQL: SELECT b.rules FROM admin_auth_group_access a LEFT JOIN admin_auth_group b ON b.id=a.group_id  WHERE a.uid = '15'  [ RunTime:0.0360s ]
SQL: SHOW COLUMNS FROM `admin_auth_rule` [ RunTime:0.0110s ]
SQL: SELECT * FROM `admin_auth_rule` WHERE `id` IN ('2','36','14','21','24','25','26','27','22','28','29','30','31','23','32','33','34','35','37','56','57','58','59','54','55','63','64','65','66','38','39','40','41','42','43','44','45','60','61','62','67','46','47','48','49','50','52','53') AND `is_menu` = 1 AND `status` = 1  [ RunTime:0.0010s ]
INFO: [ view_parse ] --START--
INFO: [ template_filter ] --START--
INFO: Run Behavior\ContentReplaceBehavior [ RunTime:0.000000s ]
INFO: [ template_filter ] --END-- [ RunTime:0.000000s ]
INFO: Run Behavior\ParseTemplateBehavior [ RunTime:0.012000s ]
INFO: [ view_parse ] --END-- [ RunTime:0.012000s ]
INFO: [ view_filter ] --START--
INFO: Run Behavior\WriteHtmlCacheBehavior [ RunTime:0.000000s ]
INFO: [ view_filter ] --END-- [ RunTime:0.000000s ]
INFO: [ app_end ] --START--
INFO: Run Behavior\ShowPageTraceBehavior [ RunTime:0.001000s ]
INFO: [ app_end ] --END-- [ RunTime:0.001000s ]

[ 2017-09-26T22:41:34+08:00 ] 127.0.0.1 /Blog/index.php/Backend/Index/main.html
INFO: [ app_init ] --START--
INFO: Run Behavior\BuildLiteBehavior [ RunTime:0.000000s ]
INFO: [ app_init ] --END-- [ RunTime:0.000000s ]
INFO: [ app_begin ] --START--
INFO: Run Behavior\ReadHtmlCacheBehavior [ RunTime:0.001000s ]
INFO: [ app_begin ] --END-- [ RunTime:0.001000s ]
INFO: [ view_parse ] --START--
INFO: [ template_filter ] --START--
INFO: Run Behavior\ContentReplaceBehavior [ RunTime:0.000000s ]
INFO: [ template_filter ] --END-- [ RunTime:0.001000s ]
INFO: Run Behavior\ParseTemplateBehavior [ RunTime:0.008000s ]
INFO: [ view_parse ] --END-- [ RunTime:0.008000s ]
INFO: [ view_filter ] --START--
INFO: Run Behavior\WriteHtmlCacheBehavior [ RunTime:0.001000s ]
INFO: [ view_filter ] --END-- [ RunTime:0.001000s ]
INFO: [ app_end ] --START--
INFO: Run Behavior\ShowPageTraceBehavior [ RunTime:0.001000s ]
INFO: [ app_end ] --END-- [ RunTime:0.001000s ]

[ 2017-09-26T22:41:46+08:00 ] 127.0.0.1 /Blog/index.php/Backend/Other/links.html
INFO: [ app_init ] --START--
INFO: Run Behavior\BuildLiteBehavior [ RunTime:0.000000s ]
INFO: [ app_init ] --END-- [ RunTime:0.001000s ]
INFO: [ app_begin ] --START--
INFO: Run Behavior\ReadHtmlCacheBehavior [ RunTime:0.000000s ]
INFO: [ app_begin ] --END-- [ RunTime:0.000000s ]
SQL: SHOW COLUMNS FROM `admin_auth_group_access` [ RunTime:0.0090s ]
SQL: SELECT `uid`,`group_id`,`title`,`rules` FROM admin_auth_group_access a INNER JOIN admin_auth_group g on a.group_id=g.id  WHERE ( a.uid='15' and g.status='1' )  [ RunTime:0.0010s ]
SQL: SHOW COLUMNS FROM `admin_auth_rule` [ RunTime:0.0110s ]
SQL: SELECT `condition`,`menu_name` FROM `admin_auth_rule` WHERE `id` IN ('2','36','14','21','24','25','26','27','22','28','29','30','31','23','32','33','34','35','37','56','57','58','59','54','55','63','64','65','66','38','39','40','41','42','43','44','45','60','61','62','67','46','47','48','49','50','52','53') AND `type` = 1 AND `status` = 1  [ RunTime:0.0000s ]
SQL: SHOW COLUMNS FROM `links` [ RunTime:0.0110s ]
SQL: SELECT COUNT(*) AS tp_count FROM links a LIMIT 1   [ RunTime:0.0000s ]
SQL: SELECT a.*,b.user_name as nickname FROM links a LEFT JOIN admin_user b ON a.uid = b.id  WHERE ( is_valid = 'y' ) ORDER BY createtime DESC  [ RunTime:0.0010s ]
INFO: [ view_parse ] --START--
INFO: [ template_filter ] --START--
INFO: Run Behavior\ContentReplaceBehavior [ RunTime:0.000000s ]
INFO: [ template_filter ] --END-- [ RunTime:0.000000s ]
INFO: Run Behavior\ParseTemplateBehavior [ RunTime:0.079004s ]
INFO: [ view_parse ] --END-- [ RunTime:0.079004s ]
INFO: [ view_filter ] --START--
INFO: Run Behavior\WriteHtmlCacheBehavior [ RunTime:0.001000s ]
INFO: [ view_filter ] --END-- [ RunTime:0.001000s ]
INFO: [ app_end ] --START--
INFO: Run Behavior\ShowPageTraceBehavior [ RunTime:0.001000s ]
INFO: [ app_end ] --END-- [ RunTime:0.002000s ]

[ 2017-09-26T22:41:48+08:00 ] 127.0.0.1 /Blog/index.php/Backend/Other/editLinks.html?id=5
INFO: [ app_init ] --START--
INFO: Run Behavior\BuildLiteBehavior [ RunTime:0.000000s ]
INFO: [ app_init ] --END-- [ RunTime:0.000000s ]
INFO: [ app_begin ] --START--
INFO: Run Behavior\ReadHtmlCacheBehavior [ RunTime:0.001000s ]
INFO: [ app_begin ] --END-- [ RunTime:0.001000s ]
SQL: SHOW COLUMNS FROM `admin_auth_group_access` [ RunTime:0.0070s ]
SQL: SELECT `uid`,`group_id`,`title`,`rules` FROM admin_auth_group_access a INNER JOIN admin_auth_group g on a.group_id=g.id  WHERE ( a.uid='15' and g.status='1' )  [ RunTime:0.0000s ]
SQL: SHOW COLUMNS FROM `admin_auth_rule` [ RunTime:0.0110s ]
SQL: SELECT `condition`,`menu_name` FROM `admin_auth_rule` WHERE `id` IN ('2','36','14','21','24','25','26','27','22','28','29','30','31','23','32','33','34','35','37','56','57','58','59','54','55','63','64','65','66','38','39','40','41','42','43','44','45','60','61','62','67','46','47','48','49','50','52','53') AND `type` = 1 AND `status` = 1  [ RunTime:0.0010s ]
SQL: SHOW COLUMNS FROM `links` [ RunTime:0.0110s ]
SQL: SELECT * FROM `links` WHERE ( id =5 and is_valid = 'y' ) LIMIT 1   [ RunTime:0.0010s ]
INFO: [ view_parse ] --START--
INFO: [ template_filter ] --START--
INFO: Run Behavior\ContentReplaceBehavior [ RunTime:0.000000s ]
INFO: [ template_filter ] --END-- [ RunTime:0.000000s ]
INFO: Run Behavior\ParseTemplateBehavior [ RunTime:0.036002s ]
INFO: [ view_parse ] --END-- [ RunTime:0.036002s ]
INFO: [ view_filter ] --START--
INFO: Run Behavior\WriteHtmlCacheBehavior [ RunTime:0.001001s ]
INFO: [ view_filter ] --END-- [ RunTime:0.001001s ]
INFO: [ app_end ] --START--
INFO: Run Behavior\ShowPageTraceBehavior [ RunTime:0.001000s ]
INFO: [ app_end ] --END-- [ RunTime:0.001000s ]

[ 2017-09-26T22:41:59+08:00 ] 127.0.0.1 /Blog/index.php/Backend/Other/editLinks.html
INFO: [ app_init ] --START--
INFO: Run Behavior\BuildLiteBehavior [ RunTime:0.001000s ]
INFO: [ app_init ] --END-- [ RunTime:0.001000s ]
INFO: [ app_begin ] --START--
INFO: Run Behavior\ReadHtmlCacheBehavior [ RunTime:0.001000s ]
INFO: [ app_begin ] --END-- [ RunTime:0.001000s ]
SQL: SHOW COLUMNS FROM `admin_auth_group_access` [ RunTime:0.0110s ]
SQL: SELECT `uid`,`group_id`,`title`,`rules` FROM admin_auth_group_access a INNER JOIN admin_auth_group g on a.group_id=g.id  WHERE ( a.uid='15' and g.status='1' )  [ RunTime:0.0010s ]
SQL: SHOW COLUMNS FROM `admin_auth_rule` [ RunTime:0.0070s ]
SQL: SELECT `condition`,`menu_name` FROM `admin_auth_rule` WHERE `id` IN ('2','36','14','21','24','25','26','27','22','28','29','30','31','23','32','33','34','35','37','56','57','58','59','54','55','63','64','65','66','38','39','40','41','42','43','44','45','60','61','62','67','46','47','48','49','50','52','53') AND `type` = 1 AND `status` = 1  [ RunTime:0.0010s ]
SQL: SHOW COLUMNS FROM `links` [ RunTime:0.0070s ]
SQL: SELECT * FROM `links` WHERE ( id =5 ) LIMIT 1   [ RunTime:0.0000s ]

[ 2017-09-26T22:42:42+08:00 ] 127.0.0.1 /Blog/index.php/Backend/Other/editLinks.html
INFO: [ app_init ] --START--
INFO: Run Behavior\BuildLiteBehavior [ RunTime:0.000000s ]
INFO: [ app_init ] --END-- [ RunTime:0.000000s ]
INFO: [ app_begin ] --START--
INFO: Run Behavior\ReadHtmlCacheBehavior [ RunTime:0.001000s ]
INFO: [ app_begin ] --END-- [ RunTime:0.001000s ]
SQL: SHOW COLUMNS FROM `admin_auth_group_access` [ RunTime:0.0090s ]
SQL: SELECT `uid`,`group_id`,`title`,`rules` FROM admin_auth_group_access a INNER JOIN admin_auth_group g on a.group_id=g.id  WHERE ( a.uid='15' and g.status='1' )  [ RunTime:0.0010s ]
SQL: SHOW COLUMNS FROM `admin_auth_rule` [ RunTime:0.0100s ]
SQL: SELECT `condition`,`menu_name` FROM `admin_auth_rule` WHERE `id` IN ('2','36','14','21','24','25','26','27','22','28','29','30','31','23','32','33','34','35','37','56','57','58','59','54','55','63','64','65','66','38','39','40','41','42','43','44','45','60','61','62','67','46','47','48','49','50','52','53') AND `type` = 1 AND `status` = 1  [ RunTime:0.0010s ]
SQL: SHOW COLUMNS FROM `links` [ RunTime:0.0050s ]
SQL: SELECT * FROM `links` WHERE ( id =5 ) LIMIT 1   [ RunTime:0.0010s ]

[ 2017-09-26T22:44:12+08:00 ] 127.0.0.1 /Blog/index.php/Backend/Other/editLinks.html
INFO: [ app_init ] --START--
INFO: Run Behavior\BuildLiteBehavior [ RunTime:0.000000s ]
INFO: [ app_init ] --END-- [ RunTime:0.000000s ]
INFO: [ app_begin ] --START--
INFO: Run Behavior\ReadHtmlCacheBehavior [ RunTime:0.001000s ]
INFO: [ app_begin ] --END-- [ RunTime:0.002000s ]
SQL: SHOW COLUMNS FROM `admin_auth_group_access` [ RunTime:0.0130s ]
SQL: SELECT `uid`,`group_id`,`title`,`rules` FROM admin_auth_group_access a INNER JOIN admin_auth_group g on a.group_id=g.id  WHERE ( a.uid='15' and g.status='1' )  [ RunTime:0.0010s ]
SQL: SHOW COLUMNS FROM `admin_auth_rule` [ RunTime:0.0100s ]
SQL: SELECT `condition`,`menu_name` FROM `admin_auth_rule` WHERE `id` IN ('2','36','14','21','24','25','26','27','22','28','29','30','31','23','32','33','34','35','37','56','57','58','59','54','55','63','64','65','66','38','39','40','41','42','43','44','45','60','61','62','67','46','47','48','49','50','52','53') AND `type` = 1 AND `status` = 1  [ RunTime:0.0000s ]
SQL: SHOW COLUMNS FROM `links` [ RunTime:0.0110s ]
SQL: SELECT * FROM `links` WHERE ( id =5 ) LIMIT 1   [ RunTime:0.0000s ]
SQL: UPDATE `links` SET `linkname`='腾讯',`linkurl`='https://github.com/Brake-benji' WHERE ( id =5 ) [ RunTime:0.1162s ]

[ 2017-09-26T22:44:15+08:00 ] 127.0.0.1 /Blog/index.php/Backend/Other/links.html
INFO: [ app_init ] --START--
INFO: Run Behavior\BuildLiteBehavior [ RunTime:0.000000s ]
INFO: [ app_init ] --END-- [ RunTime:0.000000s ]
INFO: [ app_begin ] --START--
INFO: Run Behavior\ReadHtmlCacheBehavior [ RunTime:0.001000s ]
INFO: [ app_begin ] --END-- [ RunTime:0.001000s ]
SQL: SHOW COLUMNS FROM `admin_auth_group_access` [ RunTime:0.0090s ]
SQL: SELECT `uid`,`group_id`,`title`,`rules` FROM admin_auth_group_access a INNER JOIN admin_auth_group g on a.group_id=g.id  WHERE ( a.uid='15' and g.status='1' )  [ RunTime:0.0010s ]
SQL: SHOW COLUMNS FROM `admin_auth_rule` [ RunTime:0.0140s ]
SQL: SELECT `condition`,`menu_name` FROM `admin_auth_rule` WHERE `id` IN ('2','36','14','21','24','25','26','27','22','28','29','30','31','23','32','33','34','35','37','56','57','58','59','54','55','63','64','65','66','38','39','40','41','42','43','44','45','60','61','62','67','46','47','48','49','50','52','53') AND `type` = 1 AND `status` = 1  [ RunTime:0.0000s ]
SQL: SHOW COLUMNS FROM `links` [ RunTime:0.0150s ]
SQL: SELECT COUNT(*) AS tp_count FROM links a LIMIT 1   [ RunTime:0.0000s ]
SQL: SELECT a.*,b.user_name as nickname FROM links a LEFT JOIN admin_user b ON a.uid = b.id  WHERE ( is_valid = 'y' ) ORDER BY createtime DESC  [ RunTime:0.0000s ]
INFO: [ view_parse ] --START--
INFO: [ template_filter ] --START--
INFO: Run Behavior\ContentReplaceBehavior [ RunTime:0.000000s ]
INFO: [ template_filter ] --END-- [ RunTime:0.000000s ]
INFO: Run Behavior\ParseTemplateBehavior [ RunTime:0.012001s ]
INFO: [ view_parse ] --END-- [ RunTime:0.012001s ]
INFO: [ view_filter ] --START--
INFO: Run Behavior\WriteHtmlCacheBehavior [ RunTime:0.001000s ]
INFO: [ view_filter ] --END-- [ RunTime:0.001000s ]
INFO: [ app_end ] --START--
INFO: Run Behavior\ShowPageTraceBehavior [ RunTime:0.001000s ]
INFO: [ app_end ] --END-- [ RunTime:0.001000s ]

