[ 2017-05-11T22:27:56+08:00 ] ::1 /Blog/
INFO: [ app_init ] --START--
INFO: Run Behavior\BuildLiteBehavior [ RunTime:0.000035s ]
INFO: [ app_init ] --END-- [ RunTime:0.051648s ]
INFO: [ app_begin ] --START--
INFO: Run Behavior\ReadHtmlCacheBehavior [ RunTime:0.016842s ]
INFO: [ app_begin ] --END-- [ RunTime:0.017176s ]
SQL: SHOW COLUMNS FROM `article` [ RunTime:0.0315s ]
SQL: SELECT COUNT(*) AS tp_count FROM `article` WHERE ( is_valid = 'y' ) LIMIT 1   [ RunTime:0.0021s ]
SQL: SHOW COLUMNS FROM `article` [ RunTime:0.0137s ]
SQL: SELECT a.*,b.user_name as nickname,c.title as catename FROM article a LEFT JOIN admin_user b ON a.uid = b.id LEFT JOIN admin_auth_rule c ON a.cid = c.id  WHERE ( is_valid = 'y' ) ORDER BY a.createtime DESC LIMIT 0,5   [ RunTime:0.0835s ]
INFO: [ view_parse ] --START--
INFO: [ template_filter ] --START--
INFO: Run Behavior\ContentReplaceBehavior [ RunTime:0.014292s ]
INFO: [ template_filter ] --END-- [ RunTime:0.014447s ]
SQL: SHOW COLUMNS FROM `admin_auth_rule` [ RunTime:0.0137s ]
SQL: SELECT `id`,`title`,`pid` FROM `admin_auth_rule` WHERE `id` IN ('46','47','48','49','50','52','53')  [ RunTime:0.0024s ]
INFO: [ view_parse ] --START--
INFO: [ template_filter ] --START--
INFO: Run Behavior\ContentReplaceBehavior [ RunTime:0.000121s ]
INFO: [ template_filter ] --END-- [ RunTime:-0.082681s ]
INFO: Run Behavior\ParseTemplateBehavior [ RunTime:0.021834s ]
INFO: [ view_parse ] --END-- [ RunTime:0.021987s ]
INFO: [ view_filter ] --START--
INFO: Run Behavior\WriteHtmlCacheBehavior [ RunTime:0.010691s ]
INFO: [ view_filter ] --END-- [ RunTime:0.010807s ]
SQL: SHOW COLUMNS FROM `activity` [ RunTime:0.0433s ]
SQL: SELECT `slogan`,`linkurl`,`filepath` FROM `activity` WHERE ( is_valid = 'y' ) ORDER BY priority DESC  [ RunTime:0.0020s ]
SQL: SELECT a.id,a.title,a.readcounts,b.user_name as nickname,c.title as catename FROM article a LEFT JOIN admin_user b ON a.uid = b.id LEFT JOIN admin_auth_rule c ON a.cid = c.id  WHERE ( is_valid = 'y' ) ORDER BY a.readcounts DESC LIMIT 10   [ RunTime:0.0022s ]
SQL: select a.id,a.tagname,a.createtime,count(b.tid) as count,c.nick_name as nickname from tag a left join article_tag_relate b on a.id = b.tid left join admin_user c on a.uid = c.id  group by id order by count desc [ RunTime:0.0323s ]
INFO: [ view_parse ] --START--
INFO: [ template_filter ] --START--
INFO: Run Behavior\ContentReplaceBehavior [ RunTime:0.000086s ]
INFO: [ template_filter ] --END-- [ RunTime:-0.194154s ]
INFO: Run Behavior\ParseTemplateBehavior [ RunTime:0.018100s ]
INFO: [ view_parse ] --END-- [ RunTime:-0.094473s ]
INFO: [ view_filter ] --START--
INFO: Run Behavior\WriteHtmlCacheBehavior [ RunTime:0.000042s ]
INFO: [ view_filter ] --END-- [ RunTime:-0.101936s ]
SQL: SHOW COLUMNS FROM `links` [ RunTime:0.0347s ]
SQL: SELECT `linkname`,`linkurl` FROM `links` WHERE ( is_valid = 'y' ) ORDER BY createtime DESC LIMIT 5   [ RunTime:0.0030s ]
INFO: [ view_parse ] --START--
INFO: [ template_filter ] --START--
INFO: Run Behavior\ContentReplaceBehavior [ RunTime:0.000119s ]
INFO: [ template_filter ] --END-- [ RunTime:-0.256637s ]
INFO: Run Behavior\ParseTemplateBehavior [ RunTime:0.021389s ]
INFO: [ view_parse ] --END-- [ RunTime:-0.152622s ]
INFO: [ view_filter ] --START--
INFO: Run Behavior\WriteHtmlCacheBehavior [ RunTime:0.000039s ]
INFO: [ view_filter ] --END-- [ RunTime:-0.163381s ]
INFO: Run Behavior\ParseTemplateBehavior [ RunTime:0.021867s ]
INFO: [ view_parse ] --END-- [ RunTime:-0.152622s ]
INFO: [ view_filter ] --START--
INFO: Run Behavior\WriteHtmlCacheBehavior [ RunTime:0.000035s ]
INFO: [ view_filter ] --END-- [ RunTime:-0.163810s ]
INFO: [ app_end ] --START--
INFO: Run Behavior\ShowPageTraceBehavior [ RunTime:0.016590s ]
INFO: [ app_end ] --END-- [ RunTime:0.016763s ]

[ 2017-05-11T22:37:52+08:00 ] ::1 /Blog/index.php/Home/Index/index.html
INFO: [ app_init ] --START--
INFO: Run Behavior\BuildLiteBehavior [ RunTime:0.000047s ]
INFO: [ app_init ] --END-- [ RunTime:0.003148s ]
INFO: [ app_begin ] --START--
INFO: Run Behavior\ReadHtmlCacheBehavior [ RunTime:0.008374s ]
INFO: [ app_begin ] --END-- [ RunTime:0.008590s ]
SQL: SHOW COLUMNS FROM `article` [ RunTime:0.0205s ]
SQL: SELECT COUNT(*) AS tp_count FROM `article` WHERE ( is_valid = 'y' ) LIMIT 1   [ RunTime:0.0029s ]
SQL: SHOW COLUMNS FROM `article` [ RunTime:0.0194s ]
SQL: SELECT a.*,b.user_name as nickname,c.title as catename FROM article a LEFT JOIN admin_user b ON a.uid = b.id LEFT JOIN admin_auth_rule c ON a.cid = c.id  WHERE ( is_valid = 'y' ) ORDER BY a.createtime DESC LIMIT 0,5   [ RunTime:0.0073s ]
INFO: [ view_parse ] --START--
INFO: [ template_filter ] --START--
INFO: Run Behavior\ContentReplaceBehavior [ RunTime:0.000103s ]
INFO: [ template_filter ] --END-- [ RunTime:0.000218s ]
SQL: SHOW COLUMNS FROM `admin_auth_rule` [ RunTime:0.0189s ]
SQL: SELECT `id`,`title`,`pid` FROM `admin_auth_rule` WHERE `id` IN ('46','47','48','49','50','52','53')  [ RunTime:0.0038s ]
INFO: [ view_parse ] --START--
INFO: [ template_filter ] --START--
INFO: Run Behavior\ContentReplaceBehavior [ RunTime:0.000135s ]
INFO: [ template_filter ] --END-- [ RunTime:-0.049045s ]
INFO: Run Behavior\ParseTemplateBehavior [ RunTime:0.021436s ]
INFO: [ view_parse ] --END-- [ RunTime:0.021603s ]
INFO: [ view_filter ] --START--
INFO: Run Behavior\WriteHtmlCacheBehavior [ RunTime:0.001275s ]
INFO: [ view_filter ] --END-- [ RunTime:0.001396s ]
SQL: SHOW COLUMNS FROM `activity` [ RunTime:0.0283s ]
SQL: SELECT `slogan`,`linkurl`,`filepath` FROM `activity` WHERE ( is_valid = 'y' ) ORDER BY priority DESC  [ RunTime:0.0065s ]
SQL: SELECT a.id,a.title,a.readcounts,b.user_name as nickname,c.title as catename FROM article a LEFT JOIN admin_user b ON a.uid = b.id LEFT JOIN admin_auth_rule c ON a.cid = c.id  WHERE ( is_valid = 'y' ) ORDER BY a.readcounts DESC LIMIT 10   [ RunTime:0.0039s ]
SQL: select a.id,a.tagname,a.createtime,count(b.tid) as count,c.nick_name as nickname from tag a left join article_tag_relate b on a.id = b.tid left join admin_user c on a.uid = c.id  group by id order by count desc [ RunTime:0.0041s ]
INFO: [ view_parse ] --START--
INFO: [ template_filter ] --START--
INFO: Run Behavior\ContentReplaceBehavior [ RunTime:0.000078s ]
INFO: [ template_filter ] --END-- [ RunTime:-0.113853s ]
INFO: Run Behavior\ParseTemplateBehavior [ RunTime:0.014377s ]
INFO: [ view_parse ] --END-- [ RunTime:-0.050183s ]
INFO: [ view_filter ] --START--
INFO: Run Behavior\WriteHtmlCacheBehavior [ RunTime:0.000041s ]
INFO: [ view_filter ] --END-- [ RunTime:-0.063334s ]
SQL: SHOW COLUMNS FROM `links` [ RunTime:0.0212s ]
SQL: SELECT `linkname`,`linkurl` FROM `links` WHERE ( is_valid = 'y' ) ORDER BY createtime DESC LIMIT 5   [ RunTime:0.0038s ]
INFO: [ view_parse ] --START--
INFO: [ template_filter ] --START--
INFO: Run Behavior\ContentReplaceBehavior [ RunTime:0.000179s ]
INFO: [ template_filter ] --END-- [ RunTime:-0.154241s ]
INFO: Run Behavior\ParseTemplateBehavior [ RunTime:0.011870s ]
INFO: [ view_parse ] --END-- [ RunTime:-0.092691s ]
INFO: [ view_filter ] --START--
INFO: Run Behavior\WriteHtmlCacheBehavior [ RunTime:0.000028s ]
INFO: [ view_filter ] --END-- [ RunTime:-0.103297s ]
INFO: Run Behavior\ParseTemplateBehavior [ RunTime:0.012177s ]
INFO: [ view_parse ] --END-- [ RunTime:-0.092691s ]
INFO: [ view_filter ] --START--
INFO: Run Behavior\WriteHtmlCacheBehavior [ RunTime:0.000018s ]
INFO: [ view_filter ] --END-- [ RunTime:-0.103555s ]
INFO: [ app_end ] --START--
INFO: Run Behavior\ShowPageTraceBehavior [ RunTime:0.001654s ]
INFO: [ app_end ] --END-- [ RunTime:0.001756s ]

[ 2017-05-11T22:38:22+08:00 ] ::1 /Blog/index.php/Home/Index/detail/id/32.html
INFO: [ app_init ] --START--
INFO: Run Behavior\BuildLiteBehavior [ RunTime:0.000028s ]
INFO: [ app_init ] --END-- [ RunTime:0.000893s ]
INFO: [ app_begin ] --START--
INFO: Run Behavior\ReadHtmlCacheBehavior [ RunTime:0.001436s ]
INFO: [ app_begin ] --END-- [ RunTime:0.001554s ]
SQL: SHOW COLUMNS FROM `article` [ RunTime:0.0209s ]
SQL: SELECT a.*,b.user_name as nickname,c.title as catename FROM article a LEFT JOIN admin_user b ON a.uid = b.id LEFT JOIN admin_auth_rule c ON a.cid = c.id  WHERE ( is_valid = 'y' and a.id =32 ) LIMIT 1   [ RunTime:0.0041s ]
SQL: select tagname from article_tag_relate a left join tag b on a.tid = b.id where a.aid = 32 [ RunTime:0.0043s ]
SQL: SHOW COLUMNS FROM `article` [ RunTime:0.0166s ]
SQL: UPDATE `article` SET `readcounts`='7' WHERE ( id =32 ) [ RunTime:0.0757s ]
SQL: SHOW COLUMNS FROM `guest` [ RunTime:0.0176s ]
SQL: INSERT INTO `guest` (`ip_address`,`addtime`,`record_id`) VALUES ('::1','1494513501','32') [ RunTime:0.0370s ]
INFO: [ view_parse ] --START--
INFO: [ template_filter ] --START--
INFO: Run Behavior\ContentReplaceBehavior [ RunTime:0.000092s ]
INFO: [ template_filter ] --END-- [ RunTime:0.000200s ]
SQL: SHOW COLUMNS FROM `admin_auth_rule` [ RunTime:0.0179s ]
SQL: SELECT `id`,`title`,`pid` FROM `admin_auth_rule` WHERE `id` IN ('46','47','48','49','50','52','53')  [ RunTime:0.0038s ]
INFO: [ view_parse ] --START--
INFO: [ template_filter ] --START--
INFO: Run Behavior\ContentReplaceBehavior [ RunTime:0.000150s ]
INFO: [ template_filter ] --END-- [ RunTime:-0.050025s ]
NOTIC: [8] Undefined variable: title D:\xampp\htdocs\Blog\Application\Runtime\Cache\Home\7e30c6d006f20aae9e38db98723a6055.php 第 4 行.
INFO: Run Behavior\ParseTemplateBehavior [ RunTime:0.014641s ]
INFO: [ view_parse ] --END-- [ RunTime:0.014788s ]
INFO: [ view_filter ] --START--
INFO: Run Behavior\WriteHtmlCacheBehavior [ RunTime:0.000759s ]
INFO: [ view_filter ] --END-- [ RunTime:0.000886s ]
SQL: SHOW COLUMNS FROM `activity` [ RunTime:0.0210s ]
SQL: SELECT `slogan`,`linkurl`,`filepath` FROM `activity` WHERE ( is_valid = 'y' ) ORDER BY priority DESC  [ RunTime:0.0049s ]
SQL: SELECT a.id,a.title,a.readcounts,b.user_name as nickname,c.title as catename FROM article a LEFT JOIN admin_user b ON a.uid = b.id LEFT JOIN admin_auth_rule c ON a.cid = c.id  WHERE ( is_valid = 'y' ) ORDER BY a.readcounts DESC LIMIT 10   [ RunTime:0.0051s ]
SQL: select a.id,a.tagname,a.createtime,count(b.tid) as count,c.nick_name as nickname from tag a left join article_tag_relate b on a.id = b.tid left join admin_user c on a.uid = c.id  group by id order by count desc [ RunTime:0.0089s ]
INFO: [ view_parse ] --START--
INFO: [ template_filter ] --START--
INFO: Run Behavior\ContentReplaceBehavior [ RunTime:0.000167s ]
INFO: [ template_filter ] --END-- [ RunTime:-0.109796s ]
INFO: Run Behavior\ParseTemplateBehavior [ RunTime:0.016549s ]
INFO: [ view_parse ] --END-- [ RunTime:-0.044475s ]
INFO: [ view_filter ] --START--
INFO: Run Behavior\WriteHtmlCacheBehavior [ RunTime:0.000036s ]
INFO: [ view_filter ] --END-- [ RunTime:-0.060321s ]
SQL: SHOW COLUMNS FROM `links` [ RunTime:0.0185s ]
SQL: SELECT `linkname`,`linkurl` FROM `links` WHERE ( is_valid = 'y' ) ORDER BY createtime DESC LIMIT 5   [ RunTime:0.0045s ]
INFO: [ view_parse ] --START--
INFO: [ template_filter ] --START--
INFO: Run Behavior\ContentReplaceBehavior [ RunTime:0.000080s ]
INFO: [ template_filter ] --END-- [ RunTime:-0.148164s ]
INFO: Run Behavior\ParseTemplateBehavior [ RunTime:0.009821s ]
INFO: [ view_parse ] --END-- [ RunTime:-0.086793s ]
INFO: [ view_filter ] --START--
INFO: Run Behavior\WriteHtmlCacheBehavior [ RunTime:0.000025s ]
INFO: [ view_filter ] --END-- [ RunTime:-0.095866s ]
INFO: Run Behavior\ParseTemplateBehavior [ RunTime:0.010143s ]
INFO: [ view_parse ] --END-- [ RunTime:-0.086793s ]
INFO: [ view_filter ] --START--
INFO: Run Behavior\WriteHtmlCacheBehavior [ RunTime:0.000019s ]
INFO: [ view_filter ] --END-- [ RunTime:-0.096145s ]
INFO: [ app_end ] --START--
INFO: Run Behavior\ShowPageTraceBehavior [ RunTime:0.001123s ]
INFO: [ app_end ] --END-- [ RunTime:0.001206s ]

[ 2017-05-11T22:38:32+08:00 ] ::1 /Blog/index.php/Home/Index/detail/id/32.html
INFO: [ app_init ] --START--
INFO: Run Behavior\BuildLiteBehavior [ RunTime:0.000045s ]
INFO: [ app_init ] --END-- [ RunTime:0.001329s ]
INFO: [ app_begin ] --START--
INFO: Run Behavior\ReadHtmlCacheBehavior [ RunTime:0.002130s ]
INFO: [ app_begin ] --END-- [ RunTime:0.002313s ]
SQL: SHOW COLUMNS FROM `article` [ RunTime:0.0143s ]
SQL: SELECT a.*,b.user_name as nickname,c.title as catename FROM article a LEFT JOIN admin_user b ON a.uid = b.id LEFT JOIN admin_auth_rule c ON a.cid = c.id  WHERE ( is_valid = 'y' and a.id =32 ) LIMIT 1   [ RunTime:0.0013s ]
SQL: select tagname from article_tag_relate a left join tag b on a.tid = b.id where a.aid = 32 [ RunTime:0.0009s ]
SQL: SHOW COLUMNS FROM `article` [ RunTime:0.0134s ]
SQL: UPDATE `article` SET `readcounts`='8' WHERE ( id =32 ) [ RunTime:0.1519s ]
SQL: SHOW COLUMNS FROM `guest` [ RunTime:0.0138s ]
SQL: INSERT INTO `guest` (`ip_address`,`addtime`,`record_id`) VALUES ('::1','1494513512','32') [ RunTime:0.1738s ]
INFO: [ view_parse ] --START--
INFO: [ template_filter ] --START--
INFO: Run Behavior\ContentReplaceBehavior [ RunTime:0.000085s ]
INFO: [ template_filter ] --END-- [ RunTime:0.000192s ]
SQL: SHOW COLUMNS FROM `admin_auth_rule` [ RunTime:0.0131s ]
SQL: SELECT `id`,`title`,`pid` FROM `admin_auth_rule` WHERE `id` IN ('46','47','48','49','50','52','53')  [ RunTime:0.0013s ]
INFO: [ view_parse ] --START--
INFO: [ template_filter ] --START--
INFO: Run Behavior\ContentReplaceBehavior [ RunTime:0.000098s ]
INFO: [ template_filter ] --END-- [ RunTime:-0.032478s ]
NOTIC: [8] Undefined variable: title D:\xampp\htdocs\Blog\Application\Runtime\Cache\Home\7e30c6d006f20aae9e38db98723a6055.php 第 4 行.
INFO: Run Behavior\ParseTemplateBehavior [ RunTime:0.015341s ]
INFO: [ view_parse ] --END-- [ RunTime:0.015489s ]
INFO: [ view_filter ] --START--
INFO: Run Behavior\WriteHtmlCacheBehavior [ RunTime:0.000640s ]
INFO: [ view_filter ] --END-- [ RunTime:0.000720s ]
SQL: SHOW COLUMNS FROM `activity` [ RunTime:0.0130s ]
SQL: SELECT `slogan`,`linkurl`,`filepath` FROM `activity` WHERE ( is_valid = 'y' ) ORDER BY priority DESC  [ RunTime:0.0016s ]
SQL: SELECT a.id,a.title,a.readcounts,b.user_name as nickname,c.title as catename FROM article a LEFT JOIN admin_user b ON a.uid = b.id LEFT JOIN admin_auth_rule c ON a.cid = c.id  WHERE ( is_valid = 'y' ) ORDER BY a.readcounts DESC LIMIT 10   [ RunTime:0.0018s ]
SQL: select a.id,a.tagname,a.createtime,count(b.tid) as count,c.nick_name as nickname from tag a left join article_tag_relate b on a.id = b.tid left join admin_user c on a.uid = c.id  group by id order by count desc [ RunTime:0.0017s ]
INFO: [ view_parse ] --START--
INFO: [ template_filter ] --START--
INFO: Run Behavior\ContentReplaceBehavior [ RunTime:0.000081s ]
INFO: [ template_filter ] --END-- [ RunTime:-0.066311s ]
INFO: Run Behavior\ParseTemplateBehavior [ RunTime:0.012784s ]
INFO: [ view_parse ] --END-- [ RunTime:-0.022170s ]
INFO: [ view_filter ] --START--
INFO: Run Behavior\WriteHtmlCacheBehavior [ RunTime:0.000039s ]
INFO: [ view_filter ] --END-- [ RunTime:-0.034403s ]
SQL: SHOW COLUMNS FROM `links` [ RunTime:0.0145s ]
SQL: SELECT `linkname`,`linkurl` FROM `links` WHERE ( is_valid = 'y' ) ORDER BY createtime DESC LIMIT 5   [ RunTime:0.0014s ]
INFO: [ view_parse ] --START--
INFO: [ template_filter ] --START--
INFO: Run Behavior\ContentReplaceBehavior [ RunTime:0.000076s ]
INFO: [ template_filter ] --END-- [ RunTime:-0.094908s ]
INFO: Run Behavior\ParseTemplateBehavior [ RunTime:0.007315s ]
INFO: [ view_parse ] --END-- [ RunTime:-0.053158s ]
INFO: [ view_filter ] --START--
INFO: Run Behavior\WriteHtmlCacheBehavior [ RunTime:0.000026s ]
INFO: [ view_filter ] --END-- [ RunTime:-0.059867s ]
INFO: Run Behavior\ParseTemplateBehavior [ RunTime:0.007610s ]
INFO: [ view_parse ] --END-- [ RunTime:-0.053158s ]
INFO: [ view_filter ] --START--
INFO: Run Behavior\WriteHtmlCacheBehavior [ RunTime:0.000019s ]
INFO: [ view_filter ] --END-- [ RunTime:-0.060143s ]
INFO: [ app_end ] --START--
INFO: Run Behavior\ShowPageTraceBehavior [ RunTime:0.001120s ]
INFO: [ app_end ] --END-- [ RunTime:0.001201s ]

[ 2017-05-11T22:38:36+08:00 ] ::1 /Blog/index.php/Home/Index/index.html
INFO: [ app_init ] --START--
INFO: Run Behavior\BuildLiteBehavior [ RunTime:0.000047s ]
INFO: [ app_init ] --END-- [ RunTime:0.001410s ]
INFO: [ app_begin ] --START--
INFO: Run Behavior\ReadHtmlCacheBehavior [ RunTime:0.001772s ]
INFO: [ app_begin ] --END-- [ RunTime:0.001955s ]
SQL: SHOW COLUMNS FROM `article` [ RunTime:0.0213s ]
SQL: SELECT COUNT(*) AS tp_count FROM `article` WHERE ( is_valid = 'y' ) LIMIT 1   [ RunTime:0.0011s ]
SQL: SHOW COLUMNS FROM `article` [ RunTime:0.0209s ]
SQL: SELECT a.*,b.user_name as nickname,c.title as catename FROM article a LEFT JOIN admin_user b ON a.uid = b.id LEFT JOIN admin_auth_rule c ON a.cid = c.id  WHERE ( is_valid = 'y' ) ORDER BY a.createtime DESC LIMIT 0,5   [ RunTime:0.0030s ]
INFO: [ view_parse ] --START--
INFO: [ template_filter ] --START--
INFO: Run Behavior\ContentReplaceBehavior [ RunTime:0.000151s ]
INFO: [ template_filter ] --END-- [ RunTime:0.000325s ]
SQL: SHOW COLUMNS FROM `admin_auth_rule` [ RunTime:0.0170s ]
SQL: SELECT `id`,`title`,`pid` FROM `admin_auth_rule` WHERE `id` IN ('46','47','48','49','50','52','53')  [ RunTime:0.0012s ]
INFO: [ view_parse ] --START--
INFO: [ template_filter ] --START--
INFO: Run Behavior\ContentReplaceBehavior [ RunTime:0.000098s ]
INFO: [ template_filter ] --END-- [ RunTime:-0.038349s ]
INFO: Run Behavior\ParseTemplateBehavior [ RunTime:0.014428s ]
INFO: [ view_parse ] --END-- [ RunTime:0.014563s ]
INFO: [ view_filter ] --START--
INFO: Run Behavior\WriteHtmlCacheBehavior [ RunTime:0.000755s ]
INFO: [ view_filter ] --END-- [ RunTime:0.000856s ]
SQL: SHOW COLUMNS FROM `activity` [ RunTime:0.0126s ]
SQL: SELECT `slogan`,`linkurl`,`filepath` FROM `activity` WHERE ( is_valid = 'y' ) ORDER BY priority DESC  [ RunTime:0.0014s ]
SQL: SELECT a.id,a.title,a.readcounts,b.user_name as nickname,c.title as catename FROM article a LEFT JOIN admin_user b ON a.uid = b.id LEFT JOIN admin_auth_rule c ON a.cid = c.id  WHERE ( is_valid = 'y' ) ORDER BY a.readcounts DESC LIMIT 10   [ RunTime:0.0034s ]
SQL: select a.id,a.tagname,a.createtime,count(b.tid) as count,c.nick_name as nickname from tag a left join article_tag_relate b on a.id = b.tid left join admin_user c on a.uid = c.id  group by id order by count desc [ RunTime:0.0012s ]
INFO: [ view_parse ] --START--
INFO: [ template_filter ] --START--
INFO: Run Behavior\ContentReplaceBehavior [ RunTime:0.000079s ]
INFO: [ template_filter ] --END-- [ RunTime:-0.072575s ]
INFO: Run Behavior\ParseTemplateBehavior [ RunTime:0.011057s ]
INFO: [ view_parse ] --END-- [ RunTime:-0.023667s ]
INFO: [ view_filter ] --START--
INFO: Run Behavior\WriteHtmlCacheBehavior [ RunTime:0.000025s ]
INFO: [ view_filter ] --END-- [ RunTime:-0.033944s ]
SQL: SHOW COLUMNS FROM `links` [ RunTime:0.0183s ]
SQL: SELECT `linkname`,`linkurl` FROM `links` WHERE ( is_valid = 'y' ) ORDER BY createtime DESC LIMIT 5   [ RunTime:0.0021s ]
INFO: [ view_parse ] --START--
INFO: [ template_filter ] --START--
INFO: Run Behavior\ContentReplaceBehavior [ RunTime:0.000077s ]
INFO: [ template_filter ] --END-- [ RunTime:-0.105040s ]
INFO: Run Behavior\ParseTemplateBehavior [ RunTime:0.007707s ]
INFO: [ view_parse ] --END-- [ RunTime:-0.057365s ]
INFO: [ view_filter ] --START--
INFO: Run Behavior\WriteHtmlCacheBehavior [ RunTime:0.000040s ]
INFO: [ view_filter ] --END-- [ RunTime:-0.064351s ]
INFO: Run Behavior\ParseTemplateBehavior [ RunTime:0.008180s ]
INFO: [ view_parse ] --END-- [ RunTime:-0.057365s ]
INFO: [ view_filter ] --START--
INFO: Run Behavior\WriteHtmlCacheBehavior [ RunTime:0.000035s ]
INFO: [ view_filter ] --END-- [ RunTime:-0.064834s ]
INFO: [ app_end ] --START--
INFO: Run Behavior\ShowPageTraceBehavior [ RunTime:0.001525s ]
INFO: [ app_end ] --END-- [ RunTime:0.001663s ]

[ 2017-05-11T22:41:35+08:00 ] ::1 /Blog/index.php/Home/Index/index.html
INFO: [ app_init ] --START--
INFO: Run Behavior\BuildLiteBehavior [ RunTime:0.000041s ]
INFO: [ app_init ] --END-- [ RunTime:0.001371s ]
INFO: [ app_begin ] --START--
INFO: Run Behavior\ReadHtmlCacheBehavior [ RunTime:0.003094s ]
INFO: [ app_begin ] --END-- [ RunTime:0.003281s ]
SQL: SHOW COLUMNS FROM `article` [ RunTime:0.0222s ]
SQL: SELECT COUNT(*) AS tp_count FROM `article` WHERE ( is_valid = 'y' ) LIMIT 1   [ RunTime:0.0030s ]
SQL: SHOW COLUMNS FROM `article` [ RunTime:0.0152s ]
SQL: SELECT a.*,b.user_name as nickname,c.title as catename FROM article a LEFT JOIN admin_user b ON a.uid = b.id LEFT JOIN admin_auth_rule c ON a.cid = c.id  WHERE ( is_valid = 'y' ) ORDER BY a.createtime DESC LIMIT 0,5   [ RunTime:0.0061s ]
INFO: [ view_parse ] --START--
INFO: [ template_filter ] --START--
INFO: Run Behavior\ContentReplaceBehavior [ RunTime:0.000103s ]
INFO: [ template_filter ] --END-- [ RunTime:0.000213s ]
SQL: SHOW COLUMNS FROM `admin_auth_rule` [ RunTime:0.0194s ]
SQL: SELECT `id`,`title`,`pid` FROM `admin_auth_rule` WHERE `id` IN ('46','47','48','49','50','52','53')  [ RunTime:0.0039s ]
INFO: [ view_parse ] --START--
INFO: [ template_filter ] --START--
INFO: Run Behavior\ContentReplaceBehavior [ RunTime:0.000151s ]
INFO: [ template_filter ] --END-- [ RunTime:-0.047405s ]
INFO: Run Behavior\ParseTemplateBehavior [ RunTime:0.021820s ]
INFO: [ view_parse ] --END-- [ RunTime:0.022013s ]
INFO: [ view_filter ] --START--
INFO: Run Behavior\WriteHtmlCacheBehavior [ RunTime:0.001750s ]
INFO: [ view_filter ] --END-- [ RunTime:0.001905s ]
SQL: SHOW COLUMNS FROM `activity` [ RunTime:0.0165s ]
SQL: SELECT `slogan`,`linkurl`,`filepath` FROM `activity` WHERE ( is_valid = 'y' ) ORDER BY priority DESC  [ RunTime:0.0036s ]
SQL: SELECT a.id,a.title,a.readcounts,b.user_name as nickname,c.title as catename FROM article a LEFT JOIN admin_user b ON a.uid = b.id LEFT JOIN admin_auth_rule c ON a.cid = c.id  WHERE ( is_valid = 'y' ) ORDER BY a.readcounts DESC LIMIT 10   [ RunTime:0.0048s ]
SQL: select a.id,a.tagname,a.createtime,count(b.tid) as count,c.nick_name as nickname from tag a left join article_tag_relate b on a.id = b.tid left join admin_user c on a.uid = c.id  group by id order by count desc [ RunTime:0.0029s ]
INFO: [ view_parse ] --START--
INFO: [ template_filter ] --START--
INFO: Run Behavior\ContentReplaceBehavior [ RunTime:0.000115s ]
INFO: [ template_filter ] --END-- [ RunTime:-0.097377s ]
INFO: Run Behavior\ParseTemplateBehavior [ RunTime:0.011655s ]
INFO: [ view_parse ] --END-- [ RunTime:-0.035481s ]
INFO: [ view_filter ] --START--
INFO: Run Behavior\WriteHtmlCacheBehavior [ RunTime:0.000037s ]
INFO: [ view_filter ] --END-- [ RunTime:-0.045358s ]
SQL: SHOW COLUMNS FROM `links` [ RunTime:0.0160s ]
SQL: SELECT `linkname`,`linkurl` FROM `links` WHERE ( is_valid = 'y' ) ORDER BY createtime DESC LIMIT 5   [ RunTime:0.0034s ]
INFO: [ view_parse ] --START--
INFO: [ template_filter ] --START--
INFO: Run Behavior\ContentReplaceBehavior [ RunTime:0.000118s ]
INFO: [ template_filter ] --END-- [ RunTime:-0.131598s ]
INFO: Run Behavior\ParseTemplateBehavior [ RunTime:0.012068s ]
INFO: [ view_parse ] --END-- [ RunTime:-0.069067s ]
INFO: [ view_filter ] --START--
INFO: Run Behavior\WriteHtmlCacheBehavior [ RunTime:0.000041s ]
INFO: [ view_filter ] --END-- [ RunTime:-0.079387s ]
INFO: Run Behavior\ParseTemplateBehavior [ RunTime:0.012558s ]
INFO: [ view_parse ] --END-- [ RunTime:-0.069067s ]
INFO: [ view_filter ] --START--
INFO: Run Behavior\WriteHtmlCacheBehavior [ RunTime:0.000033s ]
INFO: [ view_filter ] --END-- [ RunTime:-0.079824s ]
INFO: [ app_end ] --START--
INFO: Run Behavior\ShowPageTraceBehavior [ RunTime:0.004147s ]
INFO: [ app_end ] --END-- [ RunTime:0.004328s ]

[ 2017-05-11T22:41:37+08:00 ] ::1 /Blog/index.php/Home/Index/getActivityList
INFO: [ app_init ] --START--
INFO: Run Behavior\BuildLiteBehavior [ RunTime:0.000047s ]
INFO: [ app_init ] --END-- [ RunTime:0.001451s ]
INFO: [ app_begin ] --START--
INFO: Run Behavior\ReadHtmlCacheBehavior [ RunTime:0.001744s ]
INFO: [ app_begin ] --END-- [ RunTime:0.001920s ]
SQL: SHOW COLUMNS FROM `activity` [ RunTime:0.0371s ]
SQL: SELECT `id`,`uid`,`slogan`,`linkurl`,`filepath` FROM `activity` WHERE ( is_valid = 'y' ) ORDER BY createtime DESC LIMIT 5   [ RunTime:0.0045s ]

[ 2017-05-11T22:41:38+08:00 ] ::1 /Blog/index.php/Home/Index/search/?keyword=123
INFO: [ app_init ] --START--
INFO: Run Behavior\BuildLiteBehavior [ RunTime:0.000029s ]
INFO: [ app_init ] --END-- [ RunTime:0.001113s ]
INFO: [ app_begin ] --START--
INFO: Run Behavior\ReadHtmlCacheBehavior [ RunTime:0.001772s ]
INFO: [ app_begin ] --END-- [ RunTime:0.001903s ]
SQL: SHOW COLUMNS FROM `article` [ RunTime:0.0160s ]
SQL: SELECT COUNT(*) AS tp_count FROM article a WHERE (a.title LIKE '%123%' OR a.title LIKE '%123') LIMIT 1   [ RunTime:0.0020s ]
SQL: SELECT a.*,b.user_name as nickname,c.title as catename FROM article a LEFT JOIN admin_user b ON a.uid = b.id LEFT JOIN admin_auth_rule c ON a.cid = c.id  WHERE (a.title LIKE '%123%' OR a.title LIKE '%123') ORDER BY a.createtime DESC,a.readcounts DESC LIMIT 0,5   [ RunTime:0.0030s ]

[ 2017-05-11T22:41:44+08:00 ] ::1 /Blog/index.php/Home/Index/search/?keyword=test
INFO: [ app_init ] --START--
INFO: Run Behavior\BuildLiteBehavior [ RunTime:0.000042s ]
INFO: [ app_init ] --END-- [ RunTime:0.001288s ]
INFO: [ app_begin ] --START--
INFO: Run Behavior\ReadHtmlCacheBehavior [ RunTime:0.001715s ]
INFO: [ app_begin ] --END-- [ RunTime:0.001864s ]
SQL: SHOW COLUMNS FROM `article` [ RunTime:0.0144s ]
SQL: SELECT COUNT(*) AS tp_count FROM article a WHERE (a.title LIKE '%test%' OR a.title LIKE '%test') LIMIT 1   [ RunTime:0.0025s ]
SQL: SELECT a.*,b.user_name as nickname,c.title as catename FROM article a LEFT JOIN admin_user b ON a.uid = b.id LEFT JOIN admin_auth_rule c ON a.cid = c.id  WHERE (a.title LIKE '%test%' OR a.title LIKE '%test') ORDER BY a.createtime DESC,a.readcounts DESC LIMIT 0,5   [ RunTime:0.0036s ]

[ 2017-05-11T22:41:44+08:00 ] ::1 /Blog/index.php/Home/Index/search/keyword/test
INFO: [ app_init ] --START--
INFO: Run Behavior\BuildLiteBehavior [ RunTime:0.000028s ]
INFO: [ app_init ] --END-- [ RunTime:0.000897s ]
INFO: [ app_begin ] --START--
INFO: Run Behavior\ReadHtmlCacheBehavior [ RunTime:0.001310s ]
INFO: [ app_begin ] --END-- [ RunTime:0.001437s ]
SQL: SHOW COLUMNS FROM `article` [ RunTime:0.0168s ]
SQL: SELECT COUNT(*) AS tp_count FROM article a WHERE (a.title LIKE '%test%' OR a.title LIKE '%test') LIMIT 1   [ RunTime:0.0025s ]
SQL: SELECT a.*,b.user_name as nickname,c.title as catename FROM article a LEFT JOIN admin_user b ON a.uid = b.id LEFT JOIN admin_auth_rule c ON a.cid = c.id  WHERE (a.title LIKE '%test%' OR a.title LIKE '%test') ORDER BY a.createtime DESC,a.readcounts DESC LIMIT 0,5   [ RunTime:0.0042s ]
INFO: [ view_parse ] --START--
INFO: [ template_filter ] --START--
INFO: Run Behavior\ContentReplaceBehavior [ RunTime:0.000155s ]
INFO: [ template_filter ] --END-- [ RunTime:0.000330s ]
SQL: SHOW COLUMNS FROM `admin_auth_rule` [ RunTime:0.0145s ]
SQL: SELECT `id`,`title`,`pid` FROM `admin_auth_rule` WHERE `id` IN ('46','47','48','49','50','52','53')  [ RunTime:0.0033s ]
INFO: [ view_parse ] --START--
INFO: [ template_filter ] --START--
INFO: Run Behavior\ContentReplaceBehavior [ RunTime:0.000148s ]
INFO: [ template_filter ] --END-- [ RunTime:-0.038176s ]
NOTIC: [8] Undefined variable: title D:\xampp\htdocs\Blog\Application\Runtime\Cache\Home\7e30c6d006f20aae9e38db98723a6055.php 第 4 行.
INFO: Run Behavior\ParseTemplateBehavior [ RunTime:0.018748s ]
INFO: [ view_parse ] --END-- [ RunTime:0.018921s ]
INFO: [ view_filter ] --START--
INFO: Run Behavior\WriteHtmlCacheBehavior [ RunTime:0.001710s ]
INFO: [ view_filter ] --END-- [ RunTime:0.001826s ]
SQL: SHOW COLUMNS FROM `activity` [ RunTime:0.0175s ]
SQL: SELECT `slogan`,`linkurl`,`filepath` FROM `activity` WHERE ( is_valid = 'y' ) ORDER BY priority DESC  [ RunTime:0.0030s ]
SQL: SELECT a.id,a.title,a.readcounts,b.user_name as nickname,c.title as catename FROM article a LEFT JOIN admin_user b ON a.uid = b.id LEFT JOIN admin_auth_rule c ON a.cid = c.id  WHERE ( is_valid = 'y' ) ORDER BY a.readcounts DESC LIMIT 10   [ RunTime:0.0046s ]
SQL: select a.id,a.tagname,a.createtime,count(b.tid) as count,c.nick_name as nickname from tag a left join article_tag_relate b on a.id = b.tid left join admin_user c on a.uid = c.id  group by id order by count desc [ RunTime:0.0029s ]
INFO: [ view_parse ] --START--
INFO: [ template_filter ] --START--
INFO: Run Behavior\ContentReplaceBehavior [ RunTime:0.000079s ]
INFO: [ template_filter ] --END-- [ RunTime:-0.085543s ]
INFO: Run Behavior\ParseTemplateBehavior [ RunTime:0.011161s ]
INFO: [ view_parse ] --END-- [ RunTime:-0.034286s ]
INFO: [ view_filter ] --START--
INFO: Run Behavior\WriteHtmlCacheBehavior [ RunTime:0.000025s ]
INFO: [ view_filter ] --END-- [ RunTime:-0.043712s ]
SQL: SHOW COLUMNS FROM `links` [ RunTime:0.0147s ]
SQL: SELECT `linkname`,`linkurl` FROM `links` WHERE ( is_valid = 'y' ) ORDER BY createtime DESC LIMIT 5   [ RunTime:0.0033s ]
INFO: [ view_parse ] --START--
INFO: [ template_filter ] --START--
INFO: Run Behavior\ContentReplaceBehavior [ RunTime:0.000079s ]
INFO: [ template_filter ] --END-- [ RunTime:-0.116176s ]
INFO: Run Behavior\ParseTemplateBehavior [ RunTime:0.010029s ]
INFO: [ view_parse ] --END-- [ RunTime:-0.065590s ]
INFO: [ view_filter ] --START--
INFO: Run Behavior\WriteHtmlCacheBehavior [ RunTime:0.000027s ]
INFO: [ view_filter ] --END-- [ RunTime:-0.073977s ]
INFO: Run Behavior\ParseTemplateBehavior [ RunTime:0.010333s ]
INFO: [ view_parse ] --END-- [ RunTime:-0.065590s ]
INFO: [ view_filter ] --START--
INFO: Run Behavior\WriteHtmlCacheBehavior [ RunTime:0.000020s ]
INFO: [ view_filter ] --END-- [ RunTime:-0.074234s ]
INFO: [ app_end ] --START--
INFO: Run Behavior\ShowPageTraceBehavior [ RunTime:0.002922s ]
INFO: [ app_end ] --END-- [ RunTime:0.003107s ]

[ 2017-05-11T22:41:45+08:00 ] ::1 /Blog/index.php/Home/Index/getActivityList
INFO: [ app_init ] --START--
INFO: Run Behavior\BuildLiteBehavior [ RunTime:0.000050s ]
INFO: [ app_init ] --END-- [ RunTime:0.001815s ]
INFO: [ app_begin ] --START--
INFO: Run Behavior\ReadHtmlCacheBehavior [ RunTime:0.001968s ]
INFO: [ app_begin ] --END-- [ RunTime:0.002132s ]
SQL: SHOW COLUMNS FROM `activity` [ RunTime:0.0322s ]
SQL: SELECT `id`,`uid`,`slogan`,`linkurl`,`filepath` FROM `activity` WHERE ( is_valid = 'y' ) ORDER BY createtime DESC LIMIT 5   [ RunTime:0.0041s ]

[ 2017-05-11T22:41:57+08:00 ] ::1 /Blog/index.php/Home/Index/addMessage
INFO: [ app_init ] --START--
INFO: Run Behavior\BuildLiteBehavior [ RunTime:0.000042s ]
INFO: [ app_init ] --END-- [ RunTime:0.001289s ]
INFO: [ app_begin ] --START--
INFO: Run Behavior\ReadHtmlCacheBehavior [ RunTime:0.001561s ]
INFO: [ app_begin ] --END-- [ RunTime:0.001703s ]
INFO: [ view_parse ] --START--
INFO: [ template_filter ] --START--
INFO: Run Behavior\ContentReplaceBehavior [ RunTime:0.000084s ]
INFO: [ template_filter ] --END-- [ RunTime:0.000193s ]
INFO: Run Behavior\ParseTemplateBehavior [ RunTime:0.037046s ]
INFO: [ view_parse ] --END-- [ RunTime:0.037188s ]
INFO: [ view_filter ] --START--
INFO: Run Behavior\WriteHtmlCacheBehavior [ RunTime:0.001606s ]
INFO: [ view_filter ] --END-- [ RunTime:0.001683s ]
INFO: [ app_end ] --START--
INFO: Run Behavior\ShowPageTraceBehavior [ RunTime:0.001062s ]
INFO: [ app_end ] --END-- [ RunTime:0.001147s ]

[ 2017-05-11T22:42:06+08:00 ] ::1 /Blog/index.php/Home/Index/addMessage.html
INFO: [ app_init ] --START--
INFO: Run Behavior\BuildLiteBehavior [ RunTime:0.000031s ]
INFO: [ app_init ] --END-- [ RunTime:0.001121s ]
INFO: [ app_begin ] --START--
INFO: Run Behavior\ReadHtmlCacheBehavior [ RunTime:0.001773s ]
INFO: [ app_begin ] --END-- [ RunTime:0.001940s ]
SQL: SHOW COLUMNS FROM `message` [ RunTime:0.0614s ]
SQL: INSERT INTO `message` (`contact`,`content`,`addtime`) VALUES ('13750595514','123456
      ','1494513725') [ RunTime:0.0604s ]

[ 2017-05-11T22:42:08+08:00 ] ::1 /Blog/index.php/Home/Index/search/keyword/test
INFO: [ app_init ] --START--
INFO: Run Behavior\BuildLiteBehavior [ RunTime:0.000042s ]
INFO: [ app_init ] --END-- [ RunTime:0.001298s ]
INFO: [ app_begin ] --START--
INFO: Run Behavior\ReadHtmlCacheBehavior [ RunTime:0.002912s ]
INFO: [ app_begin ] --END-- [ RunTime:0.003097s ]
SQL: SHOW COLUMNS FROM `article` [ RunTime:0.0171s ]
SQL: SELECT COUNT(*) AS tp_count FROM article a WHERE (a.title LIKE '%test%' OR a.title LIKE '%test') LIMIT 1   [ RunTime:0.0029s ]
SQL: SELECT a.*,b.user_name as nickname,c.title as catename FROM article a LEFT JOIN admin_user b ON a.uid = b.id LEFT JOIN admin_auth_rule c ON a.cid = c.id  WHERE (a.title LIKE '%test%' OR a.title LIKE '%test') ORDER BY a.createtime DESC,a.readcounts DESC LIMIT 0,5   [ RunTime:0.0056s ]
INFO: [ view_parse ] --START--
INFO: [ template_filter ] --START--
INFO: Run Behavior\ContentReplaceBehavior [ RunTime:0.000133s ]
INFO: [ template_filter ] --END-- [ RunTime:0.000246s ]
SQL: SHOW COLUMNS FROM `admin_auth_rule` [ RunTime:0.0172s ]
SQL: SELECT `id`,`title`,`pid` FROM `admin_auth_rule` WHERE `id` IN ('46','47','48','49','50','52','53')  [ RunTime:0.0034s ]
INFO: [ view_parse ] --START--
INFO: [ template_filter ] --START--
INFO: Run Behavior\ContentReplaceBehavior [ RunTime:0.000120s ]
INFO: [ template_filter ] --END-- [ RunTime:-0.040710s ]
NOTIC: [8] Undefined variable: title D:\xampp\htdocs\Blog\Application\Runtime\Cache\Home\7e30c6d006f20aae9e38db98723a6055.php 第 4 行.
INFO: Run Behavior\ParseTemplateBehavior [ RunTime:0.018797s ]
INFO: [ view_parse ] --END-- [ RunTime:0.018925s ]
INFO: [ view_filter ] --START--
INFO: Run Behavior\WriteHtmlCacheBehavior [ RunTime:0.001535s ]
INFO: [ view_filter ] --END-- [ RunTime:0.001627s ]
SQL: SHOW COLUMNS FROM `activity` [ RunTime:0.0155s ]
SQL: SELECT `slogan`,`linkurl`,`filepath` FROM `activity` WHERE ( is_valid = 'y' ) ORDER BY priority DESC  [ RunTime:0.0032s ]
SQL: SELECT a.id,a.title,a.readcounts,b.user_name as nickname,c.title as catename FROM article a LEFT JOIN admin_user b ON a.uid = b.id LEFT JOIN admin_auth_rule c ON a.cid = c.id  WHERE ( is_valid = 'y' ) ORDER BY a.readcounts DESC LIMIT 10   [ RunTime:0.0040s ]
SQL: select a.id,a.tagname,a.createtime,count(b.tid) as count,c.nick_name as nickname from tag a left join article_tag_relate b on a.id = b.tid left join admin_user c on a.uid = c.id  group by id order by count desc [ RunTime:0.0035s ]
INFO: [ view_parse ] --START--
INFO: [ template_filter ] --START--
INFO: Run Behavior\ContentReplaceBehavior [ RunTime:0.000078s ]
INFO: [ template_filter ] --END-- [ RunTime:-0.086273s ]
INFO: Run Behavior\ParseTemplateBehavior [ RunTime:0.013067s ]
INFO: [ view_parse ] --END-- [ RunTime:-0.032075s ]
INFO: [ view_filter ] --START--
INFO: Run Behavior\WriteHtmlCacheBehavior [ RunTime:0.000039s ]
INFO: [ view_filter ] --END-- [ RunTime:-0.043689s ]
SQL: SHOW COLUMNS FROM `links` [ RunTime:0.0258s ]
SQL: SELECT `linkname`,`linkurl` FROM `links` WHERE ( is_valid = 'y' ) ORDER BY createtime DESC LIMIT 5   [ RunTime:0.0035s ]
INFO: [ view_parse ] --START--
INFO: [ template_filter ] --START--
INFO: Run Behavior\ContentReplaceBehavior [ RunTime:0.000124s ]
INFO: [ template_filter ] --END-- [ RunTime:-0.133264s ]
INFO: Run Behavior\ParseTemplateBehavior [ RunTime:0.012577s ]
INFO: [ view_parse ] --END-- [ RunTime:-0.078288s ]
INFO: [ view_filter ] --START--
INFO: Run Behavior\WriteHtmlCacheBehavior [ RunTime:0.000043s ]
INFO: [ view_filter ] --END-- [ RunTime:-0.089464s ]
INFO: Run Behavior\ParseTemplateBehavior [ RunTime:0.013095s ]
INFO: [ view_parse ] --END-- [ RunTime:-0.078288s ]
INFO: [ view_filter ] --START--
INFO: Run Behavior\WriteHtmlCacheBehavior [ RunTime:0.000038s ]
INFO: [ view_filter ] --END-- [ RunTime:-0.089920s ]
INFO: [ app_end ] --START--
INFO: Run Behavior\ShowPageTraceBehavior [ RunTime:0.001804s ]
INFO: [ app_end ] --END-- [ RunTime:0.001971s ]

[ 2017-05-11T22:42:09+08:00 ] ::1 /Blog/index.php/Home/Index/getActivityList
INFO: [ app_init ] --START--
INFO: Run Behavior\BuildLiteBehavior [ RunTime:0.000048s ]
INFO: [ app_init ] --END-- [ RunTime:0.001996s ]
INFO: [ app_begin ] --START--
INFO: Run Behavior\ReadHtmlCacheBehavior [ RunTime:0.001941s ]
INFO: [ app_begin ] --END-- [ RunTime:0.002117s ]
SQL: SHOW COLUMNS FROM `activity` [ RunTime:0.0237s ]
SQL: SELECT `id`,`uid`,`slogan`,`linkurl`,`filepath` FROM `activity` WHERE ( is_valid = 'y' ) ORDER BY createtime DESC LIMIT 5   [ RunTime:0.0041s ]

[ 2017-05-11T22:45:23+08:00 ] ::1 /Blog/index.php/Home/Index/getActivityList
INFO: [ app_init ] --START--
INFO: Run Behavior\BuildLiteBehavior [ RunTime:0.000048s ]
INFO: [ app_init ] --END-- [ RunTime:0.002594s ]
INFO: [ app_begin ] --START--
INFO: Run Behavior\ReadHtmlCacheBehavior [ RunTime:0.009002s ]
INFO: [ app_begin ] --END-- [ RunTime:0.009329s ]
SQL: SHOW COLUMNS FROM `activity` [ RunTime:0.0320s ]
SQL: SELECT `id`,`uid`,`slogan`,`linkurl`,`filepath` FROM `activity` WHERE ( is_valid = 'y' ) ORDER BY createtime DESC LIMIT 5   [ RunTime:0.0023s ]

[ 2017-05-11T22:45:23+08:00 ] ::1 /Blog/index.php/Home/Index/search/keyword/test
INFO: [ app_init ] --START--
INFO: Run Behavior\BuildLiteBehavior [ RunTime:0.000043s ]
INFO: [ app_init ] --END-- [ RunTime:0.001381s ]
INFO: [ app_begin ] --START--
INFO: Run Behavior\ReadHtmlCacheBehavior [ RunTime:0.001809s ]
INFO: [ app_begin ] --END-- [ RunTime:0.001989s ]
SQL: SHOW COLUMNS FROM `article` [ RunTime:0.0237s ]
SQL: SELECT COUNT(*) AS tp_count FROM article a WHERE (a.title LIKE '%test%' OR a.title LIKE '%test') LIMIT 1   [ RunTime:0.0047s ]
SQL: SELECT a.*,b.user_name as nickname,c.title as catename FROM article a LEFT JOIN admin_user b ON a.uid = b.id LEFT JOIN admin_auth_rule c ON a.cid = c.id  WHERE (a.title LIKE '%test%' OR a.title LIKE '%test') ORDER BY a.createtime DESC,a.readcounts DESC LIMIT 0,5   [ RunTime:0.0038s ]
INFO: [ view_parse ] --START--
INFO: [ template_filter ] --START--
INFO: Run Behavior\ContentReplaceBehavior [ RunTime:0.000174s ]
INFO: [ template_filter ] --END-- [ RunTime:0.000357s ]
SQL: SHOW COLUMNS FROM `admin_auth_rule` [ RunTime:0.0326s ]
SQL: SELECT `id`,`title`,`pid` FROM `admin_auth_rule` WHERE `id` IN ('46','47','48','49','50','52','53')  [ RunTime:0.0049s ]
INFO: [ view_parse ] --START--
INFO: [ template_filter ] --START--
INFO: Run Behavior\ContentReplaceBehavior [ RunTime:0.000240s ]
INFO: [ template_filter ] --END-- [ RunTime:-0.066451s ]
NOTIC: [8] Undefined variable: title D:\xampp\htdocs\Blog\Application\Runtime\Cache\Home\7e30c6d006f20aae9e38db98723a6055.php 第 4 行.
INFO: Run Behavior\ParseTemplateBehavior [ RunTime:0.023018s ]
INFO: [ view_parse ] --END-- [ RunTime:0.023206s ]
INFO: [ view_filter ] --START--
INFO: Run Behavior\WriteHtmlCacheBehavior [ RunTime:0.002319s ]
INFO: [ view_filter ] --END-- [ RunTime:0.002669s ]
SQL: SHOW COLUMNS FROM `activity` [ RunTime:0.0211s ]
SQL: SELECT `slogan`,`linkurl`,`filepath` FROM `activity` WHERE ( is_valid = 'y' ) ORDER BY priority DESC  [ RunTime:0.0027s ]
SQL: SELECT a.id,a.title,a.readcounts,b.user_name as nickname,c.title as catename FROM article a LEFT JOIN admin_user b ON a.uid = b.id LEFT JOIN admin_auth_rule c ON a.cid = c.id  WHERE ( is_valid = 'y' ) ORDER BY a.readcounts DESC LIMIT 10   [ RunTime:0.0026s ]
SQL: select a.id,a.tagname,a.createtime,count(b.tid) as count,c.nick_name as nickname from tag a left join article_tag_relate b on a.id = b.tid left join admin_user c on a.uid = c.id  group by id order by count desc [ RunTime:0.0057s ]
INFO: [ view_parse ] --START--
INFO: [ template_filter ] --START--
INFO: Run Behavior\ContentReplaceBehavior [ RunTime:0.000114s ]
INFO: [ template_filter ] --END-- [ RunTime:-0.124601s ]
INFO: Run Behavior\ParseTemplateBehavior [ RunTime:0.016615s ]
INFO: [ view_parse ] --END-- [ RunTime:-0.041064s ]
INFO: [ view_filter ] --START--
INFO: Run Behavior\WriteHtmlCacheBehavior [ RunTime:0.000041s ]
INFO: [ view_filter ] --END-- [ RunTime:-0.055182s ]
SQL: SHOW COLUMNS FROM `links` [ RunTime:0.0228s ]
SQL: SELECT `linkname`,`linkurl` FROM `links` WHERE ( is_valid = 'y' ) ORDER BY createtime DESC LIMIT 5   [ RunTime:0.0026s ]
INFO: [ view_parse ] --START--
INFO: [ template_filter ] --START--
INFO: Run Behavior\ContentReplaceBehavior [ RunTime:0.000123s ]
INFO: [ template_filter ] --END-- [ RunTime:-0.168014s ]
INFO: Run Behavior\ParseTemplateBehavior [ RunTime:0.013519s ]
INFO: [ view_parse ] --END-- [ RunTime:-0.086277s ]
INFO: [ view_filter ] --START--
INFO: Run Behavior\WriteHtmlCacheBehavior [ RunTime:0.000037s ]
INFO: [ view_filter ] --END-- [ RunTime:-0.097329s ]
INFO: Run Behavior\ParseTemplateBehavior [ RunTime:0.013975s ]
INFO: [ view_parse ] --END-- [ RunTime:-0.086277s ]
INFO: [ view_filter ] --START--
INFO: Run Behavior\WriteHtmlCacheBehavior [ RunTime:0.000028s ]
INFO: [ view_filter ] --END-- [ RunTime:-0.097707s ]
INFO: [ app_end ] --START--
INFO: Run Behavior\ShowPageTraceBehavior [ RunTime:0.002467s ]
INFO: [ app_end ] --END-- [ RunTime:0.002636s ]

[ 2017-05-11T22:45:24+08:00 ] ::1 /Blog/index.php/Home/Index/getActivityList
INFO: [ app_init ] --START--
INFO: Run Behavior\BuildLiteBehavior [ RunTime:0.000051s ]
INFO: [ app_init ] --END-- [ RunTime:0.003791s ]
INFO: [ app_begin ] --START--
INFO: Run Behavior\ReadHtmlCacheBehavior [ RunTime:0.003264s ]
INFO: [ app_begin ] --END-- [ RunTime:0.003440s ]
SQL: SHOW COLUMNS FROM `activity` [ RunTime:0.0248s ]
SQL: SELECT `id`,`uid`,`slogan`,`linkurl`,`filepath` FROM `activity` WHERE ( is_valid = 'y' ) ORDER BY createtime DESC LIMIT 5   [ RunTime:0.0031s ]

[ 2017-05-11T22:45:26+08:00 ] ::1 /Blog/index.php/Home/Index/category/cid/50
INFO: [ app_init ] --START--
INFO: Run Behavior\BuildLiteBehavior [ RunTime:0.000042s ]
INFO: [ app_init ] --END-- [ RunTime:0.001347s ]
INFO: [ app_begin ] --START--
INFO: Run Behavior\ReadHtmlCacheBehavior [ RunTime:0.002473s ]
INFO: [ app_begin ] --END-- [ RunTime:0.002722s ]
SQL: SHOW COLUMNS FROM `admin_auth_rule` [ RunTime:0.0198s ]
SQL: SELECT `id`,`pid`,`title` FROM `admin_auth_rule` WHERE ( id = 50 OR pid =50 )  [ RunTime:0.0045s ]
SQL: SHOW COLUMNS FROM `article` [ RunTime:0.0274s ]
SQL: SELECT COUNT(*) AS tp_count FROM `article` WHERE `cid` IN ('50') LIMIT 1   [ RunTime:0.0027s ]
SQL: SHOW COLUMNS FROM `article` [ RunTime:0.0202s ]
SQL: SELECT a.*,b.user_name as nickname,c.title as catename FROM article a LEFT JOIN admin_user b ON a.uid = b.id LEFT JOIN admin_auth_rule c ON a.cid = c.id  WHERE `cid` IN ('50') ORDER BY a.createtime DESC,a.readcounts DESC LIMIT 0,10   [ RunTime:0.0022s ]
ERR: 模板不存在:./Application/Home/View/./Application/Admin/message.html.html

[ 2017-05-11T22:46:57+08:00 ] ::1 /Blog/index.php/Home/Index/getActivityList
INFO: [ app_init ] --START--
INFO: Run Behavior\BuildLiteBehavior [ RunTime:0.000046s ]
INFO: [ app_init ] --END-- [ RunTime:0.002091s ]
INFO: [ app_begin ] --START--
INFO: Run Behavior\ReadHtmlCacheBehavior [ RunTime:0.003104s ]
INFO: [ app_begin ] --END-- [ RunTime:0.003288s ]
SQL: SHOW COLUMNS FROM `activity` [ RunTime:0.0258s ]
SQL: SELECT `id`,`uid`,`slogan`,`linkurl`,`filepath` FROM `activity` WHERE ( is_valid = 'y' ) ORDER BY createtime DESC LIMIT 5   [ RunTime:0.0056s ]

[ 2017-05-11T22:46:58+08:00 ] ::1 /Blog/index.php/Home/Index/search/keyword/test
INFO: [ app_init ] --START--
INFO: Run Behavior\BuildLiteBehavior [ RunTime:0.000048s ]
INFO: [ app_init ] --END-- [ RunTime:0.001415s ]
INFO: [ app_begin ] --START--
INFO: Run Behavior\ReadHtmlCacheBehavior [ RunTime:0.002428s ]
INFO: [ app_begin ] --END-- [ RunTime:0.002611s ]
SQL: SHOW COLUMNS FROM `article` [ RunTime:0.0160s ]
SQL: SELECT COUNT(*) AS tp_count FROM article a WHERE (a.title LIKE '%test%' OR a.title LIKE '%test') LIMIT 1   [ RunTime:0.0014s ]
SQL: SELECT a.*,b.user_name as nickname,c.title as catename FROM article a LEFT JOIN admin_user b ON a.uid = b.id LEFT JOIN admin_auth_rule c ON a.cid = c.id  WHERE (a.title LIKE '%test%' OR a.title LIKE '%test') ORDER BY a.createtime DESC,a.readcounts DESC LIMIT 0,5   [ RunTime:0.0029s ]
INFO: [ view_parse ] --START--
INFO: [ template_filter ] --START--
INFO: Run Behavior\ContentReplaceBehavior [ RunTime:0.000166s ]
INFO: [ template_filter ] --END-- [ RunTime:0.000342s ]
SQL: SHOW COLUMNS FROM `admin_auth_rule` [ RunTime:0.0139s ]
SQL: SELECT `id`,`title`,`pid` FROM `admin_auth_rule` WHERE `id` IN ('46','47','48','49','50','52','53')  [ RunTime:0.0015s ]
INFO: [ view_parse ] --START--
INFO: [ template_filter ] --START--
INFO: Run Behavior\ContentReplaceBehavior [ RunTime:0.000105s ]
INFO: [ template_filter ] --END-- [ RunTime:-0.039188s ]
NOTIC: [8] Undefined variable: title D:\xampp\htdocs\Blog\Application\Runtime\Cache\Home\7e30c6d006f20aae9e38db98723a6055.php 第 4 行.
INFO: Run Behavior\ParseTemplateBehavior [ RunTime:0.021476s ]
INFO: [ view_parse ] --END-- [ RunTime:0.021726s ]
INFO: [ view_filter ] --START--
INFO: Run Behavior\WriteHtmlCacheBehavior [ RunTime:0.001277s ]
INFO: [ view_filter ] --END-- [ RunTime:0.001393s ]
SQL: SHOW COLUMNS FROM `activity` [ RunTime:0.0127s ]
SQL: SELECT `slogan`,`linkurl`,`filepath` FROM `activity` WHERE ( is_valid = 'y' ) ORDER BY priority DESC  [ RunTime:0.0014s ]
SQL: SELECT a.id,a.title,a.readcounts,b.user_name as nickname,c.title as catename FROM article a LEFT JOIN admin_user b ON a.uid = b.id LEFT JOIN admin_auth_rule c ON a.cid = c.id  WHERE ( is_valid = 'y' ) ORDER BY a.readcounts DESC LIMIT 10   [ RunTime:0.0016s ]
SQL: select a.id,a.tagname,a.createtime,count(b.tid) as count,c.nick_name as nickname from tag a left join article_tag_relate b on a.id = b.tid left join admin_user c on a.uid = c.id  group by id order by count desc [ RunTime:0.0013s ]
INFO: [ view_parse ] --START--
INFO: [ template_filter ] --START--
INFO: Run Behavior\ContentReplaceBehavior [ RunTime:0.000118s ]
INFO: [ template_filter ] --END-- [ RunTime:-0.077400s ]
INFO: Run Behavior\ParseTemplateBehavior [ RunTime:0.012784s ]
INFO: [ view_parse ] --END-- [ RunTime:-0.022608s ]
INFO: [ view_filter ] --START--
INFO: Run Behavior\WriteHtmlCacheBehavior [ RunTime:0.000025s ]
INFO: [ view_filter ] --END-- [ RunTime:-0.034076s ]
SQL: SHOW COLUMNS FROM `links` [ RunTime:0.0138s ]
SQL: SELECT `linkname`,`linkurl` FROM `links` WHERE ( is_valid = 'y' ) ORDER BY createtime DESC LIMIT 5   [ RunTime:0.0011s ]
INFO: [ view_parse ] --START--
INFO: [ template_filter ] --START--
INFO: Run Behavior\ContentReplaceBehavior [ RunTime:0.000080s ]
INFO: [ template_filter ] --END-- [ RunTime:-0.105588s ]
INFO: Run Behavior\ParseTemplateBehavior [ RunTime:0.009510s ]
INFO: [ view_parse ] --END-- [ RunTime:-0.052525s ]
INFO: [ view_filter ] --START--
INFO: Run Behavior\WriteHtmlCacheBehavior [ RunTime:0.000027s ]
INFO: [ view_filter ] --END-- [ RunTime:-0.060742s ]
INFO: Run Behavior\ParseTemplateBehavior [ RunTime:0.009819s ]
INFO: [ view_parse ] --END-- [ RunTime:-0.052525s ]
INFO: [ view_filter ] --START--
INFO: Run Behavior\WriteHtmlCacheBehavior [ RunTime:0.000019s ]
INFO: [ view_filter ] --END-- [ RunTime:-0.061001s ]
INFO: [ app_end ] --START--
INFO: Run Behavior\ShowPageTraceBehavior [ RunTime:0.001531s ]
INFO: [ app_end ] --END-- [ RunTime:0.001656s ]

[ 2017-05-11T22:47:00+08:00 ] ::1 /Blog/index.php/Home/Index/getActivityList
INFO: [ app_init ] --START--
INFO: Run Behavior\BuildLiteBehavior [ RunTime:0.000046s ]
INFO: [ app_init ] --END-- [ RunTime:0.001544s ]
INFO: [ app_begin ] --START--
INFO: Run Behavior\ReadHtmlCacheBehavior [ RunTime:0.002424s ]
INFO: [ app_begin ] --END-- [ RunTime:0.002550s ]
SQL: SHOW COLUMNS FROM `activity` [ RunTime:0.0781s ]
SQL: SELECT `id`,`uid`,`slogan`,`linkurl`,`filepath` FROM `activity` WHERE ( is_valid = 'y' ) ORDER BY createtime DESC LIMIT 5   [ RunTime:0.0067s ]

[ 2017-05-11T22:47:01+08:00 ] ::1 /Blog/index.php/Home/Index/index.html
INFO: [ app_init ] --START--
INFO: Run Behavior\BuildLiteBehavior [ RunTime:0.000047s ]
INFO: [ app_init ] --END-- [ RunTime:0.001944s ]
INFO: [ app_begin ] --START--
INFO: Run Behavior\ReadHtmlCacheBehavior [ RunTime:0.002594s ]
INFO: [ app_begin ] --END-- [ RunTime:0.002795s ]
SQL: SHOW COLUMNS FROM `article` [ RunTime:0.0243s ]
SQL: SELECT COUNT(*) AS tp_count FROM `article` WHERE ( is_valid = 'y' ) LIMIT 1   [ RunTime:0.0039s ]
SQL: SHOW COLUMNS FROM `article` [ RunTime:0.0206s ]
SQL: SELECT a.*,b.user_name as nickname,c.title as catename FROM article a LEFT JOIN admin_user b ON a.uid = b.id LEFT JOIN admin_auth_rule c ON a.cid = c.id  WHERE ( is_valid = 'y' ) ORDER BY a.createtime DESC LIMIT 0,5   [ RunTime:0.0047s ]
INFO: [ view_parse ] --START--
INFO: [ template_filter ] --START--
INFO: Run Behavior\ContentReplaceBehavior [ RunTime:0.000163s ]
INFO: [ template_filter ] --END-- [ RunTime:0.000358s ]
SQL: SHOW COLUMNS FROM `admin_auth_rule` [ RunTime:0.0191s ]
SQL: SELECT `id`,`title`,`pid` FROM `admin_auth_rule` WHERE `id` IN ('46','47','48','49','50','52','53')  [ RunTime:0.0039s ]
INFO: [ view_parse ] --START--
INFO: [ template_filter ] --START--
INFO: Run Behavior\ContentReplaceBehavior [ RunTime:0.000153s ]
INFO: [ template_filter ] --END-- [ RunTime:-0.048583s ]
INFO: Run Behavior\ParseTemplateBehavior [ RunTime:0.023528s ]
INFO: [ view_parse ] --END-- [ RunTime:0.023745s ]
INFO: [ view_filter ] --START--
INFO: Run Behavior\WriteHtmlCacheBehavior [ RunTime:0.002468s ]
INFO: [ view_filter ] --END-- [ RunTime:0.002629s ]
SQL: SHOW COLUMNS FROM `activity` [ RunTime:0.0281s ]
SQL: SELECT `slogan`,`linkurl`,`filepath` FROM `activity` WHERE ( is_valid = 'y' ) ORDER BY priority DESC  [ RunTime:0.0029s ]
SQL: SELECT a.id,a.title,a.readcounts,b.user_name as nickname,c.title as catename FROM article a LEFT JOIN admin_user b ON a.uid = b.id LEFT JOIN admin_auth_rule c ON a.cid = c.id  WHERE ( is_valid = 'y' ) ORDER BY a.readcounts DESC LIMIT 10   [ RunTime:0.0042s ]
SQL: select a.id,a.tagname,a.createtime,count(b.tid) as count,c.nick_name as nickname from tag a left join article_tag_relate b on a.id = b.tid left join admin_user c on a.uid = c.id  group by id order by count desc [ RunTime:0.0037s ]
INFO: [ view_parse ] --START--
INFO: [ template_filter ] --START--
INFO: Run Behavior\ContentReplaceBehavior [ RunTime:0.000084s ]
INFO: [ template_filter ] --END-- [ RunTime:-0.114499s ]
INFO: Run Behavior\ParseTemplateBehavior [ RunTime:0.015607s ]
INFO: [ view_parse ] --END-- [ RunTime:-0.047861s ]
INFO: [ view_filter ] --START--
INFO: Run Behavior\WriteHtmlCacheBehavior [ RunTime:0.000026s ]
INFO: [ view_filter ] --END-- [ RunTime:-0.060945s ]
SQL: SHOW COLUMNS FROM `links` [ RunTime:0.0327s ]
SQL: SELECT `linkname`,`linkurl` FROM `links` WHERE ( is_valid = 'y' ) ORDER BY createtime DESC LIMIT 5   [ RunTime:0.0034s ]
INFO: [ view_parse ] --START--
INFO: [ template_filter ] --START--
INFO: Run Behavior\ContentReplaceBehavior [ RunTime:0.000119s ]
INFO: [ template_filter ] --END-- [ RunTime:-0.164821s ]
INFO: Run Behavior\ParseTemplateBehavior [ RunTime:0.009515s ]
INFO: [ view_parse ] --END-- [ RunTime:-0.101748s ]
INFO: [ view_filter ] --START--
INFO: Run Behavior\WriteHtmlCacheBehavior [ RunTime:0.000038s ]
INFO: [ view_filter ] --END-- [ RunTime:-0.108763s ]
INFO: Run Behavior\ParseTemplateBehavior [ RunTime:0.009912s ]
INFO: [ view_parse ] --END-- [ RunTime:-0.101748s ]
INFO: [ view_filter ] --START--
INFO: Run Behavior\WriteHtmlCacheBehavior [ RunTime:0.000030s ]
INFO: [ view_filter ] --END-- [ RunTime:-0.109080s ]
INFO: [ app_end ] --START--
INFO: Run Behavior\ShowPageTraceBehavior [ RunTime:0.002760s ]
INFO: [ app_end ] --END-- [ RunTime:0.002926s ]

[ 2017-05-11T22:47:02+08:00 ] ::1 /Blog/index.php/Home/Index/getActivityList
INFO: [ app_init ] --START--
INFO: Run Behavior\BuildLiteBehavior [ RunTime:0.000045s ]
INFO: [ app_init ] --END-- [ RunTime:0.001355s ]
INFO: [ app_begin ] --START--
INFO: Run Behavior\ReadHtmlCacheBehavior [ RunTime:0.001702s ]
INFO: [ app_begin ] --END-- [ RunTime:0.001848s ]
SQL: SHOW COLUMNS FROM `activity` [ RunTime:0.0363s ]
SQL: SELECT `id`,`uid`,`slogan`,`linkurl`,`filepath` FROM `activity` WHERE ( is_valid = 'y' ) ORDER BY createtime DESC LIMIT 5   [ RunTime:0.0045s ]

[ 2017-05-11T22:47:04+08:00 ] ::1 /Blog/index.php/Home/Index/category/cid/47
INFO: [ app_init ] --START--
INFO: Run Behavior\BuildLiteBehavior [ RunTime:0.000044s ]
INFO: [ app_init ] --END-- [ RunTime:0.001145s ]
INFO: [ app_begin ] --START--
INFO: Run Behavior\ReadHtmlCacheBehavior [ RunTime:0.001623s ]
INFO: [ app_begin ] --END-- [ RunTime:0.001802s ]
SQL: SHOW COLUMNS FROM `admin_auth_rule` [ RunTime:0.0189s ]
SQL: SELECT `id`,`pid`,`title` FROM `admin_auth_rule` WHERE ( id = 47 OR pid =47 )  [ RunTime:0.0025s ]
SQL: SHOW COLUMNS FROM `article` [ RunTime:0.0190s ]
SQL: SELECT COUNT(*) AS tp_count FROM `article` WHERE `cid` IN ('47') LIMIT 1   [ RunTime:0.0018s ]
SQL: SHOW COLUMNS FROM `article` [ RunTime:0.0183s ]
SQL: SELECT a.*,b.user_name as nickname,c.title as catename FROM article a LEFT JOIN admin_user b ON a.uid = b.id LEFT JOIN admin_auth_rule c ON a.cid = c.id  WHERE `cid` IN ('47') ORDER BY a.createtime DESC,a.readcounts DESC LIMIT 0,10   [ RunTime:0.0050s ]
INFO: [ view_parse ] --START--
INFO: [ template_filter ] --START--
INFO: Run Behavior\ContentReplaceBehavior [ RunTime:0.000158s ]
INFO: [ template_filter ] --END-- [ RunTime:0.000321s ]
SQL: SELECT `id`,`title`,`pid` FROM `admin_auth_rule` WHERE `id` IN ('46','47','48','49','50','52','53')  [ RunTime:0.0026s ]
INFO: [ view_parse ] --START--
INFO: [ template_filter ] --START--
INFO: Run Behavior\ContentReplaceBehavior [ RunTime:0.000132s ]
INFO: [ template_filter ] --END-- [ RunTime:-0.021776s ]
NOTIC: [8] Undefined variable: title D:\xampp\htdocs\Blog\Application\Runtime\Cache\Home\7e30c6d006f20aae9e38db98723a6055.php 第 4 行.
INFO: Run Behavior\ParseTemplateBehavior [ RunTime:0.016100s ]
INFO: [ view_parse ] --END-- [ RunTime:0.016262s ]
INFO: [ view_filter ] --START--
INFO: Run Behavior\WriteHtmlCacheBehavior [ RunTime:0.001146s ]
INFO: [ view_filter ] --END-- [ RunTime:0.001294s ]
SQL: SHOW COLUMNS FROM `activity` [ RunTime:0.0196s ]
SQL: SELECT `slogan`,`linkurl`,`filepath` FROM `activity` WHERE ( is_valid = 'y' ) ORDER BY priority DESC  [ RunTime:0.0027s ]
SQL: SELECT a.id,a.title,a.readcounts,b.user_name as nickname,c.title as catename FROM article a LEFT JOIN admin_user b ON a.uid = b.id LEFT JOIN admin_auth_rule c ON a.cid = c.id  WHERE ( is_valid = 'y' ) ORDER BY a.readcounts DESC LIMIT 10   [ RunTime:0.0087s ]
SQL: select a.id,a.tagname,a.createtime,count(b.tid) as count,c.nick_name as nickname from tag a left join article_tag_relate b on a.id = b.tid left join admin_user c on a.uid = c.id  group by id order by count desc [ RunTime:0.0029s ]
INFO: [ view_parse ] --START--
INFO: [ template_filter ] --START--
INFO: Run Behavior\ContentReplaceBehavior [ RunTime:0.000131s ]
INFO: [ template_filter ] --END-- [ RunTime:-0.075519s ]
INFO: Run Behavior\ParseTemplateBehavior [ RunTime:0.015824s ]
INFO: [ view_parse ] --END-- [ RunTime:-0.038534s ]
INFO: [ view_filter ] --START--
INFO: Run Behavior\WriteHtmlCacheBehavior [ RunTime:0.000037s ]
INFO: [ view_filter ] --END-- [ RunTime:-0.053218s ]
SQL: SHOW COLUMNS FROM `links` [ RunTime:0.0165s ]
SQL: SELECT `linkname`,`linkurl` FROM `links` WHERE ( is_valid = 'y' ) ORDER BY createtime DESC LIMIT 5   [ RunTime:0.0029s ]
INFO: [ view_parse ] --START--
INFO: [ template_filter ] --START--
INFO: Run Behavior\ContentReplaceBehavior [ RunTime:0.000118s ]
INFO: [ template_filter ] --END-- [ RunTime:-0.110030s ]
INFO: Run Behavior\ParseTemplateBehavior [ RunTime:0.010103s ]
INFO: [ view_parse ] --END-- [ RunTime:-0.075853s ]
INFO: [ view_filter ] --START--
INFO: Run Behavior\WriteHtmlCacheBehavior [ RunTime:0.000026s ]
INFO: [ view_filter ] --END-- [ RunTime:-0.084769s ]
INFO: Run Behavior\ParseTemplateBehavior [ RunTime:0.010417s ]
INFO: [ view_parse ] --END-- [ RunTime:-0.075853s ]
INFO: [ view_filter ] --START--
INFO: Run Behavior\WriteHtmlCacheBehavior [ RunTime:0.000032s ]
INFO: [ view_filter ] --END-- [ RunTime:-0.085096s ]
INFO: [ app_end ] --START--
INFO: Run Behavior\ShowPageTraceBehavior [ RunTime:0.001761s ]
INFO: [ app_end ] --END-- [ RunTime:0.001914s ]

[ 2017-05-11T22:47:05+08:00 ] ::1 /Blog/index.php/Home/Index/getActivityList
INFO: [ app_init ] --START--
INFO: Run Behavior\BuildLiteBehavior [ RunTime:0.000048s ]
INFO: [ app_init ] --END-- [ RunTime:0.004256s ]
INFO: [ app_begin ] --START--
INFO: Run Behavior\ReadHtmlCacheBehavior [ RunTime:0.002755s ]
INFO: [ app_begin ] --END-- [ RunTime:0.003071s ]
SQL: SHOW COLUMNS FROM `activity` [ RunTime:0.0394s ]
SQL: SELECT `id`,`uid`,`slogan`,`linkurl`,`filepath` FROM `activity` WHERE ( is_valid = 'y' ) ORDER BY createtime DESC LIMIT 5   [ RunTime:0.0020s ]

[ 2017-05-11T22:47:08+08:00 ] ::1 /Blog/index.php/Home/Index/category/cid/50
INFO: [ app_init ] --START--
INFO: Run Behavior\BuildLiteBehavior [ RunTime:0.000046s ]
INFO: [ app_init ] --END-- [ RunTime:0.001677s ]
INFO: [ app_begin ] --START--
INFO: Run Behavior\ReadHtmlCacheBehavior [ RunTime:0.002502s ]
INFO: [ app_begin ] --END-- [ RunTime:0.002689s ]
SQL: SHOW COLUMNS FROM `admin_auth_rule` [ RunTime:0.0312s ]
SQL: SELECT `id`,`pid`,`title` FROM `admin_auth_rule` WHERE ( id = 50 OR pid =50 )  [ RunTime:0.0024s ]
SQL: SHOW COLUMNS FROM `article` [ RunTime:0.0281s ]
SQL: SELECT COUNT(*) AS tp_count FROM `article` WHERE `cid` IN ('50') LIMIT 1   [ RunTime:0.0036s ]
SQL: SHOW COLUMNS FROM `article` [ RunTime:0.0196s ]
SQL: SELECT a.*,b.user_name as nickname,c.title as catename FROM article a LEFT JOIN admin_user b ON a.uid = b.id LEFT JOIN admin_auth_rule c ON a.cid = c.id  WHERE `cid` IN ('50') ORDER BY a.createtime DESC,a.readcounts DESC LIMIT 0,10   [ RunTime:0.0033s ]
ERR: 模板不存在:./Application/Home/View/./Application/Admin/message.html.html

[ 2017-05-11T22:47:44+08:00 ] ::1 /Blog/index.php/Home/Index/category/cid/50
INFO: [ app_init ] --START--
INFO: Run Behavior\BuildLiteBehavior [ RunTime:0.000034s ]
INFO: [ app_init ] --END-- [ RunTime:0.001755s ]
INFO: [ app_begin ] --START--
INFO: Run Behavior\ReadHtmlCacheBehavior [ RunTime:0.001537s ]
INFO: [ app_begin ] --END-- [ RunTime:0.001692s ]
SQL: SHOW COLUMNS FROM `admin_auth_rule` [ RunTime:0.0184s ]
SQL: SELECT `id`,`pid`,`title` FROM `admin_auth_rule` WHERE ( id = 50 OR pid =50 )  [ RunTime:0.0030s ]
SQL: SHOW COLUMNS FROM `article` [ RunTime:0.0161s ]
SQL: SELECT COUNT(*) AS tp_count FROM `article` WHERE `cid` IN ('50') LIMIT 1   [ RunTime:0.0023s ]
SQL: SHOW COLUMNS FROM `article` [ RunTime:0.0169s ]
SQL: SELECT a.*,b.user_name as nickname,c.title as catename FROM article a LEFT JOIN admin_user b ON a.uid = b.id LEFT JOIN admin_auth_rule c ON a.cid = c.id  WHERE `cid` IN ('50') ORDER BY a.createtime DESC,a.readcounts DESC LIMIT 0,10   [ RunTime:0.0028s ]
INFO: [ view_parse ] --START--
INFO: [ template_filter ] --START--
INFO: Run Behavior\ContentReplaceBehavior [ RunTime:0.000110s ]
INFO: [ template_filter ] --END-- [ RunTime:0.000285s ]
INFO: Run Behavior\ParseTemplateBehavior [ RunTime:0.019552s ]
INFO: [ view_parse ] --END-- [ RunTime:0.019738s ]
INFO: [ view_filter ] --START--
INFO: Run Behavior\WriteHtmlCacheBehavior [ RunTime:0.000854s ]
INFO: [ view_filter ] --END-- [ RunTime:0.000964s ]

[ 2017-05-11T22:47:49+08:00 ] ::1 /Blog/index.php/Home/Index/getActivityList
INFO: [ app_init ] --START--
INFO: Run Behavior\BuildLiteBehavior [ RunTime:0.000053s ]
INFO: [ app_init ] --END-- [ RunTime:0.002553s ]
INFO: [ app_begin ] --START--
INFO: Run Behavior\ReadHtmlCacheBehavior [ RunTime:0.006213s ]
INFO: [ app_begin ] --END-- [ RunTime:0.006602s ]
SQL: SHOW COLUMNS FROM `activity` [ RunTime:0.0661s ]
SQL: SELECT `id`,`uid`,`slogan`,`linkurl`,`filepath` FROM `activity` WHERE ( is_valid = 'y' ) ORDER BY createtime DESC LIMIT 5   [ RunTime:0.0063s ]

[ 2017-05-11T22:47:51+08:00 ] ::1 /Blog/index.php/Home/Index/category/cid/52
INFO: [ app_init ] --START--
INFO: Run Behavior\BuildLiteBehavior [ RunTime:0.000029s ]
INFO: [ app_init ] --END-- [ RunTime:0.000957s ]
INFO: [ app_begin ] --START--
INFO: Run Behavior\ReadHtmlCacheBehavior [ RunTime:0.002173s ]
INFO: [ app_begin ] --END-- [ RunTime:0.002332s ]
SQL: SHOW COLUMNS FROM `admin_auth_rule` [ RunTime:0.0197s ]
SQL: SELECT `id`,`pid`,`title` FROM `admin_auth_rule` WHERE ( id = 52 OR pid =52 )  [ RunTime:0.0028s ]
SQL: SHOW COLUMNS FROM `article` [ RunTime:0.0165s ]
SQL: SELECT COUNT(*) AS tp_count FROM `article` WHERE `cid` IN ('52') LIMIT 1   [ RunTime:0.0022s ]
SQL: SHOW COLUMNS FROM `article` [ RunTime:0.0191s ]
SQL: SELECT a.*,b.user_name as nickname,c.title as catename FROM article a LEFT JOIN admin_user b ON a.uid = b.id LEFT JOIN admin_auth_rule c ON a.cid = c.id  WHERE `cid` IN ('52') ORDER BY a.createtime DESC,a.readcounts DESC LIMIT 0,10   [ RunTime:0.0029s ]
INFO: [ view_parse ] --START--
INFO: [ template_filter ] --START--
INFO: Run Behavior\ContentReplaceBehavior [ RunTime:0.000108s ]
INFO: [ template_filter ] --END-- [ RunTime:0.000231s ]
SQL: SELECT `id`,`title`,`pid` FROM `admin_auth_rule` WHERE `id` IN ('46','47','48','49','50','52','53')  [ RunTime:0.0027s ]
INFO: [ view_parse ] --START--
INFO: [ template_filter ] --START--
INFO: Run Behavior\ContentReplaceBehavior [ RunTime:0.000101s ]
INFO: [ template_filter ] --END-- [ RunTime:-0.027659s ]
NOTIC: [8] Undefined variable: title D:\xampp\htdocs\Blog\Application\Runtime\Cache\Home\7e30c6d006f20aae9e38db98723a6055.php 第 4 行.
INFO: Run Behavior\ParseTemplateBehavior [ RunTime:0.017993s ]
INFO: [ view_parse ] --END-- [ RunTime:0.018154s ]
INFO: [ view_filter ] --START--
INFO: Run Behavior\WriteHtmlCacheBehavior [ RunTime:0.001238s ]
INFO: [ view_filter ] --END-- [ RunTime:0.001341s ]
SQL: SHOW COLUMNS FROM `activity` [ RunTime:0.0208s ]
SQL: SELECT `slogan`,`linkurl`,`filepath` FROM `activity` WHERE ( is_valid = 'y' ) ORDER BY priority DESC  [ RunTime:0.0034s ]
SQL: SELECT a.id,a.title,a.readcounts,b.user_name as nickname,c.title as catename FROM article a LEFT JOIN admin_user b ON a.uid = b.id LEFT JOIN admin_auth_rule c ON a.cid = c.id  WHERE ( is_valid = 'y' ) ORDER BY a.readcounts DESC LIMIT 10   [ RunTime:0.0031s ]
SQL: select a.id,a.tagname,a.createtime,count(b.tid) as count,c.nick_name as nickname from tag a left join article_tag_relate b on a.id = b.tid left join admin_user c on a.uid = c.id  group by id order by count desc [ RunTime:0.0030s ]
INFO: [ view_parse ] --START--
INFO: [ template_filter ] --START--
INFO: Run Behavior\ContentReplaceBehavior [ RunTime:0.000127s ]
INFO: [ template_filter ] --END-- [ RunTime:-0.078343s ]
INFO: Run Behavior\ParseTemplateBehavior [ RunTime:0.018104s ]
INFO: [ view_parse ] --END-- [ RunTime:-0.034749s ]
INFO: [ view_filter ] --START--
INFO: Run Behavior\WriteHtmlCacheBehavior [ RunTime:0.000040s ]
INFO: [ view_filter ] --END-- [ RunTime:-0.051852s ]
SQL: SHOW COLUMNS FROM `links` [ RunTime:0.0302s ]
SQL: SELECT `linkname`,`linkurl` FROM `links` WHERE ( is_valid = 'y' ) ORDER BY createtime DESC LIMIT 5   [ RunTime:0.0106s ]
INFO: [ view_parse ] --START--
INFO: [ template_filter ] --START--
INFO: Run Behavior\ContentReplaceBehavior [ RunTime:0.000122s ]
INFO: [ template_filter ] --END-- [ RunTime:-0.135033s ]
INFO: Run Behavior\ParseTemplateBehavior [ RunTime:0.012121s ]
INFO: [ view_parse ] --END-- [ RunTime:-0.096389s ]
INFO: [ view_filter ] --START--
INFO: Run Behavior\WriteHtmlCacheBehavior [ RunTime:0.000027s ]
INFO: [ view_filter ] --END-- [ RunTime:-0.107290s ]
INFO: Run Behavior\ParseTemplateBehavior [ RunTime:0.012451s ]
INFO: [ view_parse ] --END-- [ RunTime:-0.096389s ]
INFO: [ view_filter ] --START--
INFO: Run Behavior\WriteHtmlCacheBehavior [ RunTime:0.000020s ]
INFO: [ view_filter ] --END-- [ RunTime:-0.107576s ]
INFO: [ app_end ] --START--
INFO: Run Behavior\ShowPageTraceBehavior [ RunTime:0.001522s ]
INFO: [ app_end ] --END-- [ RunTime:0.001610s ]

[ 2017-05-11T22:47:51+08:00 ] ::1 /Blog/index.php/Home/Index/getActivityList
INFO: [ app_init ] --START--
INFO: Run Behavior\BuildLiteBehavior [ RunTime:0.000045s ]
INFO: [ app_init ] --END-- [ RunTime:0.001416s ]
INFO: [ app_begin ] --START--
INFO: Run Behavior\ReadHtmlCacheBehavior [ RunTime:0.001449s ]
INFO: [ app_begin ] --END-- [ RunTime:0.001582s ]
SQL: SHOW COLUMNS FROM `activity` [ RunTime:0.0342s ]
SQL: SELECT `id`,`uid`,`slogan`,`linkurl`,`filepath` FROM `activity` WHERE ( is_valid = 'y' ) ORDER BY createtime DESC LIMIT 5   [ RunTime:0.0018s ]

[ 2017-05-11T22:47:56+08:00 ] ::1 /Blog/index.php/Home/Index/category/cid/53
INFO: [ app_init ] --START--
INFO: Run Behavior\BuildLiteBehavior [ RunTime:0.000053s ]
INFO: [ app_init ] --END-- [ RunTime:0.001858s ]
INFO: [ app_begin ] --START--
INFO: Run Behavior\ReadHtmlCacheBehavior [ RunTime:0.001664s ]
INFO: [ app_begin ] --END-- [ RunTime:0.001817s ]
SQL: SHOW COLUMNS FROM `admin_auth_rule` [ RunTime:0.0189s ]
SQL: SELECT `id`,`pid`,`title` FROM `admin_auth_rule` WHERE ( id = 53 OR pid =53 )  [ RunTime:0.0024s ]
SQL: SHOW COLUMNS FROM `article` [ RunTime:0.0171s ]
SQL: SELECT COUNT(*) AS tp_count FROM `article` WHERE `cid` IN ('53') LIMIT 1   [ RunTime:0.0024s ]
SQL: SHOW COLUMNS FROM `article` [ RunTime:0.0238s ]
SQL: SELECT a.*,b.user_name as nickname,c.title as catename FROM article a LEFT JOIN admin_user b ON a.uid = b.id LEFT JOIN admin_auth_rule c ON a.cid = c.id  WHERE `cid` IN ('53') ORDER BY a.createtime DESC,a.readcounts DESC LIMIT 0,10   [ RunTime:0.0034s ]
INFO: [ view_parse ] --START--
INFO: [ template_filter ] --START--
INFO: Run Behavior\ContentReplaceBehavior [ RunTime:0.000113s ]
INFO: [ template_filter ] --END-- [ RunTime:0.000271s ]
INFO: Run Behavior\ParseTemplateBehavior [ RunTime:0.018330s ]
INFO: [ view_parse ] --END-- [ RunTime:0.018515s ]
INFO: [ view_filter ] --START--
INFO: Run Behavior\WriteHtmlCacheBehavior [ RunTime:0.000808s ]
INFO: [ view_filter ] --END-- [ RunTime:0.000924s ]

[ 2017-05-11T22:48:00+08:00 ] ::1 /Blog/index.php/Home/Index/getActivityList
INFO: [ app_init ] --START--
INFO: Run Behavior\BuildLiteBehavior [ RunTime:0.000059s ]
INFO: [ app_init ] --END-- [ RunTime:0.004142s ]
INFO: [ app_begin ] --START--
INFO: Run Behavior\ReadHtmlCacheBehavior [ RunTime:0.002355s ]
INFO: [ app_begin ] --END-- [ RunTime:0.002578s ]
SQL: SHOW COLUMNS FROM `activity` [ RunTime:0.0181s ]
SQL: SELECT `id`,`uid`,`slogan`,`linkurl`,`filepath` FROM `activity` WHERE ( is_valid = 'y' ) ORDER BY createtime DESC LIMIT 5   [ RunTime:0.0028s ]

[ 2017-05-11T22:48:04+08:00 ] ::1 /Blog/index.php/Home/Index/tagcate/tagid/3.html
INFO: [ app_init ] --START--
INFO: Run Behavior\BuildLiteBehavior [ RunTime:0.000031s ]
INFO: [ app_init ] --END-- [ RunTime:0.001324s ]
INFO: [ app_begin ] --START--
INFO: Run Behavior\ReadHtmlCacheBehavior [ RunTime:0.001126s ]
INFO: [ app_begin ] --END-- [ RunTime:0.001257s ]
SQL: SHOW COLUMNS FROM `tag` [ RunTime:0.0124s ]
SQL: SELECT * FROM `tag` WHERE ( id =3 ) LIMIT 1   [ RunTime:0.0008s ]
SQL: SHOW COLUMNS FROM `article_tag_relate` [ RunTime:0.0127s ]
SQL: SELECT COUNT(*) AS tp_count FROM `article_tag_relate` WHERE ( tid =3 ) LIMIT 1   [ RunTime:0.0009s ]
SQL: select a.aid,a.tid,b.*,c.user_name as nickname,d.title as catename,e.tagname from article_tag_relate a left join article b on a.aid = b.id left join admin_user c on b.uid = c.id left join admin_auth_rule d on b.cid = d.id left join tag e on a.tid = e.id where a.tid = 3 order by b.readcounts desc limit 0,5 [ RunTime:0.0128s ]
INFO: [ view_parse ] --START--
INFO: [ template_filter ] --START--
INFO: Run Behavior\ContentReplaceBehavior [ RunTime:0.000109s ]
INFO: [ template_filter ] --END-- [ RunTime:0.000223s ]
SQL: SHOW COLUMNS FROM `admin_auth_rule` [ RunTime:0.0121s ]
SQL: SELECT `id`,`title`,`pid` FROM `admin_auth_rule` WHERE `id` IN ('46','47','48','49','50','52','53')  [ RunTime:0.0011s ]
INFO: [ view_parse ] --START--
INFO: [ template_filter ] --START--
INFO: Run Behavior\ContentReplaceBehavior [ RunTime:0.000099s ]
INFO: [ template_filter ] --END-- [ RunTime:-0.030732s ]
NOTIC: [8] Undefined variable: title D:\xampp\htdocs\Blog\Application\Runtime\Cache\Home\7e30c6d006f20aae9e38db98723a6055.php 第 4 行.
INFO: Run Behavior\ParseTemplateBehavior [ RunTime:0.013953s ]
INFO: [ view_parse ] --END-- [ RunTime:0.014142s ]
INFO: [ view_filter ] --START--
INFO: Run Behavior\WriteHtmlCacheBehavior [ RunTime:0.000641s ]
INFO: [ view_filter ] --END-- [ RunTime:0.000723s ]
SQL: SHOW COLUMNS FROM `activity` [ RunTime:0.0130s ]
SQL: SELECT `slogan`,`linkurl`,`filepath` FROM `activity` WHERE ( is_valid = 'y' ) ORDER BY priority DESC  [ RunTime:0.0009s ]
SQL: SHOW COLUMNS FROM `article` [ RunTime:0.0125s ]
SQL: SELECT a.id,a.title,a.readcounts,b.user_name as nickname,c.title as catename FROM article a LEFT JOIN admin_user b ON a.uid = b.id LEFT JOIN admin_auth_rule c ON a.cid = c.id  WHERE ( is_valid = 'y' ) ORDER BY a.readcounts DESC LIMIT 10   [ RunTime:0.0015s ]
SQL: select a.id,a.tagname,a.createtime,count(b.tid) as count,c.nick_name as nickname from tag a left join article_tag_relate b on a.id = b.tid left join admin_user c on a.uid = c.id  group by id order by count desc [ RunTime:0.0012s ]
INFO: [ view_parse ] --START--
INFO: [ template_filter ] --START--
INFO: Run Behavior\ContentReplaceBehavior [ RunTime:0.000077s ]
INFO: [ template_filter ] --END-- [ RunTime:-0.073946s ]
INFO: Run Behavior\ParseTemplateBehavior [ RunTime:0.010002s ]
INFO: [ view_parse ] --END-- [ RunTime:-0.033491s ]
INFO: [ view_filter ] --START--
INFO: Run Behavior\WriteHtmlCacheBehavior [ RunTime:0.000025s ]
INFO: [ view_filter ] --END-- [ RunTime:-0.042883s ]
SQL: SHOW COLUMNS FROM `links` [ RunTime:0.0130s ]
SQL: SELECT `linkname`,`linkurl` FROM `links` WHERE ( is_valid = 'y' ) ORDER BY createtime DESC LIMIT 5   [ RunTime:0.0010s ]
INFO: [ view_parse ] --START--
INFO: [ template_filter ] --START--
INFO: Run Behavior\ContentReplaceBehavior [ RunTime:0.000077s ]
INFO: [ template_filter ] --END-- [ RunTime:-0.098653s ]
INFO: Run Behavior\ParseTemplateBehavior [ RunTime:0.007613s ]
INFO: [ view_parse ] --END-- [ RunTime:-0.059120s ]
INFO: [ view_filter ] --START--
INFO: Run Behavior\WriteHtmlCacheBehavior [ RunTime:0.000036s ]
INFO: [ view_filter ] --END-- [ RunTime:-0.066169s ]
INFO: Run Behavior\ParseTemplateBehavior [ RunTime:0.008030s ]
INFO: [ view_parse ] --END-- [ RunTime:-0.059120s ]
INFO: [ view_filter ] --START--
INFO: Run Behavior\WriteHtmlCacheBehavior [ RunTime:0.000020s ]
INFO: [ view_filter ] --END-- [ RunTime:-0.066497s ]
INFO: [ app_end ] --START--
INFO: Run Behavior\ShowPageTraceBehavior [ RunTime:0.001345s ]
INFO: [ app_end ] --END-- [ RunTime:0.001472s ]

[ 2017-05-11T22:48:05+08:00 ] ::1 /Blog/index.php/Home/Index/getActivityList
INFO: [ app_init ] --START--
INFO: Run Behavior\BuildLiteBehavior [ RunTime:0.000046s ]
INFO: [ app_init ] --END-- [ RunTime:0.001488s ]
INFO: [ app_begin ] --START--
INFO: Run Behavior\ReadHtmlCacheBehavior [ RunTime:0.002393s ]
INFO: [ app_begin ] --END-- [ RunTime:0.002662s ]
SQL: SHOW COLUMNS FROM `activity` [ RunTime:0.0328s ]
SQL: SELECT `id`,`uid`,`slogan`,`linkurl`,`filepath` FROM `activity` WHERE ( is_valid = 'y' ) ORDER BY createtime DESC LIMIT 5   [ RunTime:0.0049s ]

