[ 2017-09-26T22:27:41+08:00 ] 127.0.0.1 /Blog/
INFO: [ app_init ] --START--
INFO: Run Behavior\BuildLiteBehavior [ RunTime:0.000000s ]
INFO: [ app_init ] --END-- [ RunTime:0.001000s ]
INFO: [ app_begin ] --START--
INFO: Run Behavior\ReadHtmlCacheBehavior [ RunTime:0.001000s ]
INFO: [ app_begin ] --END-- [ RunTime:0.002000s ]
SQL: SHOW COLUMNS FROM `guest` [ RunTime:0.0300s ]
SQL: INSERT INTO `guest` (`ip_address`,`addtime`,`record_id`) VALUES ('127.0.0.1','1506436060','0') [ RunTime:0.0440s ]
SQL: SHOW COLUMNS FROM `article` [ RunTime:0.0430s ]
SQL: SELECT COUNT(*) AS tp_count FROM `article` WHERE ( is_valid = 'y' and isprivate = 'n' ) LIMIT 1   [ RunTime:0.0170s ]
SQL: SHOW COLUMNS FROM `article` [ RunTime:0.0110s ]
SQL: SELECT a.*,b.nick_name as nickname,c.title as catename FROM article a LEFT JOIN admin_user b ON a.uid = b.id LEFT JOIN admin_auth_rule c ON a.cid = c.id  WHERE ( is_valid = 'y' and isprivate = 'n' ) ORDER BY a.createtime DESC LIMIT 0,10   [ RunTime:0.0500s ]
INFO: [ view_parse ] --START--
INFO: [ template_filter ] --START--
INFO: Run Behavior\ContentReplaceBehavior [ RunTime:0.000000s ]
INFO: [ template_filter ] --END-- [ RunTime:0.000000s ]
SQL: SHOW COLUMNS FROM `admin_auth_rule` [ RunTime:0.0080s ]
SQL: SELECT `id`,`title`,`pid` FROM `admin_auth_rule` WHERE `id` IN ('46','47','48','49','50','53')  [ RunTime:0.0010s ]
INFO: [ view_parse ] --START--
INFO: [ template_filter ] --START--
INFO: Run Behavior\ContentReplaceBehavior [ RunTime:0.000000s ]
INFO: [ template_filter ] --END-- [ RunTime:-0.018001s ]
INFO: Run Behavior\ParseTemplateBehavior [ RunTime:0.006000s ]
INFO: [ view_parse ] --END-- [ RunTime:0.006000s ]
INFO: [ view_filter ] --START--
INFO: Run Behavior\WriteHtmlCacheBehavior [ RunTime:0.000000s ]
INFO: [ view_filter ] --END-- [ RunTime:0.000000s ]
SQL: SHOW COLUMNS FROM `activity` [ RunTime:0.0240s ]
SQL: SELECT `slogan`,`linkurl`,`filepath` FROM `activity` WHERE ( is_valid = 'y' ) ORDER BY priority DESC  [ RunTime:0.0000s ]
SQL: SELECT a.id,a.title,a.readcounts,b.user_name as nickname,c.title as catename FROM article a LEFT JOIN admin_user b ON a.uid = b.id LEFT JOIN admin_auth_rule c ON a.cid = c.id  WHERE ( is_valid = 'y' ) ORDER BY a.readcounts DESC LIMIT 10   [ RunTime:0.0000s ]
SQL: select a.id,a.tagname,a.createtime,count(b.tid) as count,c.nick_name as nickname from tag a left join article_tag_relate b on a.id = b.tid left join admin_user c on a.uid = c.id  group by id order by count desc [ RunTime:0.0340s ]
INFO: [ view_parse ] --START--
INFO: [ template_filter ] --START--
INFO: Run Behavior\ContentReplaceBehavior [ RunTime:0.000000s ]
INFO: [ template_filter ] --END-- [ RunTime:-0.084004s ]
INFO: Run Behavior\ParseTemplateBehavior [ RunTime:0.005001s ]
INFO: [ view_parse ] --END-- [ RunTime:-0.061003s ]
INFO: [ view_filter ] --START--
INFO: Run Behavior\WriteHtmlCacheBehavior [ RunTime:0.000000s ]
INFO: [ view_filter ] --END-- [ RunTime:-0.066004s ]
SQL: SHOW COLUMNS FROM `links` [ RunTime:0.0240s ]
SQL: SELECT `linkname`,`linkurl` FROM `links` WHERE ( is_valid = 'y' ) ORDER BY createtime DESC LIMIT 5   [ RunTime:0.0000s ]
INFO: [ view_parse ] --START--
INFO: [ template_filter ] --START--
INFO: Run Behavior\ContentReplaceBehavior [ RunTime:0.000000s ]
INFO: [ template_filter ] --END-- [ RunTime:-0.114006s ]
INFO: Run Behavior\ParseTemplateBehavior [ RunTime:0.004000s ]
INFO: [ view_parse ] --END-- [ RunTime:-0.091005s ]
INFO: [ view_filter ] --START--
INFO: Run Behavior\WriteHtmlCacheBehavior [ RunTime:0.000000s ]
INFO: [ view_filter ] --END-- [ RunTime:-0.095005s ]
INFO: Run Behavior\ParseTemplateBehavior [ RunTime:0.004000s ]
INFO: [ view_parse ] --END-- [ RunTime:-0.091005s ]
INFO: [ view_filter ] --START--
INFO: Run Behavior\WriteHtmlCacheBehavior [ RunTime:0.000000s ]
INFO: [ view_filter ] --END-- [ RunTime:-0.095005s ]
INFO: [ app_end ] --START--
INFO: Run Behavior\ShowPageTraceBehavior [ RunTime:0.001000s ]
INFO: [ app_end ] --END-- [ RunTime:0.001000s ]

[ 2017-09-26T22:27:41+08:00 ] 127.0.0.1 /Blog/index.php/Home/Index/getActivityList
INFO: [ app_init ] --START--
INFO: Run Behavior\BuildLiteBehavior [ RunTime:0.000000s ]
INFO: [ app_init ] --END-- [ RunTime:0.000000s ]
INFO: [ app_begin ] --START--
INFO: Run Behavior\ReadHtmlCacheBehavior [ RunTime:0.001000s ]
INFO: [ app_begin ] --END-- [ RunTime:0.001000s ]
SQL: SHOW COLUMNS FROM `activity` [ RunTime:0.0060s ]
SQL: SELECT `id`,`uid`,`slogan`,`linkurl`,`filepath` FROM `activity` WHERE ( is_valid = 'y' ) ORDER BY priority DESC,createtime DESC LIMIT 5   [ RunTime:0.0000s ]

