[ 2017-03-09T00:01:03+08:00 ] ::1 /AuthOne/index.php/Index/jquery-3.0.0.min.js
ERR: 非法操作:jquery-3.0.0.min.js

[ 2017-03-09T00:02:18+08:00 ] ::1 /AuthOne/index.php/Index/jquery-3.0.0.min.js
ERR: 非法操作:jquery-3.0.0.min.js

[ 2017-03-09T00:03:10+08:00 ] ::1 /AuthOne/index.php/Index/jquery-3.0.0.min.js
ERR: 非法操作:jquery-3.0.0.min.js

[ 2017-03-09T00:05:25+08:00 ] ::1 /AuthOne/index.php/Index/jquery-3.0.0.min.js
ERR: 非法操作:jquery-3.0.0.min.js

[ 2017-03-09T00:05:49+08:00 ] ::1 /AuthOne/index.php/Index/jquery-3.0.0.min.js
ERR: 非法操作:jquery-3.0.0.min.js

[ 2017-03-09T00:07:38+08:00 ] ::1 /AuthOne/index.php/Index/jquery-3.0.0.min.js
ERR: 非法操作:jquery-3.0.0.min.js

[ 2017-03-09T00:08:25+08:00 ] ::1 /AuthOne/index.php/Index/jquery-3.0.0.min.js
ERR: 非法操作:jquery-3.0.0.min.js

[ 2017-03-09T00:08:39+08:00 ] ::1 /AuthOne/index.php/Index/jquery-3.0.0.min.js
ERR: 非法操作:jquery-3.0.0.min.js

[ 2017-03-09T00:11:14+08:00 ] ::1 /AuthOne/index.php/Index/jquery-3.0.0.min.js
ERR: 非法操作:jquery-3.0.0.min.js

[ 2017-03-09T20:34:15+08:00 ] ::1 /AuthOne/jquery-3.0.0.min.js
ERR: 无法加载控制器:Http:

[ 2017-03-09T20:34:33+08:00 ] ::1 /AuthOne/Admin
ERR: 无法加载控制器:Http:

[ 2017-03-09T23:01:05+08:00 ] ::1 /AuthOne/jquery-3.0.0.min.js
ERR: 无法加载控制器:Http:

[ 2017-03-09T23:04:19+08:00 ] ::1 /AuthOne/jquery-3.0.0.min.js
ERR: 无法加载控制器:Http:

[ 2017-03-09T23:04:52+08:00 ] ::1 /AuthOne/jquery-3.0.0.min.js
ERR: 无法加载控制器:Http:

[ 2017-03-09T23:05:40+08:00 ] ::1 /AuthOne/jquery-3.0.0.min.js
ERR: 无法加载控制器:Http:

[ 2017-03-09T23:08:26+08:00 ] ::1 /AuthOne/jquery-3.0.0.min.js
ERR: 无法加载控制器:Http:

[ 2017-03-09T23:11:35+08:00 ] ::1 /AuthOne/jquery-3.0.0.min.js
ERR: 无法加载控制器:Http:

[ 2017-03-09T23:12:55+08:00 ] ::1 /AuthOne/jquery-3.0.0.min.js
ERR: 无法加载控制器:Http:

[ 2017-03-09T23:15:41+08:00 ] ::1 /AuthOne/jquery-3.0.0.min.js
ERR: 无法加载控制器:Http:

