[ 2017-03-31T22:07:17+08:00 ] ::1 /AuthOne/index.php/Home/Index/search.html?keyword=cnblur
INFO: [ app_begin ] --START--
INFO: Run Behavior\ReadHtmlCacheBehavior [ RunTime:0.000970s ]
INFO: [ app_begin ] --END-- [ RunTime:0.001872s ]
SQL: SHOW COLUMNS FROM `article` [ RunTime:0.0109s ]
SQL: SELECT COUNT(*) AS tp_count FROM `article` WHERE (`title` LIKE '%cnblur%' OR `title` LIKE '%cnblur') LIMIT 1   [ RunTime:0.0019s ]
SQL: SHOW COLUMNS FROM `article` [ RunTime:0.0105s ]

[ 2017-03-31T22:07:19+08:00 ] ::1 /AuthOne/index.php/Home/Index/search.html?keyword=cnblue
INFO: [ app_begin ] --START--
INFO: Run Behavior\ReadHtmlCacheBehavior [ RunTime:0.000986s ]
INFO: [ app_begin ] --END-- [ RunTime:0.001885s ]
SQL: SHOW COLUMNS FROM `article` [ RunTime:0.0109s ]
SQL: SELECT COUNT(*) AS tp_count FROM `article` WHERE (`title` LIKE '%cnblue%' OR `title` LIKE '%cnblue') LIMIT 1   [ RunTime:0.0012s ]
SQL: SHOW COLUMNS FROM `article` [ RunTime:0.0096s ]

[ 2017-03-31T22:07:20+08:00 ] ::1 /AuthOne/index.php/Home/Index/search.html?keyword=cnblue
INFO: [ app_begin ] --START--
INFO: Run Behavior\ReadHtmlCacheBehavior [ RunTime:0.000982s ]
INFO: [ app_begin ] --END-- [ RunTime:0.001886s ]
SQL: SHOW COLUMNS FROM `article` [ RunTime:0.0105s ]
SQL: SELECT COUNT(*) AS tp_count FROM `article` WHERE (`title` LIKE '%cnblue%' OR `title` LIKE '%cnblue') LIMIT 1   [ RunTime:0.0011s ]
SQL: SHOW COLUMNS FROM `article` [ RunTime:0.0114s ]

[ 2017-03-31T22:07:20+08:00 ] ::1 /AuthOne/index.php/Home/Index/search.html?keyword=cnblue
INFO: [ app_begin ] --START--
INFO: Run Behavior\ReadHtmlCacheBehavior [ RunTime:0.000967s ]
INFO: [ app_begin ] --END-- [ RunTime:0.001868s ]
SQL: SHOW COLUMNS FROM `article` [ RunTime:0.0115s ]
SQL: SELECT COUNT(*) AS tp_count FROM `article` WHERE (`title` LIKE '%cnblue%' OR `title` LIKE '%cnblue') LIMIT 1   [ RunTime:0.0026s ]
SQL: SHOW COLUMNS FROM `article` [ RunTime:0.0104s ]

[ 2017-03-31T22:07:21+08:00 ] ::1 /AuthOne/index.php/Home/Index/search.html?keyword=cnblue
INFO: [ app_begin ] --START--
INFO: Run Behavior\ReadHtmlCacheBehavior [ RunTime:0.001022s ]
INFO: [ app_begin ] --END-- [ RunTime:0.002139s ]
SQL: SHOW COLUMNS FROM `article` [ RunTime:0.0104s ]
SQL: SELECT COUNT(*) AS tp_count FROM `article` WHERE (`title` LIKE '%cnblue%' OR `title` LIKE '%cnblue') LIMIT 1   [ RunTime:0.0014s ]
SQL: SHOW COLUMNS FROM `article` [ RunTime:0.0097s ]

[ 2017-03-31T22:08:06+08:00 ] ::1 /AuthOne/index.php/Home/Index/search.html?keyword=cnblue
INFO: [ app_begin ] --START--
INFO: Run Behavior\ReadHtmlCacheBehavior [ RunTime:0.000983s ]
INFO: [ app_begin ] --END-- [ RunTime:0.001913s ]
SQL: SHOW COLUMNS FROM `article` [ RunTime:0.0108s ]
SQL: SELECT COUNT(*) AS tp_count FROM `article` WHERE (`title` LIKE '%cnblue%' OR `title` LIKE '%cnblue') LIMIT 1   [ RunTime:0.0018s ]
SQL: SHOW COLUMNS FROM `article` [ RunTime:0.0106s ]

[ 2017-03-31T23:07:56+08:00 ] ::1 /AuthOne/index.php/Home/Index/tagcate/tagid/2.html
ERR: 非法操作:tagcate

