[ 2017-03-07T22:35:54+08:00 ] ::1 /AuthOne/
ERR: 1146:Table 'authone.admin_menu' doesn't exist
 [ SQL语句 ] : SHOW COLUMNS FROM `admin_menu`

[ 2017-03-07T22:42:07+08:00 ] ::1 /AuthOne/index.php/Admin
ERR: 无法加载控制器:Admin

[ 2017-03-07T22:42:14+08:00 ] ::1 /AuthOne/Admin
ERR: 无法加载控制器:Http:

[ 2017-03-07T23:03:02+08:00 ] ::1 /AuthOne/
ERR: 模板不存在:./Application/Home/View/Index/index.html

[ 2017-03-07T23:03:36+08:00 ] ::1 /AuthOne/js/skel.min.js
ERR: 无法加载控制器:Http:

[ 2017-03-07T23:03:36+08:00 ] ::1 /AuthOne/js/skel-panels.min.js
ERR: 无法加载控制器:Http:

[ 2017-03-07T23:03:36+08:00 ] ::1 /AuthOne/js/init.js
ERR: 无法加载控制器:Http:

[ 2017-03-07T23:04:28+08:00 ] ::1 /AuthOne/js/skel.min.js
ERR: 无法加载控制器:Http:

[ 2017-03-07T23:04:28+08:00 ] ::1 /AuthOne/js/init.js
ERR: 无法加载控制器:Http:

[ 2017-03-07T23:04:28+08:00 ] ::1 /AuthOne/js/skel-panels.min.js
ERR: 无法加载控制器:Http:

[ 2017-03-07T23:04:45+08:00 ] ::1 /AuthOne/js/skel.min.js
ERR: 无法加载控制器:Http:

[ 2017-03-07T23:04:45+08:00 ] ::1 /AuthOne/js/skel-panels.min.js
ERR: 无法加载控制器:Http:

[ 2017-03-07T23:04:45+08:00 ] ::1 /AuthOne/js/init.js
ERR: 无法加载控制器:Http:

[ 2017-03-07T23:04:55+08:00 ] ::1 /AuthOne/js/skel.min.js
ERR: 无法加载控制器:Http:

[ 2017-03-07T23:04:55+08:00 ] ::1 /AuthOne/js/init.js
ERR: 无法加载控制器:Http:

[ 2017-03-07T23:04:55+08:00 ] ::1 /AuthOne/js/skel-panels.min.js
ERR: 无法加载控制器:Http:

[ 2017-03-07T23:05:57+08:00 ] ::1 /AuthOne/js/skel.min.js
ERR: 无法加载控制器:Http:

[ 2017-03-07T23:05:57+08:00 ] ::1 /AuthOne/js/skel-panels.min.js
ERR: 无法加载控制器:Http:

[ 2017-03-07T23:05:57+08:00 ] ::1 /AuthOne/js/init.js
ERR: 无法加载控制器:Http:

[ 2017-03-07T23:06:08+08:00 ] ::1 /AuthOne/js/skel.min.js
ERR: 无法加载控制器:Http:

[ 2017-03-07T23:06:08+08:00 ] ::1 /AuthOne/js/skel-panels.min.js
ERR: 无法加载控制器:Http:

[ 2017-03-07T23:06:08+08:00 ] ::1 /AuthOne/js/init.js
ERR: 无法加载控制器:Http:

[ 2017-03-07T23:06:19+08:00 ] ::1 /AuthOne/js/skel.min.js
ERR: 无法加载控制器:Http:

[ 2017-03-07T23:06:19+08:00 ] ::1 /AuthOne/js/skel-panels.min.js
ERR: 无法加载控制器:Http:

[ 2017-03-07T23:06:19+08:00 ] ::1 /AuthOne/js/init.js
ERR: 无法加载控制器:Http:

[ 2017-03-07T23:07:32+08:00 ] ::1 /AuthOne/js/skel.min.js
ERR: 无法加载控制器:Http:

[ 2017-03-07T23:07:32+08:00 ] ::1 /AuthOne/js/skel-panels.min.js
ERR: 无法加载控制器:Http:

[ 2017-03-07T23:07:32+08:00 ] ::1 /AuthOne/js/init.js
ERR: 无法加载控制器:Http:

[ 2017-03-07T23:10:32+08:00 ] ::1 /AuthOne/css/style.css
ERR: 无法加载控制器:Http:

[ 2017-03-07T23:10:32+08:00 ] ::1 /AuthOne/css/style-1000px.css
ERR: 无法加载控制器:Http:

[ 2017-03-07T23:10:32+08:00 ] ::1 /AuthOne/css/style-desktop.css
ERR: 无法加载控制器:Http:

[ 2017-03-07T23:12:07+08:00 ] ::1 /AuthOne/css/style.css
ERR: 无法加载控制器:Http:

[ 2017-03-07T23:12:07+08:00 ] ::1 /AuthOne/css/style-desktop.css
ERR: 无法加载控制器:Http:

[ 2017-03-07T23:12:07+08:00 ] ::1 /AuthOne/css/style-1000px.css
ERR: 无法加载控制器:Http:

[ 2017-03-07T23:12:09+08:00 ] ::1 /AuthOne/css/style.css
ERR: 无法加载控制器:Http:

[ 2017-03-07T23:12:09+08:00 ] ::1 /AuthOne/css/style-desktop.css
ERR: 无法加载控制器:Http:

[ 2017-03-07T23:12:09+08:00 ] ::1 /AuthOne/css/style-1000px.css
ERR: 无法加载控制器:Http:

[ 2017-03-07T23:12:12+08:00 ] ::1 /AuthOne/css/style.css
ERR: 无法加载控制器:Http:

[ 2017-03-07T23:12:12+08:00 ] ::1 /AuthOne/css/style-desktop.css
ERR: 无法加载控制器:Http:

[ 2017-03-07T23:12:12+08:00 ] ::1 /AuthOne/css/style-1000px.css
ERR: 无法加载控制器:Http:

[ 2017-03-07T23:19:14+08:00 ] ::1 /AuthOne/css/style.css
ERR: 无法加载控制器:Http:

[ 2017-03-07T23:19:14+08:00 ] ::1 /AuthOne/css/style-desktop.css
ERR: 无法加载控制器:Http:

