[ 2017-05-01T10:51:07+08:00 ] ::1 /AuthOne/index.php/Home/Index/getActivityList
INFO: [ app_begin ] --START--
INFO: Run Behavior\ReadHtmlCacheBehavior [ RunTime:0.003313s ]
INFO: [ app_begin ] --END-- [ RunTime:0.005497s ]
SQL: SHOW COLUMNS FROM `activity` [ RunTime:0.0524s ]
SQL: SELECT `id`,`uid`,`slogan`,`linkurl`,`filepath` FROM `activity` WHERE ( is_valid = 'y' ) ORDER BY createtime DESC LIMIT 5   [ RunTime:0.0015s ]

[ 2017-05-01T10:52:19+08:00 ] ::1 /AuthOne/index.php/Home/Index/getActivityList
INFO: [ app_begin ] --START--
INFO: Run Behavior\ReadHtmlCacheBehavior [ RunTime:0.002854s ]
INFO: [ app_begin ] --END-- [ RunTime:0.004524s ]
SQL: SHOW COLUMNS FROM `activity` [ RunTime:0.0224s ]
SQL: SELECT `id`,`uid`,`slogan`,`linkurl`,`filepath` FROM `activity` WHERE ( is_valid = 'y' ) ORDER BY createtime DESC LIMIT 5   [ RunTime:0.0041s ]

[ 2017-05-01T11:33:35+08:00 ] ::1 /AuthOne/
ERR: 1054:Unknown column 'nums' in 'field list'
 [ SQL语句 ] : SELECT `id`,`nums`,`tagname` FROM `tag` ORDER BY nums DESC 

[ 2017-05-01T11:34:25+08:00 ] ::1 /AuthOne/
ERR: 1054:Unknown column 'nums' in 'field list'
 [ SQL语句 ] : SELECT `id`,`nums`,`tagname` FROM `tag` ORDER BY nums DESC 

[ 2017-05-01T11:35:41+08:00 ] ::1 /AuthOne/
ERR: 1054:Unknown column 'nums' in 'field list'
 [ SQL语句 ] : SELECT `id`,`nums`,`tagname` FROM `tag` ORDER BY nums DESC 

[ 2017-05-01T11:43:13+08:00 ] ::1 /AuthOne/
ERR: 1054:Unknown column 'nums' in 'field list'
 [ SQL语句 ] : SELECT `id`,`nums`,`tagname` FROM `tag` ORDER BY nums DESC 

[ 2017-05-01T11:48:57+08:00 ] ::1 /AuthOne/
ERR: 1054:Unknown column 'nums' in 'field list'
 [ SQL语句 ] : SELECT `id`,`nums`,`tagname` FROM `tag` ORDER BY nums DESC 

[ 2017-05-01T12:03:06+08:00 ] ::1 /AuthOne/
ERR: 1054:Unknown column 'nums' in 'field list'
 [ SQL语句 ] : SELECT `id`,`nums`,`tagname` FROM `tag` ORDER BY nums DESC 

[ 2017-05-01T12:07:04+08:00 ] ::1 /AuthOne/
ERR: 1054:Unknown column 'nums' in 'field list'
 [ SQL语句 ] : SELECT `id`,`nums`,`tagname` FROM `tag` ORDER BY nums DESC 

[ 2017-05-01T13:21:25+08:00 ] ::1 /AuthOne/
ERR: 1054:Unknown column 'nums' in 'field list'
 [ SQL语句 ] : SELECT `id`,`nums`,`tagname` FROM `tag` ORDER BY nums DESC 

[ 2017-05-01T13:24:56+08:00 ] ::1 /AuthOne/
ERR: 1054:Unknown column 'nums' in 'field list'
 [ SQL语句 ] : SELECT `id`,`nums`,`tagname` FROM `tag` ORDER BY nums DESC 

[ 2017-05-01T13:27:18+08:00 ] ::1 /AuthOne/
ERR: 1054:Unknown column 'nums' in 'field list'
 [ SQL语句 ] : SELECT `id`,`nums`,`tagname` FROM `tag` ORDER BY nums DESC 

[ 2017-05-01T15:41:04+08:00 ] ::1 /AuthOne/
ERR: 1054:Unknown column 'nums' in 'field list'
 [ SQL语句 ] : SELECT `id`,`nums`,`tagname` FROM `tag` ORDER BY nums DESC 

[ 2017-05-01T23:19:46+08:00 ] ::1 /AuthOne/index.php/Home/Blog/Index.html
ERR: 无法加载控制器:Blog

