[ 2017-04-23T00:01:00+08:00 ] ::1 /AuthOne/index.php/Home/Index/AuthOne/index.php/Home/Index/getActivityList
INFO: [ app_begin ] --START--
INFO: Run Behavior\ReadHtmlCacheBehavior [ RunTime:0.003010s ]
INFO: [ app_begin ] --END-- [ RunTime:0.006867s ]
ERR: 非法操作:AuthOne

[ 2017-04-23T00:03:38+08:00 ] ::1 /AuthOne/index.php/Home/Index/getActivityList
INFO: [ app_begin ] --START--
INFO: Run Behavior\ReadHtmlCacheBehavior [ RunTime:0.003314s ]
INFO: [ app_begin ] --END-- [ RunTime:0.005290s ]
SQL: SHOW COLUMNS FROM `activity` [ RunTime:0.0213s ]
SQL: SELECT `uid`,`slogan`,`linkurl`,`filepath` FROM `activity` WHERE ( is_valid = 'y' ) ORDER BY createtime DESC LIMIT 5   [ RunTime:0.0024s ]
INFO: [ app_end ] --START--
INFO: Run Behavior\ShowPageTraceBehavior [ RunTime:0.002266s ]
INFO: [ app_end ] --END-- [ RunTime:0.002434s ]

[ 2017-04-23T00:04:25+08:00 ] ::1 /AuthOne/index.php/Home/Index/getActivityList
INFO: [ app_begin ] --START--
INFO: Run Behavior\ReadHtmlCacheBehavior [ RunTime:0.002715s ]
INFO: [ app_begin ] --END-- [ RunTime:0.004118s ]
SQL: SHOW COLUMNS FROM `activity` [ RunTime:0.0154s ]
SQL: SELECT `uid`,`slogan`,`linkurl`,`filepath` FROM `activity` WHERE ( is_valid = 'y' ) ORDER BY createtime DESC LIMIT 5   [ RunTime:0.0018s ]
INFO: [ app_end ] --START--
INFO: Run Behavior\ShowPageTraceBehavior [ RunTime:0.001916s ]
INFO: [ app_end ] --END-- [ RunTime:0.002046s ]

[ 2017-04-23T00:04:53+08:00 ] ::1 /AuthOne/index.php/Home/Index/getActivityList
INFO: [ app_begin ] --START--
INFO: Run Behavior\ReadHtmlCacheBehavior [ RunTime:0.004004s ]
INFO: [ app_begin ] --END-- [ RunTime:0.005965s ]
SQL: SHOW COLUMNS FROM `activity` [ RunTime:0.0413s ]
SQL: SELECT `uid`,`slogan`,`linkurl`,`filepath` FROM `activity` WHERE ( is_valid = 'y' ) ORDER BY createtime DESC LIMIT 5   [ RunTime:0.0043s ]
INFO: [ app_end ] --START--
INFO: Run Behavior\ShowPageTraceBehavior [ RunTime:0.001822s ]
INFO: [ app_end ] --END-- [ RunTime:0.001963s ]

[ 2017-04-23T00:05:15+08:00 ] ::1 /AuthOne/index.php/Home/Index/getActivityList
INFO: [ app_begin ] --START--
INFO: Run Behavior\ReadHtmlCacheBehavior [ RunTime:0.015443s ]
INFO: [ app_begin ] --END-- [ RunTime:0.017413s ]
SQL: SHOW COLUMNS FROM `activity` [ RunTime:0.2025s ]
SQL: SELECT `uid`,`slogan`,`linkurl`,`filepath` FROM `activity` WHERE ( is_valid = 'n' ) ORDER BY createtime DESC LIMIT 5   [ RunTime:0.0065s ]
NOTIC: [8] Use of undefined constant error - assumed 'error' D:\xampp\htdocs\AuthOne\Application\Common\Common\function.php 第 59 行.
INFO: [ app_end ] --START--
INFO: Run Behavior\ShowPageTraceBehavior [ RunTime:0.002976s ]
INFO: [ app_end ] --END-- [ RunTime:0.003145s ]

[ 2017-04-23T00:05:29+08:00 ] ::1 /AuthOne/index.php/Home/Index/getActivityList
INFO: [ app_begin ] --START--
INFO: Run Behavior\ReadHtmlCacheBehavior [ RunTime:0.002803s ]
INFO: [ app_begin ] --END-- [ RunTime:0.004260s ]
SQL: SHOW COLUMNS FROM `activity` [ RunTime:0.0258s ]
SQL: SELECT `uid`,`slogan`,`linkurl`,`filepath` FROM `activity` WHERE ( is_valid = 'n' ) ORDER BY createtime DESC LIMIT 5   [ RunTime:0.0014s ]
NOTIC: [8] Use of undefined constant error - assumed 'error' D:\xampp\htdocs\AuthOne\Application\Common\Common\function.php 第 59 行.
INFO: [ app_end ] --START--
INFO: Run Behavior\ShowPageTraceBehavior [ RunTime:0.001948s ]
INFO: [ app_end ] --END-- [ RunTime:0.002109s ]

[ 2017-04-23T00:06:15+08:00 ] ::1 /AuthOne/index.php/Home/Index/getActivityList
INFO: [ app_begin ] --START--
INFO: Run Behavior\ReadHtmlCacheBehavior [ RunTime:0.003829s ]
INFO: [ app_begin ] --END-- [ RunTime:0.006517s ]
SQL: SHOW COLUMNS FROM `activity` [ RunTime:0.0558s ]
SQL: SELECT `uid`,`slogan`,`linkurl`,`filepath` FROM `activity` WHERE ( is_valid = 'n' ) ORDER BY createtime DESC LIMIT 5   [ RunTime:0.0211s ]
NOTIC: [8] Use of undefined constant error - assumed 'error' D:\xampp\htdocs\AuthOne\Application\Common\Common\function.php 第 59 行.
INFO: [ app_end ] --START--
INFO: Run Behavior\ShowPageTraceBehavior [ RunTime:0.002032s ]
INFO: [ app_end ] --END-- [ RunTime:0.002257s ]

[ 2017-04-23T00:08:59+08:00 ] ::1 /AuthOne/index.php/Home/Index/getActivityList
INFO: [ app_begin ] --START--
INFO: Run Behavior\ReadHtmlCacheBehavior [ RunTime:0.005016s ]
INFO: [ app_begin ] --END-- [ RunTime:0.007055s ]
SQL: SHOW COLUMNS FROM `activity` [ RunTime:0.0257s ]
SQL: SELECT `uid`,`slogan`,`linkurl`,`filepath` FROM `activity` WHERE ( is_valid = 'n' ) ORDER BY createtime DESC LIMIT 5   [ RunTime:0.0046s ]
NOTIC: [8] Use of undefined constant error - assumed 'error' D:\xampp\htdocs\AuthOne\Application\Common\Common\function.php 第 59 行.
INFO: [ app_end ] --START--
INFO: Run Behavior\ShowPageTraceBehavior [ RunTime:0.002154s ]
INFO: [ app_end ] --END-- [ RunTime:0.002317s ]

[ 2017-04-23T00:16:44+08:00 ] ::1 /AuthOne/index.php/Home/Index/getActivityList
INFO: [ app_begin ] --START--
INFO: Run Behavior\ReadHtmlCacheBehavior [ RunTime:0.003764s ]
INFO: [ app_begin ] --END-- [ RunTime:0.006612s ]
SQL: SHOW COLUMNS FROM `activity` [ RunTime:0.0325s ]
SQL: SELECT `uid`,`slogan`,`linkurl`,`filepath` FROM `activity` WHERE ( is_valid = 'y' ) ORDER BY createtime DESC LIMIT 5   [ RunTime:0.0036s ]

[ 2017-04-23T00:16:47+08:00 ] ::1 /AuthOne/index.php/Home/Index/getActivityList
INFO: [ app_begin ] --START--
INFO: Run Behavior\ReadHtmlCacheBehavior [ RunTime:0.015565s ]
INFO: [ app_begin ] --END-- [ RunTime:0.017906s ]
SQL: SHOW COLUMNS FROM `activity` [ RunTime:0.0370s ]
SQL: SELECT `uid`,`slogan`,`linkurl`,`filepath` FROM `activity` WHERE ( is_valid = 'y' ) ORDER BY createtime DESC LIMIT 5   [ RunTime:0.0057s ]

[ 2017-04-23T00:17:13+08:00 ] ::1 /AuthOne/index.php/Home/Index/getActivityList
INFO: [ app_begin ] --START--
INFO: Run Behavior\ReadHtmlCacheBehavior [ RunTime:0.002480s ]
INFO: [ app_begin ] --END-- [ RunTime:0.003789s ]
SQL: SHOW COLUMNS FROM `activity` [ RunTime:0.0153s ]
SQL: SELECT `uid`,`slogan`,`linkurl`,`filepath` FROM `activity` WHERE ( is_valid = 'n' ) ORDER BY createtime DESC LIMIT 5   [ RunTime:0.0014s ]
NOTIC: [8] Use of undefined constant error - assumed 'error' D:\xampp\htdocs\AuthOne\Application\Home\Controller\IndexController.class.php 第 151 行.

[ 2017-04-23T00:17:39+08:00 ] ::1 /AuthOne/index.php/Home/Index/getActivityList
INFO: [ app_begin ] --START--
INFO: Run Behavior\ReadHtmlCacheBehavior [ RunTime:0.001991s ]
INFO: [ app_begin ] --END-- [ RunTime:0.003284s ]
SQL: SHOW COLUMNS FROM `activity` [ RunTime:0.0224s ]
SQL: SELECT `uid`,`slogan`,`linkurl`,`filepath` FROM `activity` WHERE ( is_valid = 'n' ) ORDER BY createtime DESC LIMIT 5   [ RunTime:0.0011s ]
NOTIC: [8] Use of undefined constant error - assumed 'error' D:\xampp\htdocs\AuthOne\Application\Home\Controller\IndexController.class.php 第 151 行.

[ 2017-04-23T11:26:42+08:00 ] ::1 /AuthOne/index.php/Home/Index/getActivityList
INFO: [ app_begin ] --START--
INFO: Run Behavior\ReadHtmlCacheBehavior [ RunTime:0.002488s ]
INFO: [ app_begin ] --END-- [ RunTime:0.003786s ]
SQL: SHOW COLUMNS FROM `activity` [ RunTime:0.0163s ]
SQL: SELECT `uid`,`slogan`,`linkurl`,`filepath` FROM `activity` WHERE ( is_valid = 'y' ) ORDER BY createtime DESC LIMIT 5   [ RunTime:0.0018s ]

[ 2017-04-23T11:27:02+08:00 ] ::1 /AuthOne/index.php/Home/Index/getActivityList
INFO: [ app_begin ] --START--
INFO: Run Behavior\ReadHtmlCacheBehavior [ RunTime:0.002844s ]
INFO: [ app_begin ] --END-- [ RunTime:0.004618s ]
SQL: SHOW COLUMNS FROM `activity` [ RunTime:0.0199s ]
SQL: SELECT `uid`,`slogan`,`linkurl`,`filepath` FROM `activity` WHERE ( is_valid = 'y' ) ORDER BY createtime DESC LIMIT 5   [ RunTime:0.0039s ]

[ 2017-04-23T11:27:55+08:00 ] ::1 /AuthOne/index.php/Home/Index/getActivityList
INFO: [ app_begin ] --START--
INFO: Run Behavior\ReadHtmlCacheBehavior [ RunTime:0.001452s ]
INFO: [ app_begin ] --END-- [ RunTime:0.003197s ]
SQL: SHOW COLUMNS FROM `activity` [ RunTime:0.0163s ]
SQL: SELECT `uid`,`slogan`,`linkurl`,`filepath` FROM `activity` WHERE ( is_valid = 'y' ) ORDER BY createtime DESC LIMIT 5   [ RunTime:0.0039s ]

[ 2017-04-23T11:28:13+08:00 ] ::1 /AuthOne/index.php/Home/Index/getActivityList
INFO: [ app_begin ] --START--
INFO: Run Behavior\ReadHtmlCacheBehavior [ RunTime:0.002349s ]
INFO: [ app_begin ] --END-- [ RunTime:0.003413s ]
SQL: SHOW COLUMNS FROM `activity` [ RunTime:0.0160s ]
SQL: SELECT `uid`,`slogan`,`linkurl`,`filepath` FROM `activity` WHERE ( is_valid = 'n' ) ORDER BY createtime DESC LIMIT 5   [ RunTime:0.0022s ]
NOTIC: [8] Use of undefined constant error - assumed 'error' D:\xampp\htdocs\AuthOne\Application\Home\Controller\IndexController.class.php 第 151 行.

[ 2017-04-23T11:29:05+08:00 ] ::1 /AuthOne/index.php/Home/Index/getActivityList
INFO: [ app_begin ] --START--
INFO: Run Behavior\ReadHtmlCacheBehavior [ RunTime:0.001321s ]
INFO: [ app_begin ] --END-- [ RunTime:0.002418s ]
SQL: SHOW COLUMNS FROM `activity` [ RunTime:0.0216s ]
SQL: SELECT `uid`,`slogan`,`linkurl`,`filepath` FROM `activity` WHERE ( is_valid = 'y' ) ORDER BY createtime DESC LIMIT 5   [ RunTime:0.0055s ]

[ 2017-04-23T11:29:54+08:00 ] ::1 /AuthOne/index.php/Home/Index/category/cid/Arrayid.html
ERR: 1054:Unknown column 'Arrayid' in 'where clause'
 [ SQL语句 ] : SELECT `id`,`pid`,`title` FROM `admin_auth_rule` WHERE ( id = Arrayid OR pid =Arrayid ) 

[ 2017-04-23T11:30:01+08:00 ] ::1 /AuthOne/index.php/Home/Index/getActivityList
INFO: [ app_begin ] --START--
INFO: Run Behavior\ReadHtmlCacheBehavior [ RunTime:0.002077s ]
INFO: [ app_begin ] --END-- [ RunTime:0.003238s ]
SQL: SHOW COLUMNS FROM `activity` [ RunTime:0.0206s ]
SQL: SELECT `uid`,`slogan`,`linkurl`,`filepath` FROM `activity` WHERE ( is_valid = 'y' ) ORDER BY createtime DESC LIMIT 5   [ RunTime:0.0055s ]

[ 2017-04-23T11:30:02+08:00 ] ::1 /AuthOne/index.php/Home/Index/category/cid/Arrayid.html
ERR: 1054:Unknown column 'Arrayid' in 'where clause'
 [ SQL语句 ] : SELECT `id`,`pid`,`title` FROM `admin_auth_rule` WHERE ( id = Arrayid OR pid =Arrayid ) 

[ 2017-04-23T11:30:05+08:00 ] ::1 /AuthOne/index.php/Home/Index/getActivityList
INFO: [ app_begin ] --START--
INFO: Run Behavior\ReadHtmlCacheBehavior [ RunTime:0.001187s ]
INFO: [ app_begin ] --END-- [ RunTime:0.002488s ]
SQL: SHOW COLUMNS FROM `activity` [ RunTime:0.0221s ]
SQL: SELECT `uid`,`slogan`,`linkurl`,`filepath` FROM `activity` WHERE ( is_valid = 'y' ) ORDER BY createtime DESC LIMIT 5   [ RunTime:0.0052s ]

[ 2017-04-23T11:30:12+08:00 ] ::1 /AuthOne/index.php/Home/Index/getActivityList
INFO: [ app_begin ] --START--
INFO: Run Behavior\ReadHtmlCacheBehavior [ RunTime:0.001631s ]
INFO: [ app_begin ] --END-- [ RunTime:0.003029s ]
SQL: SHOW COLUMNS FROM `activity` [ RunTime:0.0334s ]
SQL: SELECT `uid`,`slogan`,`linkurl`,`filepath` FROM `activity` WHERE ( is_valid = 'y' ) ORDER BY createtime DESC LIMIT 5   [ RunTime:0.0016s ]

[ 2017-04-23T11:34:23+08:00 ] ::1 /AuthOne/index.php/Home/Index/getActivityList
INFO: [ app_begin ] --START--
INFO: Run Behavior\ReadHtmlCacheBehavior [ RunTime:0.002703s ]
INFO: [ app_begin ] --END-- [ RunTime:0.004009s ]
SQL: SHOW COLUMNS FROM `activity` [ RunTime:0.0339s ]
SQL: SELECT `uid`,`slogan`,`linkurl`,`filepath` FROM `activity` WHERE ( is_valid = 'y' ) ORDER BY createtime DESC LIMIT 5   [ RunTime:0.0042s ]

[ 2017-04-23T11:47:52+08:00 ] ::1 /AuthOne/index.php/Home/Index/getActivityList
INFO: [ app_begin ] --START--
INFO: Run Behavior\ReadHtmlCacheBehavior [ RunTime:0.003121s ]
INFO: [ app_begin ] --END-- [ RunTime:0.004864s ]
SQL: SHOW COLUMNS FROM `activity` [ RunTime:0.0237s ]
SQL: SELECT `id`,`uid`,`slogan`,`linkurl`,`filepath` FROM `activity` WHERE ( is_valid = 'y' ) ORDER BY createtime DESC LIMIT 5   [ RunTime:0.0041s ]

[ 2017-04-23T11:48:33+08:00 ] ::1 /AuthOne/index.php/Home/Index/getActivityList
INFO: [ app_begin ] --START--
INFO: Run Behavior\ReadHtmlCacheBehavior [ RunTime:0.003201s ]
INFO: [ app_begin ] --END-- [ RunTime:0.005021s ]
SQL: SHOW COLUMNS FROM `activity` [ RunTime:0.0197s ]
SQL: SELECT `id`,`uid`,`slogan`,`linkurl`,`filepath` FROM `activity` WHERE ( is_valid = 'y' ) ORDER BY createtime DESC LIMIT 5   [ RunTime:0.0025s ]

[ 2017-04-23T11:48:35+08:00 ] ::1 /AuthOne/index.php/Home/Index/1
ERR: 非法操作:1

[ 2017-04-23T11:51:16+08:00 ] ::1 /AuthOne/index.php/Home/Index/getActivityList
INFO: [ app_begin ] --START--
INFO: Run Behavior\ReadHtmlCacheBehavior [ RunTime:0.005208s ]
INFO: [ app_begin ] --END-- [ RunTime:0.009176s ]
SQL: SHOW COLUMNS FROM `activity` [ RunTime:0.0217s ]
SQL: SELECT `id`,`uid`,`slogan`,`linkurl`,`filepath` FROM `activity` WHERE ( is_valid = 'y' ) ORDER BY createtime DESC LIMIT 5   [ RunTime:0.0028s ]

[ 2017-04-23T11:51:23+08:00 ] ::1 /AuthOne/index.php/Home/Index/getActivityList
INFO: [ app_begin ] --START--
INFO: Run Behavior\ReadHtmlCacheBehavior [ RunTime:0.003060s ]
INFO: [ app_begin ] --END-- [ RunTime:0.004593s ]
SQL: SHOW COLUMNS FROM `activity` [ RunTime:0.0208s ]
SQL: SELECT `id`,`uid`,`slogan`,`linkurl`,`filepath` FROM `activity` WHERE ( is_valid = 'y' ) ORDER BY createtime DESC LIMIT 5   [ RunTime:0.0046s ]

[ 2017-04-23T11:52:14+08:00 ] ::1 /AuthOne/index.php/Home/Index/getActivityList
INFO: [ app_begin ] --START--
INFO: Run Behavior\ReadHtmlCacheBehavior [ RunTime:0.002941s ]
INFO: [ app_begin ] --END-- [ RunTime:0.004690s ]
SQL: SHOW COLUMNS FROM `activity` [ RunTime:0.0204s ]
SQL: SELECT `id`,`uid`,`slogan`,`linkurl`,`filepath` FROM `activity` WHERE ( is_valid = 'y' ) ORDER BY createtime DESC LIMIT 5   [ RunTime:0.0025s ]

[ 2017-04-23T11:57:50+08:00 ] ::1 /AuthOne/index.php/Home/Index/getActivityList
INFO: [ app_begin ] --START--
INFO: Run Behavior\ReadHtmlCacheBehavior [ RunTime:0.002798s ]
INFO: [ app_begin ] --END-- [ RunTime:0.004523s ]
SQL: SHOW COLUMNS FROM `activity` [ RunTime:0.0181s ]
SQL: SELECT `id`,`uid`,`slogan`,`linkurl`,`filepath` FROM `activity` WHERE ( is_valid = 'y' ) ORDER BY createtime DESC LIMIT 5   [ RunTime:0.0011s ]

[ 2017-04-23T12:02:20+08:00 ] ::1 /AuthOne/index.php/Home/Index/getActivityList
INFO: [ app_begin ] --START--
INFO: Run Behavior\ReadHtmlCacheBehavior [ RunTime:0.003864s ]
INFO: [ app_begin ] --END-- [ RunTime:0.005859s ]
SQL: SHOW COLUMNS FROM `activity` [ RunTime:0.0627s ]
SQL: SELECT `id`,`uid`,`slogan`,`linkurl`,`filepath` FROM `activity` WHERE ( is_valid = 'y' ) ORDER BY createtime DESC LIMIT 5   [ RunTime:0.0070s ]

[ 2017-04-23T12:03:17+08:00 ] ::1 /AuthOne/index.php/Home/Index/getActivityList
INFO: [ app_begin ] --START--
INFO: Run Behavior\ReadHtmlCacheBehavior [ RunTime:0.003130s ]
INFO: [ app_begin ] --END-- [ RunTime:0.005679s ]
SQL: SHOW COLUMNS FROM `activity` [ RunTime:0.0454s ]
SQL: SELECT `id`,`uid`,`slogan`,`linkurl`,`filepath` FROM `activity` WHERE ( is_valid = 'y' ) ORDER BY createtime DESC LIMIT 5   [ RunTime:0.0046s ]

[ 2017-04-23T12:13:17+08:00 ] ::1 /AuthOne/index.php/Home/Index/getActivityList
INFO: [ app_begin ] --START--
INFO: Run Behavior\ReadHtmlCacheBehavior [ RunTime:0.003304s ]
INFO: [ app_begin ] --END-- [ RunTime:0.005284s ]
SQL: SHOW COLUMNS FROM `activity` [ RunTime:0.0223s ]
SQL: SELECT `id`,`uid`,`slogan`,`linkurl`,`filepath` FROM `activity` WHERE ( is_valid = 'y' ) ORDER BY createtime DESC LIMIT 5   [ RunTime:0.0035s ]

[ 2017-04-23T12:14:10+08:00 ] ::1 /AuthOne/index.php/Home/Index/getActivityList
INFO: [ app_begin ] --START--
INFO: Run Behavior\ReadHtmlCacheBehavior [ RunTime:0.002659s ]
INFO: [ app_begin ] --END-- [ RunTime:0.004034s ]
SQL: SHOW COLUMNS FROM `activity` [ RunTime:0.0171s ]
SQL: SELECT `id`,`uid`,`slogan`,`linkurl`,`filepath` FROM `activity` WHERE ( is_valid = 'y' ) ORDER BY createtime DESC LIMIT 5   [ RunTime:0.0043s ]

[ 2017-04-23T12:15:02+08:00 ] ::1 /AuthOne/index.php/Home/Index/getActivityList
INFO: [ app_begin ] --START--
INFO: Run Behavior\ReadHtmlCacheBehavior [ RunTime:0.002868s ]
INFO: [ app_begin ] --END-- [ RunTime:0.004479s ]
SQL: SHOW COLUMNS FROM `activity` [ RunTime:0.0164s ]
SQL: SELECT `id`,`uid`,`slogan`,`linkurl`,`filepath` FROM `activity` WHERE ( is_valid = 'y' ) ORDER BY createtime DESC LIMIT 5   [ RunTime:0.0014s ]

[ 2017-04-23T12:16:13+08:00 ] ::1 /AuthOne/index.php/Home/Index/getActivityList
INFO: [ app_begin ] --START--
INFO: Run Behavior\ReadHtmlCacheBehavior [ RunTime:0.001904s ]
INFO: [ app_begin ] --END-- [ RunTime:0.003310s ]
SQL: SHOW COLUMNS FROM `activity` [ RunTime:0.0123s ]
SQL: SELECT `id`,`uid`,`slogan`,`linkurl`,`filepath` FROM `activity` WHERE ( is_valid = 'y' ) ORDER BY createtime DESC LIMIT 5   [ RunTime:0.0012s ]

[ 2017-04-23T13:15:57+08:00 ] ::1 /AuthOne/index.php/Home/Index/getActivityList
INFO: [ app_begin ] --START--
INFO: Run Behavior\ReadHtmlCacheBehavior [ RunTime:0.004159s ]
INFO: [ app_begin ] --END-- [ RunTime:0.005591s ]
SQL: SHOW COLUMNS FROM `activity` [ RunTime:0.0233s ]
SQL: SELECT `id`,`uid`,`slogan`,`linkurl`,`filepath` FROM `activity` WHERE ( is_valid = 'y' ) ORDER BY createtime DESC LIMIT 5   [ RunTime:0.0035s ]

[ 2017-04-23T13:16:50+08:00 ] ::1 /AuthOne/index.php/Home/Index/getActivityList
INFO: [ app_begin ] --START--
INFO: Run Behavior\ReadHtmlCacheBehavior [ RunTime:0.003336s ]
INFO: [ app_begin ] --END-- [ RunTime:0.004732s ]
SQL: SHOW COLUMNS FROM `activity` [ RunTime:0.0212s ]
SQL: SELECT `id`,`uid`,`slogan`,`linkurl`,`filepath` FROM `activity` WHERE ( is_valid = 'y' ) ORDER BY createtime DESC LIMIT 5   [ RunTime:0.0020s ]

[ 2017-04-23T13:24:25+08:00 ] ::1 /AuthOne/index.php/Home/Index/getActivityList
INFO: [ app_begin ] --START--
INFO: Run Behavior\ReadHtmlCacheBehavior [ RunTime:0.003362s ]
INFO: [ app_begin ] --END-- [ RunTime:0.005296s ]
SQL: SHOW COLUMNS FROM `activity` [ RunTime:0.0267s ]
SQL: SELECT `id`,`uid`,`slogan`,`linkurl`,`filepath` FROM `activity` WHERE ( is_valid = 'y' ) ORDER BY createtime DESC LIMIT 5   [ RunTime:0.0102s ]

[ 2017-04-23T13:25:22+08:00 ] ::1 /AuthOne/index.php/Home/Index/getActivityList
INFO: [ app_begin ] --START--
INFO: Run Behavior\ReadHtmlCacheBehavior [ RunTime:0.004890s ]
INFO: [ app_begin ] --END-- [ RunTime:0.006594s ]
SQL: SHOW COLUMNS FROM `activity` [ RunTime:0.0306s ]
SQL: SELECT `id`,`uid`,`slogan`,`linkurl`,`filepath` FROM `activity` WHERE ( is_valid = 'y' ) ORDER BY createtime DESC LIMIT 5   [ RunTime:0.0035s ]

[ 2017-04-23T13:26:53+08:00 ] ::1 /AuthOne/index.php/Home/Index/getActivityList
INFO: [ app_begin ] --START--
INFO: Run Behavior\ReadHtmlCacheBehavior [ RunTime:0.001810s ]
INFO: [ app_begin ] --END-- [ RunTime:0.002839s ]
SQL: SHOW COLUMNS FROM `activity` [ RunTime:0.0196s ]
SQL: SELECT `id`,`uid`,`slogan`,`linkurl`,`filepath` FROM `activity` WHERE ( is_valid = 'y' ) ORDER BY createtime DESC LIMIT 5   [ RunTime:0.0023s ]

[ 2017-04-23T13:31:41+08:00 ] ::1 /AuthOne/index.php/Home/Index/getActivityList
INFO: [ app_begin ] --START--
INFO: Run Behavior\ReadHtmlCacheBehavior [ RunTime:0.005143s ]
INFO: [ app_begin ] --END-- [ RunTime:0.008064s ]
SQL: SHOW COLUMNS FROM `activity` [ RunTime:0.0549s ]
SQL: SELECT `id`,`uid`,`slogan`,`linkurl`,`filepath` FROM `activity` WHERE ( is_valid = 'y' ) ORDER BY createtime DESC LIMIT 5   [ RunTime:0.0048s ]

[ 2017-04-23T13:32:32+08:00 ] ::1 /AuthOne/index.php/Home/Index/getActivityList
INFO: [ app_begin ] --START--
INFO: Run Behavior\ReadHtmlCacheBehavior [ RunTime:0.002143s ]
INFO: [ app_begin ] --END-- [ RunTime:0.003403s ]
SQL: SHOW COLUMNS FROM `activity` [ RunTime:0.0215s ]
SQL: SELECT `id`,`uid`,`slogan`,`linkurl`,`filepath` FROM `activity` WHERE ( is_valid = 'y' ) ORDER BY createtime DESC LIMIT 5   [ RunTime:0.0027s ]

[ 2017-04-23T13:32:43+08:00 ] ::1 /AuthOne/index.php/Home/Index/getActivityList
INFO: [ app_begin ] --START--
INFO: Run Behavior\ReadHtmlCacheBehavior [ RunTime:0.002776s ]
INFO: [ app_begin ] --END-- [ RunTime:0.004255s ]
SQL: SHOW COLUMNS FROM `activity` [ RunTime:0.0278s ]
SQL: SELECT `id`,`uid`,`slogan`,`linkurl`,`filepath` FROM `activity` WHERE ( is_valid = 'y' ) ORDER BY createtime DESC LIMIT 5   [ RunTime:0.0022s ]

[ 2017-04-23T13:38:09+08:00 ] ::1 /AuthOne/index.php/Home/Index/getActivityList
INFO: [ app_begin ] --START--
INFO: Run Behavior\ReadHtmlCacheBehavior [ RunTime:0.002469s ]
INFO: [ app_begin ] --END-- [ RunTime:0.004187s ]
SQL: SHOW COLUMNS FROM `activity` [ RunTime:0.0365s ]
SQL: SELECT `id`,`uid`,`slogan`,`linkurl`,`filepath` FROM `activity` WHERE ( is_valid = 'y' ) ORDER BY createtime DESC LIMIT 5   [ RunTime:0.0083s ]

[ 2017-04-23T13:40:18+08:00 ] ::1 /AuthOne/index.php/Home/Index/getActivityList
INFO: [ app_begin ] --START--
INFO: Run Behavior\ReadHtmlCacheBehavior [ RunTime:0.002637s ]
INFO: [ app_begin ] --END-- [ RunTime:0.004155s ]
SQL: SHOW COLUMNS FROM `activity` [ RunTime:0.0270s ]
SQL: SELECT `id`,`uid`,`slogan`,`linkurl`,`filepath` FROM `activity` WHERE ( is_valid = 'y' ) ORDER BY createtime DESC LIMIT 5   [ RunTime:0.0039s ]

[ 2017-04-23T13:41:17+08:00 ] ::1 /AuthOne/index.php/Home/Index/getActivityList
INFO: [ app_begin ] --START--
INFO: Run Behavior\ReadHtmlCacheBehavior [ RunTime:0.003589s ]
INFO: [ app_begin ] --END-- [ RunTime:0.005024s ]
SQL: SHOW COLUMNS FROM `activity` [ RunTime:0.0225s ]
SQL: SELECT `id`,`uid`,`slogan`,`linkurl`,`filepath` FROM `activity` WHERE ( is_valid = 'y' ) ORDER BY createtime DESC LIMIT 5   [ RunTime:0.0042s ]

[ 2017-04-23T13:42:24+08:00 ] ::1 /AuthOne/index.php/Home/Index/getActivityList
INFO: [ app_begin ] --START--
INFO: Run Behavior\ReadHtmlCacheBehavior [ RunTime:0.004062s ]
INFO: [ app_begin ] --END-- [ RunTime:0.006650s ]
SQL: SHOW COLUMNS FROM `activity` [ RunTime:0.0249s ]
SQL: SELECT `id`,`uid`,`slogan`,`linkurl`,`filepath` FROM `activity` WHERE ( is_valid = 'y' ) ORDER BY createtime DESC LIMIT 5   [ RunTime:0.0050s ]

[ 2017-04-23T13:58:00+08:00 ] ::1 /AuthOne/index.php/Home/Index/getActivityList
INFO: [ app_begin ] --START--
INFO: Run Behavior\ReadHtmlCacheBehavior [ RunTime:0.015123s ]
INFO: [ app_begin ] --END-- [ RunTime:0.017952s ]
SQL: SHOW COLUMNS FROM `activity` [ RunTime:0.0335s ]
SQL: SELECT `id`,`uid`,`slogan`,`linkurl`,`filepath` FROM `activity` WHERE ( is_valid = 'y' ) ORDER BY createtime DESC LIMIT 5   [ RunTime:0.0035s ]

[ 2017-04-23T13:59:08+08:00 ] ::1 /AuthOne/index.php/Home/Index/getActivityList
INFO: [ app_begin ] --START--
INFO: Run Behavior\ReadHtmlCacheBehavior [ RunTime:0.002375s ]
INFO: [ app_begin ] --END-- [ RunTime:0.004428s ]
SQL: SHOW COLUMNS FROM `activity` [ RunTime:0.0223s ]
SQL: SELECT `id`,`uid`,`slogan`,`linkurl`,`filepath` FROM `activity` WHERE ( is_valid = 'y' ) ORDER BY createtime DESC LIMIT 5   [ RunTime:0.0028s ]

[ 2017-04-23T16:09:34+08:00 ] ::1 /AuthOne/index.php/Home/Index/getActivityList
INFO: [ app_begin ] --START--
INFO: Run Behavior\ReadHtmlCacheBehavior [ RunTime:0.002936s ]
INFO: [ app_begin ] --END-- [ RunTime:0.004803s ]
SQL: SHOW COLUMNS FROM `activity` [ RunTime:0.0182s ]
SQL: SELECT `id`,`uid`,`slogan`,`linkurl`,`filepath` FROM `activity` WHERE ( is_valid = 'y' ) ORDER BY createtime DESC LIMIT 5   [ RunTime:0.0040s ]

[ 2017-04-23T16:10:04+08:00 ] ::1 /AuthOne/index.php/Home/Index/getActivityList
INFO: [ app_begin ] --START--
INFO: Run Behavior\ReadHtmlCacheBehavior [ RunTime:0.001757s ]
INFO: [ app_begin ] --END-- [ RunTime:0.002862s ]
SQL: SHOW COLUMNS FROM `activity` [ RunTime:0.0361s ]
SQL: SELECT `id`,`uid`,`slogan`,`linkurl`,`filepath` FROM `activity` WHERE ( is_valid = 'y' ) ORDER BY createtime DESC LIMIT 5   [ RunTime:0.0016s ]

[ 2017-04-23T16:11:19+08:00 ] ::1 /AuthOne/index.php/Home/Index/getActivityList
INFO: [ app_begin ] --START--
INFO: Run Behavior\ReadHtmlCacheBehavior [ RunTime:0.002294s ]
INFO: [ app_begin ] --END-- [ RunTime:0.003614s ]
SQL: SHOW COLUMNS FROM `activity` [ RunTime:0.0219s ]
SQL: SELECT `id`,`uid`,`slogan`,`linkurl`,`filepath` FROM `activity` WHERE ( is_valid = 'y' ) ORDER BY createtime DESC LIMIT 5   [ RunTime:0.0024s ]

[ 2017-04-23T16:11:58+08:00 ] ::1 /AuthOne/index.php/Home/Index/getActivityList
INFO: [ app_begin ] --START--
INFO: Run Behavior\ReadHtmlCacheBehavior [ RunTime:0.002865s ]
INFO: [ app_begin ] --END-- [ RunTime:0.005329s ]
SQL: SHOW COLUMNS FROM `activity` [ RunTime:0.0308s ]
SQL: SELECT `id`,`uid`,`slogan`,`linkurl`,`filepath` FROM `activity` WHERE ( is_valid = 'y' ) ORDER BY createtime DESC LIMIT 5   [ RunTime:0.0032s ]

[ 2017-04-23T16:13:05+08:00 ] ::1 /AuthOne/index.php/Home/Index/getActivityList
INFO: [ app_begin ] --START--
INFO: Run Behavior\ReadHtmlCacheBehavior [ RunTime:0.002859s ]
INFO: [ app_begin ] --END-- [ RunTime:0.004277s ]
SQL: SHOW COLUMNS FROM `activity` [ RunTime:0.0248s ]
SQL: SELECT `id`,`uid`,`slogan`,`linkurl`,`filepath` FROM `activity` WHERE ( is_valid = 'y' ) ORDER BY createtime DESC LIMIT 5   [ RunTime:0.0081s ]

[ 2017-04-23T16:13:27+08:00 ] ::1 /AuthOne/index.php/Home/Index/getActivityList
INFO: [ app_begin ] --START--
INFO: Run Behavior\ReadHtmlCacheBehavior [ RunTime:0.002543s ]
INFO: [ app_begin ] --END-- [ RunTime:0.003818s ]
SQL: SHOW COLUMNS FROM `activity` [ RunTime:0.0202s ]
SQL: SELECT `id`,`uid`,`slogan`,`linkurl`,`filepath` FROM `activity` WHERE ( is_valid = 'y' ) ORDER BY createtime DESC LIMIT 5   [ RunTime:0.0060s ]

[ 2017-04-23T16:15:34+08:00 ] ::1 /AuthOne/index.php/Home/Index/getActivityList
INFO: [ app_begin ] --START--
INFO: Run Behavior\ReadHtmlCacheBehavior [ RunTime:0.003713s ]
INFO: [ app_begin ] --END-- [ RunTime:0.005402s ]
SQL: SHOW COLUMNS FROM `activity` [ RunTime:0.0507s ]
SQL: SELECT `id`,`uid`,`slogan`,`linkurl`,`filepath` FROM `activity` WHERE ( is_valid = 'y' ) ORDER BY createtime DESC LIMIT 5   [ RunTime:0.0291s ]

[ 2017-04-23T16:22:10+08:00 ] ::1 /AuthOne/index.php/Home/Index/getActivityList
INFO: [ app_begin ] --START--
INFO: Run Behavior\ReadHtmlCacheBehavior [ RunTime:0.002101s ]
INFO: [ app_begin ] --END-- [ RunTime:0.003429s ]
SQL: SHOW COLUMNS FROM `activity` [ RunTime:0.0265s ]
SQL: SELECT `id`,`uid`,`slogan`,`linkurl`,`filepath` FROM `activity` WHERE ( is_valid = 'y' ) ORDER BY createtime DESC LIMIT 5   [ RunTime:0.0077s ]

[ 2017-04-23T16:24:52+08:00 ] ::1 /AuthOne/index.php/Home/Index/getActivityList
INFO: [ app_begin ] --START--
INFO: Run Behavior\ReadHtmlCacheBehavior [ RunTime:0.003521s ]
INFO: [ app_begin ] --END-- [ RunTime:0.004965s ]
SQL: SHOW COLUMNS FROM `activity` [ RunTime:0.0206s ]
SQL: SELECT `id`,`uid`,`slogan`,`linkurl`,`filepath` FROM `activity` WHERE ( is_valid = 'y' ) ORDER BY createtime DESC LIMIT 5   [ RunTime:0.0028s ]

[ 2017-04-23T16:26:56+08:00 ] ::1 /AuthOne/index.php/Home/Index/getActivityList
INFO: [ app_begin ] --START--
INFO: Run Behavior\ReadHtmlCacheBehavior [ RunTime:0.004146s ]
INFO: [ app_begin ] --END-- [ RunTime:0.005963s ]
SQL: SHOW COLUMNS FROM `activity` [ RunTime:0.0954s ]
SQL: SELECT `id`,`uid`,`slogan`,`linkurl`,`filepath` FROM `activity` WHERE ( is_valid = 'y' ) ORDER BY createtime DESC LIMIT 5   [ RunTime:0.0669s ]

[ 2017-04-23T16:31:49+08:00 ] ::1 /AuthOne/index.php/Home/Index/getActivityList
INFO: [ app_begin ] --START--
INFO: Run Behavior\ReadHtmlCacheBehavior [ RunTime:0.014397s ]
INFO: [ app_begin ] --END-- [ RunTime:0.019193s ]
SQL: SHOW COLUMNS FROM `activity` [ RunTime:0.0659s ]
SQL: SELECT `id`,`uid`,`slogan`,`linkurl`,`filepath` FROM `activity` WHERE ( is_valid = 'y' ) ORDER BY createtime DESC LIMIT 5   [ RunTime:0.0155s ]

[ 2017-04-23T16:37:46+08:00 ] ::1 /AuthOne/index.php/Home/Index/getActivityList
INFO: [ app_begin ] --START--
INFO: Run Behavior\ReadHtmlCacheBehavior [ RunTime:0.002856s ]
INFO: [ app_begin ] --END-- [ RunTime:0.004280s ]
SQL: SHOW COLUMNS FROM `activity` [ RunTime:0.0250s ]
SQL: SELECT `id`,`uid`,`slogan`,`linkurl`,`filepath` FROM `activity` WHERE ( is_valid = 'y' ) ORDER BY createtime DESC LIMIT 5   [ RunTime:0.0039s ]

[ 2017-04-23T17:22:47+08:00 ] ::1 /AuthOne/index.php/Home/Index/getActivityList
INFO: [ app_begin ] --START--
INFO: Run Behavior\ReadHtmlCacheBehavior [ RunTime:0.002501s ]
INFO: [ app_begin ] --END-- [ RunTime:0.004181s ]
SQL: SHOW COLUMNS FROM `activity` [ RunTime:0.0290s ]
SQL: SELECT `id`,`uid`,`slogan`,`linkurl`,`filepath` FROM `activity` WHERE ( is_valid = 'y' ) ORDER BY createtime DESC LIMIT 5   [ RunTime:0.0018s ]

[ 2017-04-23T17:29:06+08:00 ] ::1 /AuthOne/index.php/Home/Index/getActivityList
INFO: [ app_begin ] --START--
INFO: Run Behavior\ReadHtmlCacheBehavior [ RunTime:0.002997s ]
INFO: [ app_begin ] --END-- [ RunTime:0.004657s ]
SQL: SHOW COLUMNS FROM `activity` [ RunTime:0.0508s ]
SQL: SELECT `id`,`uid`,`slogan`,`linkurl`,`filepath` FROM `activity` WHERE ( is_valid = 'y' ) ORDER BY createtime DESC LIMIT 5   [ RunTime:0.0099s ]

[ 2017-04-23T17:42:52+08:00 ] ::1 /AuthOne/index.php/Home/Index/getActivityList
INFO: [ app_begin ] --START--
INFO: Run Behavior\ReadHtmlCacheBehavior [ RunTime:0.002433s ]
INFO: [ app_begin ] --END-- [ RunTime:0.003816s ]
SQL: SHOW COLUMNS FROM `activity` [ RunTime:0.0292s ]
SQL: SELECT `id`,`uid`,`slogan`,`linkurl`,`filepath` FROM `activity` WHERE ( is_valid = 'y' ) ORDER BY createtime DESC LIMIT 5   [ RunTime:0.0016s ]

[ 2017-04-23T17:43:18+08:00 ] ::1 /AuthOne/index.php/Home/Index/getActivityList
INFO: [ app_begin ] --START--
INFO: Run Behavior\ReadHtmlCacheBehavior [ RunTime:0.004498s ]
INFO: [ app_begin ] --END-- [ RunTime:0.005670s ]
SQL: SHOW COLUMNS FROM `activity` [ RunTime:0.0234s ]
SQL: SELECT `id`,`uid`,`slogan`,`linkurl`,`filepath` FROM `activity` WHERE ( is_valid = 'y' ) ORDER BY createtime DESC LIMIT 5   [ RunTime:0.0012s ]

[ 2017-04-23T17:59:31+08:00 ] ::1 /AuthOne/index.php/Home/Index/getActivityList
INFO: [ app_begin ] --START--
INFO: Run Behavior\ReadHtmlCacheBehavior [ RunTime:0.004981s ]
INFO: [ app_begin ] --END-- [ RunTime:0.007024s ]
SQL: SHOW COLUMNS FROM `activity` [ RunTime:0.0520s ]
SQL: SELECT `id`,`uid`,`slogan`,`linkurl`,`filepath` FROM `activity` WHERE ( is_valid = 'y' ) ORDER BY createtime DESC LIMIT 5   [ RunTime:0.0054s ]

[ 2017-04-23T18:00:37+08:00 ] ::1 /AuthOne/index.php/Home/Index/getActivityList
INFO: [ app_begin ] --START--
INFO: Run Behavior\ReadHtmlCacheBehavior [ RunTime:0.025180s ]
INFO: [ app_begin ] --END-- [ RunTime:0.028434s ]
SQL: SHOW COLUMNS FROM `activity` [ RunTime:0.1344s ]
SQL: SELECT `id`,`uid`,`slogan`,`linkurl`,`filepath` FROM `activity` WHERE ( is_valid = 'y' ) ORDER BY createtime DESC LIMIT 5   [ RunTime:0.0025s ]

[ 2017-04-23T18:01:10+08:00 ] ::1 /AuthOne/index.php/Home/Index/getActivityList
INFO: [ app_begin ] --START--
INFO: Run Behavior\ReadHtmlCacheBehavior [ RunTime:0.002922s ]
INFO: [ app_begin ] --END-- [ RunTime:0.004427s ]
SQL: SHOW COLUMNS FROM `activity` [ RunTime:0.0506s ]
SQL: SELECT `id`,`uid`,`slogan`,`linkurl`,`filepath` FROM `activity` WHERE ( is_valid = 'y' ) ORDER BY createtime DESC LIMIT 5   [ RunTime:0.0143s ]

[ 2017-04-23T18:02:50+08:00 ] ::1 /AuthOne/index.php/Home/Index/getActivityList
INFO: [ app_begin ] --START--
INFO: Run Behavior\ReadHtmlCacheBehavior [ RunTime:0.009056s ]
INFO: [ app_begin ] --END-- [ RunTime:0.010884s ]
SQL: SHOW COLUMNS FROM `activity` [ RunTime:0.0322s ]
SQL: SELECT `id`,`uid`,`slogan`,`linkurl`,`filepath` FROM `activity` WHERE ( is_valid = 'y' ) ORDER BY createtime DESC LIMIT 5   [ RunTime:0.0033s ]

[ 2017-04-23T18:05:41+08:00 ] ::1 /AuthOne/index.php/Home/Index/getActivityList
INFO: [ app_begin ] --START--
INFO: Run Behavior\ReadHtmlCacheBehavior [ RunTime:0.002802s ]
INFO: [ app_begin ] --END-- [ RunTime:0.004409s ]
SQL: SHOW COLUMNS FROM `activity` [ RunTime:0.0529s ]
SQL: SELECT `id`,`uid`,`slogan`,`linkurl`,`filepath` FROM `activity` WHERE ( is_valid = 'y' ) ORDER BY createtime DESC LIMIT 5   [ RunTime:0.0229s ]

[ 2017-04-23T18:06:56+08:00 ] ::1 /AuthOne/index.php/Home/Index/getActivityList
INFO: [ app_begin ] --START--
INFO: Run Behavior\ReadHtmlCacheBehavior [ RunTime:0.023414s ]
INFO: [ app_begin ] --END-- [ RunTime:0.026338s ]
SQL: SHOW COLUMNS FROM `activity` [ RunTime:0.1113s ]
SQL: SELECT `id`,`uid`,`slogan`,`linkurl`,`filepath` FROM `activity` WHERE ( is_valid = 'y' ) ORDER BY createtime DESC LIMIT 5   [ RunTime:0.0098s ]

[ 2017-04-23T18:11:22+08:00 ] ::1 /AuthOne/index.php/Home/Index/getActivityList
INFO: [ app_begin ] --START--
INFO: Run Behavior\ReadHtmlCacheBehavior [ RunTime:0.004176s ]
INFO: [ app_begin ] --END-- [ RunTime:0.006841s ]
SQL: SHOW COLUMNS FROM `activity` [ RunTime:0.0250s ]
SQL: SELECT `id`,`uid`,`slogan`,`linkurl`,`filepath` FROM `activity` WHERE ( is_valid = 'y' ) ORDER BY createtime DESC LIMIT 5   [ RunTime:0.0015s ]

[ 2017-04-23T18:11:48+08:00 ] ::1 /AuthOne/index.php/Home/Index/getActivityList
INFO: [ app_begin ] --START--
INFO: Run Behavior\ReadHtmlCacheBehavior [ RunTime:0.003456s ]
INFO: [ app_begin ] --END-- [ RunTime:0.004868s ]
SQL: SHOW COLUMNS FROM `activity` [ RunTime:0.0406s ]
SQL: SELECT `id`,`uid`,`slogan`,`linkurl`,`filepath` FROM `activity` WHERE ( is_valid = 'y' ) ORDER BY createtime DESC LIMIT 5   [ RunTime:0.0118s ]

[ 2017-04-23T18:14:36+08:00 ] ::1 /AuthOne/index.php/Home/Index/getActivityList
INFO: [ app_begin ] --START--
INFO: Run Behavior\ReadHtmlCacheBehavior [ RunTime:0.011600s ]
INFO: [ app_begin ] --END-- [ RunTime:0.013664s ]
SQL: SHOW COLUMNS FROM `activity` [ RunTime:0.0232s ]
SQL: SELECT `id`,`uid`,`slogan`,`linkurl`,`filepath` FROM `activity` WHERE ( is_valid = 'y' ) ORDER BY createtime DESC LIMIT 5   [ RunTime:0.0032s ]

[ 2017-04-23T18:14:47+08:00 ] ::1 /AuthOne/index.php/Home/Index/getActivityList
INFO: [ app_begin ] --START--
INFO: Run Behavior\ReadHtmlCacheBehavior [ RunTime:0.004972s ]
INFO: [ app_begin ] --END-- [ RunTime:0.006485s ]
SQL: SHOW COLUMNS FROM `activity` [ RunTime:0.0226s ]
SQL: SELECT `id`,`uid`,`slogan`,`linkurl`,`filepath` FROM `activity` WHERE ( is_valid = 'y' ) ORDER BY createtime DESC LIMIT 5   [ RunTime:0.0043s ]

[ 2017-04-23T18:15:49+08:00 ] ::1 /AuthOne/index.php/Home/Index/getActivityList
INFO: [ app_begin ] --START--
INFO: Run Behavior\ReadHtmlCacheBehavior [ RunTime:0.005367s ]
INFO: [ app_begin ] --END-- [ RunTime:0.007301s ]
SQL: SHOW COLUMNS FROM `activity` [ RunTime:0.0699s ]
SQL: SELECT `id`,`uid`,`slogan`,`linkurl`,`filepath` FROM `activity` WHERE ( is_valid = 'y' ) ORDER BY createtime DESC LIMIT 5   [ RunTime:0.0037s ]

[ 2017-04-23T18:23:02+08:00 ] ::1 /AuthOne/index.php/Home/Index/getActivityList
INFO: [ app_begin ] --START--
INFO: Run Behavior\ReadHtmlCacheBehavior [ RunTime:0.002724s ]
INFO: [ app_begin ] --END-- [ RunTime:0.004672s ]
SQL: SHOW COLUMNS FROM `activity` [ RunTime:0.0478s ]
SQL: SELECT `id`,`uid`,`slogan`,`linkurl`,`filepath` FROM `activity` WHERE ( is_valid = 'y' ) ORDER BY createtime DESC LIMIT 5   [ RunTime:0.0042s ]

[ 2017-04-23T18:24:30+08:00 ] ::1 /AuthOne/index.php/Home/Index/getActivityList
INFO: [ app_begin ] --START--
INFO: Run Behavior\ReadHtmlCacheBehavior [ RunTime:0.002858s ]
INFO: [ app_begin ] --END-- [ RunTime:0.004307s ]
SQL: SHOW COLUMNS FROM `activity` [ RunTime:0.0899s ]
SQL: SELECT `id`,`uid`,`slogan`,`linkurl`,`filepath` FROM `activity` WHERE ( is_valid = 'y' ) ORDER BY createtime DESC LIMIT 5   [ RunTime:0.0124s ]

[ 2017-04-23T18:28:04+08:00 ] ::1 /AuthOne/index.php/Home/Index/getActivityList
INFO: [ app_begin ] --START--
INFO: Run Behavior\ReadHtmlCacheBehavior [ RunTime:0.004909s ]
INFO: [ app_begin ] --END-- [ RunTime:0.015965s ]
SQL: SHOW COLUMNS FROM `activity` [ RunTime:0.0614s ]
SQL: SELECT `id`,`uid`,`slogan`,`linkurl`,`filepath` FROM `activity` WHERE ( is_valid = 'y' ) ORDER BY createtime DESC LIMIT 5   [ RunTime:0.0185s ]

[ 2017-04-23T18:28:10+08:00 ] ::1 /AuthOne/index.php/Home/Index/getActivityList
INFO: [ app_begin ] --START--
INFO: Run Behavior\ReadHtmlCacheBehavior [ RunTime:0.002532s ]
INFO: [ app_begin ] --END-- [ RunTime:0.004016s ]
SQL: SHOW COLUMNS FROM `activity` [ RunTime:0.0449s ]
SQL: SELECT `id`,`uid`,`slogan`,`linkurl`,`filepath` FROM `activity` WHERE ( is_valid = 'y' ) ORDER BY createtime DESC LIMIT 5   [ RunTime:0.0445s ]

[ 2017-04-23T18:28:26+08:00 ] ::1 /AuthOne/index.php/Home/Index/getActivityList
INFO: [ app_begin ] --START--
INFO: Run Behavior\ReadHtmlCacheBehavior [ RunTime:0.005141s ]
INFO: [ app_begin ] --END-- [ RunTime:0.006702s ]
SQL: SHOW COLUMNS FROM `activity` [ RunTime:0.0263s ]
SQL: SELECT `id`,`uid`,`slogan`,`linkurl`,`filepath` FROM `activity` WHERE ( is_valid = 'y' ) ORDER BY createtime DESC LIMIT 5   [ RunTime:0.0117s ]

[ 2017-04-23T18:28:51+08:00 ] ::1 /AuthOne/index.php/Home/Index/getActivityList
INFO: [ app_begin ] --START--
INFO: Run Behavior\ReadHtmlCacheBehavior [ RunTime:0.004342s ]
INFO: [ app_begin ] --END-- [ RunTime:0.006391s ]
SQL: SHOW COLUMNS FROM `activity` [ RunTime:0.1447s ]
SQL: SELECT `id`,`uid`,`slogan`,`linkurl`,`filepath` FROM `activity` WHERE ( is_valid = 'y' ) ORDER BY createtime DESC LIMIT 5   [ RunTime:0.0057s ]

[ 2017-04-23T22:36:11+08:00 ] ::1 /AuthOne/index.php/Home/Index/search.html?keyword=%E5%A4%A7%E5%8F%94%E5%A4%A7%E5%A9%B6
INFO: [ app_begin ] --START--
INFO: Run Behavior\ReadHtmlCacheBehavior [ RunTime:0.003943s ]
INFO: [ app_begin ] --END-- [ RunTime:0.005497s ]
SQL: SHOW COLUMNS FROM `article` [ RunTime:0.0217s ]
SQL: SELECT COUNT(*) AS tp_count FROM article a WHERE (a.title LIKE '%大叔大婶%' OR a.title LIKE '%大叔大婶') LIMIT 1   [ RunTime:0.0093s ]
SQL: SELECT a.*,b.user_name as nickname,c.title as catename FROM article a LEFT JOIN admin_user b ON a.uid = b.id LEFT JOIN admin_auth_rule c ON a.cid = c.id  WHERE (a.title LIKE '%大叔大婶%' OR a.title LIKE '%大叔大婶') ORDER BY a.createtime DESC,a.readcounts DESC LIMIT 0,10   [ RunTime:0.0022s ]
NOTIC: [8] Use of undefined constant error - assumed 'error' D:\xampp\htdocs\AuthOne\Application\Home\Controller\IndexController.class.php 第 81 行.

[ 2017-04-23T22:44:09+08:00 ] ::1 /AuthOne/index.php/Home/Index/getActivityList
INFO: [ app_begin ] --START--
INFO: Run Behavior\ReadHtmlCacheBehavior [ RunTime:0.002820s ]
INFO: [ app_begin ] --END-- [ RunTime:0.004312s ]
SQL: SHOW COLUMNS FROM `activity` [ RunTime:0.0466s ]
SQL: SELECT `id`,`uid`,`slogan`,`linkurl`,`filepath` FROM `activity` WHERE ( is_valid = 'y' ) ORDER BY createtime DESC LIMIT 5   [ RunTime:0.0060s ]

[ 2017-04-23T22:50:11+08:00 ] ::1 /AuthOne/index.php/Home/Index/getActivityList
INFO: [ app_begin ] --START--
INFO: Run Behavior\ReadHtmlCacheBehavior [ RunTime:0.003189s ]
INFO: [ app_begin ] --END-- [ RunTime:0.004847s ]
SQL: SHOW COLUMNS FROM `activity` [ RunTime:0.0212s ]
SQL: SELECT `id`,`uid`,`slogan`,`linkurl`,`filepath` FROM `activity` WHERE ( is_valid = 'y' ) ORDER BY createtime DESC LIMIT 5   [ RunTime:0.0041s ]

