[ 2017-09-27T22:57:23+08:00 ] ::1 /Blog/index.php/Home/Index/getActivityList
INFO: [ app_init ] --START--
INFO: Run Behavior\BuildLiteBehavior [ RunTime:0.000000s ]
INFO: [ app_init ] --END-- [ RunTime:0.002000s ]
ERR: 无法加载模块:Blog

[ 2017-09-27T22:57:56+08:00 ] ::1 /Blog/index.php/Home/Index/search/?keyword=php
INFO: [ app_init ] --START--
INFO: Run Behavior\BuildLiteBehavior [ RunTime:0.000000s ]
INFO: [ app_init ] --END-- [ RunTime:0.000000s ]
ERR: 无法加载模块:Blog

[ 2017-09-27T22:57:59+08:00 ] ::1 /Blog/index.php/Home/Index/search/?keyword=php
INFO: [ app_init ] --START--
INFO: Run Behavior\BuildLiteBehavior [ RunTime:0.000000s ]
INFO: [ app_init ] --END-- [ RunTime:0.000000s ]
ERR: 无法加载模块:Blog

[ 2017-09-27T22:58:01+08:00 ] ::1 /Blog/index.php/Home/Index/search/?keyword=php
INFO: [ app_init ] --START--
INFO: Run Behavior\BuildLiteBehavior [ RunTime:0.000000s ]
INFO: [ app_init ] --END-- [ RunTime:0.001000s ]
ERR: 无法加载模块:Blog

[ 2017-09-27T22:58:06+08:00 ] ::1 /Blog/index.php/Home/Index/search/?keyword=php
INFO: [ app_init ] --START--
INFO: Run Behavior\BuildLiteBehavior [ RunTime:0.000000s ]
INFO: [ app_init ] --END-- [ RunTime:0.000000s ]
ERR: 无法加载模块:Blog

[ 2017-09-27T23:05:08+08:00 ] ::1 /frontendStudy
INFO: [ app_init ] --START--
INFO: Run Behavior\BuildLiteBehavior [ RunTime:0.000000s ]
INFO: [ app_init ] --END-- [ RunTime:0.001000s ]
ERR: 无法加载模块:FrontendStudy

[ 2017-09-27T23:08:15+08:00 ] ::1 /Public/Images/login-bg-1.jpg
INFO: [ app_init ] --START--
INFO: Run Behavior\BuildLiteBehavior [ RunTime:0.000000s ]
INFO: [ app_init ] --END-- [ RunTime:0.001000s ]
ERR: 无法加载模块:Public

