[ 2017-09-24T00:17:15+08:00 ] 127.0.0.1 /Blog/Public/upload/Ad/123456789_15.jpg
INFO: [ app_init ] --START--
INFO: Run Behavior\BuildLiteBehavior [ RunTime:0.000000s ]
INFO: [ app_init ] --END-- [ RunTime:0.000000s ]
ERR: 无法加载模块:Blog

[ 2017-09-24T00:20:17+08:00 ] 127.0.0.1 /Blog/index.php/Admin/Other/editAd.html
INFO: [ app_init ] --START--
INFO: Run Behavior\BuildLiteBehavior [ RunTime:0.000000s ]
INFO: [ app_init ] --END-- [ RunTime:0.001000s ]
ERR: 无法加载模块:Admin

[ 2017-09-24T00:20:20+08:00 ] 127.0.0.1 /Blog/index.php/Admin/Other/editAd.html
INFO: [ app_init ] --START--
INFO: Run Behavior\BuildLiteBehavior [ RunTime:0.000000s ]
INFO: [ app_init ] --END-- [ RunTime:0.001000s ]
ERR: 无法加载模块:Admin

[ 2017-09-24T00:21:04+08:00 ] 127.0.0.1 /Blog/index.php/Admin/Other/editAd.html
INFO: [ app_init ] --START--
INFO: Run Behavior\BuildLiteBehavior [ RunTime:0.000000s ]
INFO: [ app_init ] --END-- [ RunTime:0.001000s ]
ERR: 无法加载模块:Admin

[ 2017-09-24T00:21:18+08:00 ] 127.0.0.1 /Blog/index.php/Admin/Other/editAd.html
INFO: [ app_init ] --START--
INFO: Run Behavior\BuildLiteBehavior [ RunTime:0.000000s ]
INFO: [ app_init ] --END-- [ RunTime:0.000000s ]
ERR: 无法加载模块:Admin

[ 2017-09-24T00:23:07+08:00 ] 127.0.0.1 /Blog/Public/upload/Ad/123456789_15.jpg
INFO: [ app_init ] --START--
INFO: Run Behavior\BuildLiteBehavior [ RunTime:0.000000s ]
INFO: [ app_init ] --END-- [ RunTime:0.001000s ]
ERR: 无法加载模块:Blog

[ 2017-09-24T00:23:12+08:00 ] 127.0.0.1 /Blog/Public/upload/Ad/123456789_15.jpg
INFO: [ app_init ] --START--
INFO: Run Behavior\BuildLiteBehavior [ RunTime:0.000000s ]
INFO: [ app_init ] --END-- [ RunTime:0.000000s ]
ERR: 无法加载模块:Blog

[ 2017-09-24T00:23:17+08:00 ] 127.0.0.1 /Blog/Public/upload/Ad/123456789_15.jpg
INFO: [ app_init ] --START--
INFO: Run Behavior\BuildLiteBehavior [ RunTime:0.000000s ]
INFO: [ app_init ] --END-- [ RunTime:0.000000s ]
ERR: 无法加载模块:Blog

[ 2017-09-24T10:59:04+08:00 ] 127.0.0.1 /Blog/index.php/Admin/Other/releaseAd.html
INFO: [ app_init ] --START--
INFO: Run Behavior\BuildLiteBehavior [ RunTime:0.000000s ]
INFO: [ app_init ] --END-- [ RunTime:0.000000s ]
ERR: 无法加载模块:Admin

[ 2017-09-24T10:59:07+08:00 ] 127.0.0.1 /Blog/index.php/Admin/Other/releaseAd.html
INFO: [ app_init ] --START--
INFO: Run Behavior\BuildLiteBehavior [ RunTime:0.000000s ]
INFO: [ app_init ] --END-- [ RunTime:0.001000s ]
ERR: 无法加载模块:Admin

[ 2017-09-24T10:59:11+08:00 ] 127.0.0.1 /Blog/index.php/Admin/Other/releaseAd.html
INFO: [ app_init ] --START--
INFO: Run Behavior\BuildLiteBehavior [ RunTime:0.000000s ]
INFO: [ app_init ] --END-- [ RunTime:0.001000s ]
ERR: 无法加载模块:Admin

[ 2017-09-24T11:13:18+08:00 ] 127.0.0.1 /Blog/index.php/Admin/Blog/Index.html
INFO: [ app_init ] --START--
INFO: Run Behavior\BuildLiteBehavior [ RunTime:0.000000s ]
INFO: [ app_init ] --END-- [ RunTime:0.001000s ]
ERR: 无法加载模块:Admin

[ 2017-09-24T15:52:35+08:00 ] 127.0.0.1 /Blog/Public/Images/login-bg-1.jpg
INFO: [ app_init ] --START--
INFO: Run Behavior\BuildLiteBehavior [ RunTime:0.000000s ]
INFO: [ app_init ] --END-- [ RunTime:0.000000s ]
ERR: 无法加载模块:Blog

