[ 2017-05-07T16:25:28+08:00 ] ::1 /AuthOne/Public/upload/Ad/123456789_15.jpg
ERR: 无法加载模块:Http:

[ 2017-05-07T16:30:22+08:00 ] ::1 /AuthOne/Public/upload/Ad/123456789_15.jpg
ERR: 无法加载模块:Http:

[ 2017-05-07T16:32:37+08:00 ] ::1 /AuthOne/Public/upload/Ad/123456789_15.jpg
ERR: 无法加载模块:Http:

[ 2017-05-07T16:35:20+08:00 ] ::1 /AuthOne/index.php/Index/detail/id/32
ERR: 无法加载模块:Index

[ 2017-05-07T16:35:54+08:00 ] ::1 /AuthOne/Public/upload/Ad/123456789_15.jpg
ERR: 无法加载模块:Http:

[ 2017-05-07T16:36:37+08:00 ] ::1 /AuthOne/Public/upload/Ad/123456789_15.jpg
ERR: 无法加载模块:Http:

[ 2017-05-07T16:40:45+08:00 ] ::1 /AuthOne/Public/upload/Ad/123456789_15.jpg
ERR: 无法加载模块:Http:

[ 2017-05-07T16:40:50+08:00 ] ::1 /AuthOne/Public/upload/Ad/123456789_15.jpg
ERR: 无法加载模块:Http:

[ 2017-05-07T16:42:02+08:00 ] ::1 /AuthOne/Public/upload/Ad/123456789_15.jpg
ERR: 无法加载模块:Http:

[ 2017-05-07T16:44:12+08:00 ] ::1 /AuthOne/Public/Images/login-bg-1.jpg
ERR: 无法加载模块:Http:

[ 2017-05-07T16:45:03+08:00 ] ::1 /AuthOne/Public/upload/Ad/123456789_15.jpg
ERR: 无法加载模块:Http:

[ 2017-05-07T16:45:10+08:00 ] ::1 /AuthOne/Public/upload/Ad/123456789_15.jpg
ERR: 无法加载模块:Http:

[ 2017-05-07T16:46:37+08:00 ] ::1 /AuthOne/Public/upload/Ad/123456789_15.jpg
ERR: 无法加载模块:Http:

[ 2017-05-07T16:48:31+08:00 ] ::1 /AuthOne/Public/upload/Ad/123456789_15.jpg
ERR: 无法加载模块:Http:

[ 2017-05-07T16:48:38+08:00 ] ::1 /AuthOne/Public/upload/Ad/123456789_15.jpg
ERR: 无法加载模块:Http:

[ 2017-05-07T16:48:49+08:00 ] ::1 /AuthOne/Public/upload/Ad/123456789_15.jpg
ERR: 无法加载模块:Http:

[ 2017-05-07T16:49:37+08:00 ] ::1 /AuthOne/Public/upload/Ad/123456789_15.jpg
ERR: 无法加载模块:Http:

[ 2017-05-07T16:51:07+08:00 ] ::1 /AuthOne/Public/upload/Ad/123456789_15.jpg
ERR: 无法加载模块:Http:

[ 2017-05-07T16:52:09+08:00 ] ::1 /AuthOne/Public/upload/Ad/123456789_15.jpg
ERR: 无法加载模块:Http:

[ 2017-05-07T16:52:22+08:00 ] ::1 /AuthOne/Public/upload/Ad/123456789_15.jpg
ERR: 无法加载模块:Http:

[ 2017-05-07T16:53:03+08:00 ] ::1 /AuthOne/Public/upload/Ad/123456789_15.jpg
ERR: 无法加载模块:Http:

[ 2017-05-07T16:54:33+08:00 ] ::1 /AuthOne/Public/upload/Ad/123456789_15.jpg
ERR: 无法加载模块:Http:

[ 2017-05-07T16:54:42+08:00 ] ::1 /AuthOne/Public/upload/Ad/123456789_15.jpg
ERR: 无法加载模块:Http:

[ 2017-05-07T16:55:04+08:00 ] ::1 /AuthOne/Public/upload/Ad/123456789_15.jpg
ERR: 无法加载模块:Http:

[ 2017-05-07T16:55:08+08:00 ] ::1 /AuthOne/Public/upload/Ad/123456789_15.jpg
ERR: 无法加载模块:Http:

[ 2017-05-07T16:55:12+08:00 ] ::1 /AuthOne/Public/upload/Ad/123456789_15.jpg
ERR: 无法加载模块:Http:

[ 2017-05-07T16:55:27+08:00 ] ::1 /AuthOne/Public/upload/Ad/123456789_15.jpg
ERR: 无法加载模块:Http:

[ 2017-05-07T16:55:33+08:00 ] ::1 /AuthOne/Public/upload/Ad/123456789_15.jpg
ERR: 无法加载模块:Http:

[ 2017-05-07T16:55:58+08:00 ] ::1 /AuthOne/Public/upload/Ad/123456789_15.jpg
ERR: 无法加载模块:Http:

[ 2017-05-07T16:57:06+08:00 ] ::1 /AuthOne/Public/upload/Ad/123456789_15.jpg
ERR: 无法加载模块:Http:

[ 2017-05-07T16:58:18+08:00 ] ::1 /AuthOne/Public/upload/Ad/123456789_15.jpg
ERR: 无法加载模块:Http:

[ 2017-05-07T16:58:40+08:00 ] ::1 /AuthOne/Public/upload/Ad/123456789_15.jpg
ERR: 无法加载模块:Http:

[ 2017-05-07T17:04:03+08:00 ] ::1 /AuthOne/Public/upload/Ad/123456789_15.jpg
ERR: 无法加载模块:Http:

[ 2017-05-07T17:04:27+08:00 ] ::1 /AuthOne/Public/upload/Ad/123456789_15.jpg
ERR: 无法加载模块:Http:

[ 2017-05-07T17:06:01+08:00 ] ::1 /AuthOne/Public/upload/Ad/123456789_15.jpg
ERR: 无法加载模块:Http:

[ 2017-05-07T17:06:23+08:00 ] ::1 /AuthOne/Public/upload/Ad/123456789_15.jpg
ERR: 无法加载模块:Http:

[ 2017-05-07T17:06:44+08:00 ] ::1 /AuthOne/Public/upload/Ad/123456789_15.jpg
ERR: 无法加载模块:Http:

[ 2017-05-07T17:06:51+08:00 ] ::1 /AuthOne/Public/upload/Ad/123456789_15.jpg
ERR: 无法加载模块:Http:

[ 2017-05-07T17:07:16+08:00 ] ::1 /AuthOne/Public/upload/Ad/123456789_15.jpg
ERR: 无法加载模块:Http:

[ 2017-05-07T17:08:30+08:00 ] ::1 /AuthOne/Public/upload/Ad/123456789_15.jpg
ERR: 无法加载模块:Http:

[ 2017-05-07T17:08:36+08:00 ] ::1 /AuthOne/Public/upload/Ad/123456789_15.jpg
ERR: 无法加载模块:Http:

[ 2017-05-07T17:09:10+08:00 ] ::1 /AuthOne/Public/upload/Ad/123456789_15.jpg
ERR: 无法加载模块:Http:

[ 2017-05-07T17:09:59+08:00 ] ::1 /AuthOne/Public/upload/Ad/123456789_15.jpg
ERR: 无法加载模块:Http:

[ 2017-05-07T17:10:30+08:00 ] ::1 /AuthOne/Public/upload/Ad/123456789_15.jpg
ERR: 无法加载模块:Http:

[ 2017-05-07T17:10:34+08:00 ] ::1 /AuthOne/Public/upload/Ad/123456789_15.jpg
ERR: 无法加载模块:Http:

[ 2017-05-07T17:11:04+08:00 ] ::1 /AuthOne/Public/upload/Ad/123456789_15.jpg
ERR: 无法加载模块:Http:

[ 2017-05-07T17:27:18+08:00 ] ::1 /AuthOne/Public/upload/Ad/123456789_15.jpg
ERR: 无法加载模块:Http:

[ 2017-05-07T17:28:17+08:00 ] ::1 /AuthOne/Public/upload/Ad/123456789_15.jpg
ERR: 无法加载模块:Http:

[ 2017-05-07T17:30:23+08:00 ] ::1 /AuthOne/Public/upload/Ad/123456789_15.jpg
ERR: 无法加载模块:Http:

[ 2017-05-07T17:30:29+08:00 ] ::1 /AuthOne/Public/upload/Ad/123456789_15.jpg
ERR: 无法加载模块:Http:

[ 2017-05-07T17:31:47+08:00 ] ::1 /AuthOne/Public/upload/Ad/123456789_15.jpg
ERR: 无法加载模块:Http:

[ 2017-05-07T17:33:28+08:00 ] ::1 /AuthOne/Public/upload/Ad/123456789_15.jpg
ERR: 无法加载模块:Http:

[ 2017-05-07T17:33:42+08:00 ] ::1 /AuthOne/Public/upload/Ad/123456789_15.jpg
ERR: 无法加载模块:Http:

[ 2017-05-07T17:33:48+08:00 ] ::1 /AuthOne/Public/upload/Ad/123456789_15.jpg
ERR: 无法加载模块:Http:

[ 2017-05-07T17:34:27+08:00 ] ::1 /AuthOne/Public/upload/Ad/123456789_15.jpg
ERR: 无法加载模块:Http:

[ 2017-05-07T17:34:44+08:00 ] ::1 /AuthOne/Public/upload/Ad/123456789_15.jpg
ERR: 无法加载模块:Http:

[ 2017-05-07T17:55:34+08:00 ] ::1 /AuthOne/Public/upload/Ad/123456789_15.jpg
ERR: 无法加载模块:Http:

[ 2017-05-07T17:55:42+08:00 ] ::1 /AuthOne/Public/upload/Ad/123456789_15.jpg
ERR: 无法加载模块:Http:

[ 2017-05-07T18:02:13+08:00 ] ::1 /AuthOne/Public/upload/Ad/123456789_15.jpg
ERR: 无法加载模块:Http:

[ 2017-05-07T18:02:40+08:00 ] ::1 /AuthOne/Public/upload/Ad/123456789_15.jpg
ERR: 无法加载模块:Http:

