[ 2017-10-10T21:48:11+08:00 ] ::1 /favicon.ico
ERR: 无法加载模块:Favicon

[ 2017-10-10T21:48:16+08:00 ] ::1 /Public/Images/login-bg-1.jpg
ERR: 无法加载模块:Public

[ 2017-10-10T22:24:47+08:00 ] ::1 /favicon.ico
ERR: 无法加载模块:Favicon

[ 2017-10-10T22:24:47+08:00 ] ::1 /Blog/Public/plugins/layui/layui.js
ERR: 无法加载模块:Blog

[ 2017-10-10T22:24:47+08:00 ] ::1 /Blog/Public/js/common.js
ERR: 无法加载模块:Blog

[ 2017-10-10T22:24:47+08:00 ] ::1 /Blog/Public/images/Home/Banner/banner.jpg
ERR: 无法加载模块:Blog

[ 2017-10-10T22:24:47+08:00 ] ::1 /Blog/Public/upload/Article/20170924/1506234936_15.jpg
ERR: 无法加载模块:Blog

[ 2017-10-10T22:24:48+08:00 ] ::1 /Blog/Public/plugins/layui/layui.js
ERR: 无法加载模块:Blog

[ 2017-10-10T22:24:48+08:00 ] ::1 /Blog/Public/js/common.js
ERR: 无法加载模块:Blog

[ 2017-10-10T22:24:50+08:00 ] ::1 /Blog/index.php/Index/detail/id/40
ERR: 无法加载模块:Blog

[ 2017-10-10T22:25:27+08:00 ] ::1 /index.php/Index/detail/id/40.html
ERR: 无法加载模块:Index

