[ 2017-05-06T13:23:16+08:00 ] ::1 /AuthOne/index.php/Admin/Login/doLogin.html
INFO: [ app_begin ] --START--
INFO: Run Behavior\ReadHtmlCacheBehavior [ RunTime:0.002166s ]
INFO: [ app_begin ] --END-- [ RunTime:0.003443s ]
SQL: SHOW COLUMNS FROM `admin_user` [ RunTime:0.0220s ]
SQL: SELECT * FROM `admin_user` WHERE `user_name` = 'admin' AND `password` = 'e10adc3949ba59abbe56e057f20f883e' AND `status` = 1 LIMIT 1   [ RunTime:0.0019s ]
SQL: UPDATE `admin_user` SET `lastlogin_time`='1494048196' WHERE `id` = 15 [ RunTime:0.0713s ]

[ 2017-05-06T15:50:43+08:00 ] ::1 /AuthOne/index.php/Admin/Login/doLogin.html
INFO: [ app_begin ] --START--
INFO: Run Behavior\ReadHtmlCacheBehavior [ RunTime:0.002055s ]
INFO: [ app_begin ] --END-- [ RunTime:0.003523s ]

[ 2017-05-06T15:50:50+08:00 ] ::1 /AuthOne/index.php/Admin/Login/doLogin.html
INFO: [ app_begin ] --START--
INFO: Run Behavior\ReadHtmlCacheBehavior [ RunTime:0.003638s ]
INFO: [ app_begin ] --END-- [ RunTime:0.005156s ]
SQL: SHOW COLUMNS FROM `admin_user` [ RunTime:0.0155s ]
SQL: SELECT * FROM `admin_user` WHERE `user_name` = 'admin' AND `password` = 'e10adc3949ba59abbe56e057f20f883e' AND `status` = 1 LIMIT 1   [ RunTime:0.0043s ]
SQL: UPDATE `admin_user` SET `lastlogin_time`='1494057050' WHERE `id` = 15 [ RunTime:0.0899s ]

[ 2017-05-06T15:52:02+08:00 ] ::1 /AuthOne/index.php/Admin/Login/doLogin.html
INFO: [ app_begin ] --START--
INFO: Run Behavior\ReadHtmlCacheBehavior [ RunTime:0.002796s ]
INFO: [ app_begin ] --END-- [ RunTime:0.004142s ]
SQL: SHOW COLUMNS FROM `admin_user` [ RunTime:0.0160s ]
SQL: SELECT * FROM `admin_user` WHERE `user_name` = 'admin' AND `password` = 'e10adc3949ba59abbe56e057f20f883e' AND `status` = 1 LIMIT 1   [ RunTime:0.0028s ]
SQL: UPDATE `admin_user` SET `lastlogin_time`='1494057122' WHERE `id` = 15 [ RunTime:0.0982s ]

[ 2017-05-06T15:56:37+08:00 ] ::1 /AuthOne/index.php/Admin/Login/doLogin.html
INFO: [ app_begin ] --START--
INFO: Run Behavior\ReadHtmlCacheBehavior [ RunTime:0.002563s ]
INFO: [ app_begin ] --END-- [ RunTime:0.004065s ]
SQL: SHOW COLUMNS FROM `admin_user` [ RunTime:0.0147s ]
SQL: SELECT * FROM `admin_user` WHERE `user_name` = 'admin' AND `password` = 'e10adc3949ba59abbe56e057f20f883e' AND `status` = 1 LIMIT 1   [ RunTime:0.0026s ]
SQL: UPDATE `admin_user` SET `lastlogin_time`='1494057397' WHERE `id` = 15 [ RunTime:0.1072s ]

[ 2017-05-06T16:04:04+08:00 ] ::1 /AuthOne/index.php/Admin/Other/releaseAd.html
INFO: [ app_begin ] --START--
INFO: Run Behavior\ReadHtmlCacheBehavior [ RunTime:0.002068s ]
INFO: [ app_begin ] --END-- [ RunTime:0.003306s ]
SQL: SHOW COLUMNS FROM `admin_auth_group_access` [ RunTime:0.0133s ]
SQL: SELECT `uid`,`group_id`,`title`,`rules` FROM admin_auth_group_access a INNER JOIN admin_auth_group g on a.group_id=g.id  WHERE ( a.uid='15' and g.status='1' )  [ RunTime:0.0019s ]
SQL: SHOW COLUMNS FROM `admin_auth_rule` [ RunTime:0.0145s ]
SQL: SELECT `condition`,`menu_name` FROM `admin_auth_rule` WHERE `id` IN ('2','36','14','21','24','25','26','27','22','28','29','30','31','23','32','33','34','35','37','56','57','58','59','54','55','63','64','65','66','38','39','40','41','42','43','44','45','60','61','62','67','46','47','48','49','50','52','53') AND `type` = 1 AND `status` = 1  [ RunTime:0.0012s ]
INFO: [ view_parse ] --START--
INFO: [ template_filter ] --START--
INFO: Run Behavior\ContentReplaceBehavior [ RunTime:0.000182s ]
INFO: [ template_filter ] --END-- [ RunTime:0.000377s ]
INFO: Run Behavior\ParseTemplateBehavior [ RunTime:0.032909s ]
INFO: [ view_parse ] --END-- [ RunTime:0.033115s ]
INFO: [ view_filter ] --START--
INFO: Run Behavior\WriteHtmlCacheBehavior [ RunTime:0.001932s ]
INFO: [ view_filter ] --END-- [ RunTime:0.002052s ]
INFO: [ app_end ] --START--
INFO: Run Behavior\ShowPageTraceBehavior [ RunTime:0.002555s ]
INFO: [ app_end ] --END-- [ RunTime:0.002682s ]

[ 2017-05-06T16:07:16+08:00 ] ::1 /AuthOne/index.php/Admin/Other/releaseAd.html
INFO: [ app_begin ] --START--
INFO: Run Behavior\ReadHtmlCacheBehavior [ RunTime:0.002117s ]
INFO: [ app_begin ] --END-- [ RunTime:0.003521s ]
SQL: SHOW COLUMNS FROM `admin_auth_group_access` [ RunTime:0.0188s ]
SQL: SELECT `uid`,`group_id`,`title`,`rules` FROM admin_auth_group_access a INNER JOIN admin_auth_group g on a.group_id=g.id  WHERE ( a.uid='15' and g.status='1' )  [ RunTime:0.0032s ]
SQL: SHOW COLUMNS FROM `admin_auth_rule` [ RunTime:0.0203s ]
SQL: SELECT `condition`,`menu_name` FROM `admin_auth_rule` WHERE `id` IN ('2','36','14','21','24','25','26','27','22','28','29','30','31','23','32','33','34','35','37','56','57','58','59','54','55','63','64','65','66','38','39','40','41','42','43','44','45','60','61','62','67','46','47','48','49','50','52','53') AND `type` = 1 AND `status` = 1  [ RunTime:0.0028s ]
INFO: [ view_parse ] --START--
INFO: [ template_filter ] --START--
INFO: Run Behavior\ContentReplaceBehavior [ RunTime:0.000112s ]
INFO: [ template_filter ] --END-- [ RunTime:0.000236s ]
INFO: Run Behavior\ParseTemplateBehavior [ RunTime:0.029370s ]
INFO: [ view_parse ] --END-- [ RunTime:0.029569s ]
INFO: [ view_filter ] --START--
INFO: Run Behavior\WriteHtmlCacheBehavior [ RunTime:0.001933s ]
INFO: [ view_filter ] --END-- [ RunTime:0.002153s ]
INFO: [ app_end ] --START--
INFO: Run Behavior\ShowPageTraceBehavior [ RunTime:0.001883s ]
INFO: [ app_end ] --END-- [ RunTime:0.001970s ]

[ 2017-05-06T16:31:52+08:00 ] ::1 /AuthOne/index.php/Admin/Index/changepwd.html
INFO: [ app_begin ] --START--
INFO: Run Behavior\ReadHtmlCacheBehavior [ RunTime:0.002658s ]
INFO: [ app_begin ] --END-- [ RunTime:0.004529s ]
INFO: [ view_parse ] --START--
INFO: [ template_filter ] --START--
INFO: Run Behavior\ContentReplaceBehavior [ RunTime:0.000123s ]
INFO: [ template_filter ] --END-- [ RunTime:0.000290s ]
INFO: Run Behavior\ParseTemplateBehavior [ RunTime:0.059584s ]
INFO: [ view_parse ] --END-- [ RunTime:0.059789s ]
INFO: [ view_filter ] --START--
INFO: Run Behavior\WriteHtmlCacheBehavior [ RunTime:0.001742s ]
INFO: [ view_filter ] --END-- [ RunTime:0.001870s ]
INFO: [ app_end ] --START--
INFO: Run Behavior\ShowPageTraceBehavior [ RunTime:0.006143s ]
INFO: [ app_end ] --END-- [ RunTime:0.006311s ]

[ 2017-05-06T16:34:49+08:00 ] ::1 /AuthOne/index.php/Admin/Index/changepwd.html
INFO: [ app_begin ] --START--
INFO: Run Behavior\ReadHtmlCacheBehavior [ RunTime:0.004265s ]
INFO: [ app_begin ] --END-- [ RunTime:0.009339s ]
INFO: [ view_parse ] --START--
INFO: [ template_filter ] --START--
INFO: Run Behavior\ContentReplaceBehavior [ RunTime:0.000120s ]
INFO: [ template_filter ] --END-- [ RunTime:0.000284s ]
INFO: Run Behavior\ParseTemplateBehavior [ RunTime:0.052857s ]
INFO: [ view_parse ] --END-- [ RunTime:0.053136s ]
INFO: [ view_filter ] --START--
INFO: Run Behavior\WriteHtmlCacheBehavior [ RunTime:0.003011s ]
INFO: [ view_filter ] --END-- [ RunTime:0.003155s ]
INFO: [ app_end ] --START--
INFO: Run Behavior\ShowPageTraceBehavior [ RunTime:0.005178s ]
INFO: [ app_end ] --END-- [ RunTime:0.005422s ]

[ 2017-05-06T16:35:47+08:00 ] ::1 /AuthOne/index.php/Admin/Index/changepwd.html
INFO: [ app_begin ] --START--
INFO: Run Behavior\ReadHtmlCacheBehavior [ RunTime:0.006643s ]
INFO: [ app_begin ] --END-- [ RunTime:0.009376s ]
INFO: [ view_parse ] --START--
INFO: [ template_filter ] --START--
INFO: Run Behavior\ContentReplaceBehavior [ RunTime:0.000125s ]
INFO: [ template_filter ] --END-- [ RunTime:0.000280s ]
INFO: Run Behavior\ParseTemplateBehavior [ RunTime:0.039290s ]
INFO: [ view_parse ] --END-- [ RunTime:0.039814s ]
INFO: [ view_filter ] --START--
INFO: Run Behavior\WriteHtmlCacheBehavior [ RunTime:0.002717s ]
INFO: [ view_filter ] --END-- [ RunTime:0.002847s ]
INFO: [ app_end ] --START--
INFO: Run Behavior\ShowPageTraceBehavior [ RunTime:0.003983s ]
INFO: [ app_end ] --END-- [ RunTime:0.004217s ]

[ 2017-05-06T16:36:45+08:00 ] ::1 /AuthOne/index.php/Admin/Index/changepwd.html
INFO: [ app_begin ] --START--
INFO: Run Behavior\ReadHtmlCacheBehavior [ RunTime:0.003147s ]
INFO: [ app_begin ] --END-- [ RunTime:0.004835s ]
INFO: [ view_parse ] --START--
INFO: [ template_filter ] --START--
INFO: Run Behavior\ContentReplaceBehavior [ RunTime:0.000124s ]
INFO: [ template_filter ] --END-- [ RunTime:0.000272s ]
INFO: Run Behavior\ParseTemplateBehavior [ RunTime:0.036717s ]
INFO: [ view_parse ] --END-- [ RunTime:0.036882s ]
INFO: [ view_filter ] --START--
INFO: Run Behavior\WriteHtmlCacheBehavior [ RunTime:0.003308s ]
INFO: [ view_filter ] --END-- [ RunTime:0.003748s ]
INFO: [ app_end ] --START--
INFO: Run Behavior\ShowPageTraceBehavior [ RunTime:0.003383s ]
INFO: [ app_end ] --END-- [ RunTime:0.003531s ]

[ 2017-05-06T16:36:56+08:00 ] ::1 /AuthOne/index.php/Admin/Index/changepwd.html
INFO: [ app_begin ] --START--
INFO: Run Behavior\ReadHtmlCacheBehavior [ RunTime:0.002656s ]
INFO: [ app_begin ] --END-- [ RunTime:0.004451s ]
INFO: [ view_parse ] --START--
INFO: [ template_filter ] --START--
INFO: Run Behavior\ContentReplaceBehavior [ RunTime:0.000083s ]
INFO: [ template_filter ] --END-- [ RunTime:0.000187s ]
INFO: Run Behavior\ParseTemplateBehavior [ RunTime:0.023875s ]
INFO: [ view_parse ] --END-- [ RunTime:0.023994s ]
INFO: [ view_filter ] --START--
INFO: Run Behavior\WriteHtmlCacheBehavior [ RunTime:0.002311s ]
INFO: [ view_filter ] --END-- [ RunTime:0.002423s ]
INFO: [ app_end ] --START--
INFO: Run Behavior\ShowPageTraceBehavior [ RunTime:0.003993s ]
INFO: [ app_end ] --END-- [ RunTime:0.004125s ]

[ 2017-05-06T16:37:05+08:00 ] ::1 /AuthOne/index.php/Admin/Index/changepwd.html
INFO: [ app_begin ] --START--
INFO: Run Behavior\ReadHtmlCacheBehavior [ RunTime:0.002980s ]
INFO: [ app_begin ] --END-- [ RunTime:0.005395s ]
INFO: [ view_parse ] --START--
INFO: [ template_filter ] --START--
INFO: Run Behavior\ContentReplaceBehavior [ RunTime:0.000120s ]
INFO: [ template_filter ] --END-- [ RunTime:0.000265s ]
INFO: Run Behavior\ParseTemplateBehavior [ RunTime:0.070275s ]
INFO: [ view_parse ] --END-- [ RunTime:0.070448s ]
INFO: [ view_filter ] --START--
INFO: Run Behavior\WriteHtmlCacheBehavior [ RunTime:0.007162s ]
INFO: [ view_filter ] --END-- [ RunTime:0.007317s ]
INFO: [ app_end ] --START--
INFO: Run Behavior\ShowPageTraceBehavior [ RunTime:0.007255s ]
INFO: [ app_end ] --END-- [ RunTime:0.007412s ]

[ 2017-05-06T16:37:19+08:00 ] ::1 /AuthOne/index.php/Admin/Index/changepwd.html
INFO: [ app_begin ] --START--
INFO: Run Behavior\ReadHtmlCacheBehavior [ RunTime:0.002610s ]
INFO: [ app_begin ] --END-- [ RunTime:0.004241s ]
INFO: [ view_parse ] --START--
INFO: [ template_filter ] --START--
INFO: Run Behavior\ContentReplaceBehavior [ RunTime:0.000253s ]
INFO: [ template_filter ] --END-- [ RunTime:0.000767s ]
INFO: Run Behavior\ParseTemplateBehavior [ RunTime:0.069135s ]
INFO: [ view_parse ] --END-- [ RunTime:0.069298s ]
INFO: [ view_filter ] --START--
INFO: Run Behavior\WriteHtmlCacheBehavior [ RunTime:0.004347s ]
INFO: [ view_filter ] --END-- [ RunTime:0.004531s ]
INFO: [ app_end ] --START--
INFO: Run Behavior\ShowPageTraceBehavior [ RunTime:0.003570s ]
INFO: [ app_end ] --END-- [ RunTime:0.003776s ]

[ 2017-05-06T16:40:46+08:00 ] ::1 /AuthOne/index.php/Admin/Index/changepwd.html
INFO: [ app_begin ] --START--
INFO: Run Behavior\ReadHtmlCacheBehavior [ RunTime:0.002829s ]
INFO: [ app_begin ] --END-- [ RunTime:0.004936s ]
INFO: [ view_parse ] --START--
INFO: [ template_filter ] --START--
INFO: Run Behavior\ContentReplaceBehavior [ RunTime:0.000130s ]
INFO: [ template_filter ] --END-- [ RunTime:0.000294s ]
INFO: Run Behavior\ParseTemplateBehavior [ RunTime:0.070092s ]
INFO: [ view_parse ] --END-- [ RunTime:0.070402s ]
INFO: [ view_filter ] --START--
INFO: Run Behavior\WriteHtmlCacheBehavior [ RunTime:0.003574s ]
INFO: [ view_filter ] --END-- [ RunTime:0.003713s ]
INFO: [ app_end ] --START--
INFO: Run Behavior\ShowPageTraceBehavior [ RunTime:0.003120s ]
INFO: [ app_end ] --END-- [ RunTime:0.003317s ]

[ 2017-05-06T16:41:02+08:00 ] ::1 /AuthOne/index.php/Admin/Index/changepwd.html
INFO: [ app_begin ] --START--
INFO: Run Behavior\ReadHtmlCacheBehavior [ RunTime:0.002688s ]
INFO: [ app_begin ] --END-- [ RunTime:0.004477s ]

[ 2017-05-06T16:41:21+08:00 ] ::1 /AuthOne/index.php/Admin/Index/changepwd.html
INFO: [ app_begin ] --START--
INFO: Run Behavior\ReadHtmlCacheBehavior [ RunTime:0.004448s ]
INFO: [ app_begin ] --END-- [ RunTime:0.006301s ]
NOTIC: [8] Undefined variable: oldpwd D:\xampp\htdocs\AuthOne\Application\Admin\Controller\IndexController.class.php 第 95 行.

[ 2017-05-06T16:41:39+08:00 ] ::1 /AuthOne/index.php/Admin/Index/changepwd.html
INFO: [ app_begin ] --START--
INFO: Run Behavior\ReadHtmlCacheBehavior [ RunTime:0.002923s ]
INFO: [ app_begin ] --END-- [ RunTime:0.004713s ]
NOTIC: [8] Undefined variable: oldpwd D:\xampp\htdocs\AuthOne\Application\Admin\Controller\IndexController.class.php 第 95 行.
SQL: SHOW COLUMNS FROM `admin_user` [ RunTime:0.0202s ]
SQL: SELECT * FROM `admin_user` WHERE ( id = 15 and status = 'y' ) LIMIT 1   [ RunTime:0.0037s ]

[ 2017-05-06T16:42:08+08:00 ] ::1 /AuthOne/index.php/Admin/Index/changepwd.html
INFO: [ app_begin ] --START--
INFO: Run Behavior\ReadHtmlCacheBehavior [ RunTime:0.002450s ]
INFO: [ app_begin ] --END-- [ RunTime:0.004222s ]
NOTIC: [8] Undefined variable: oldpwd D:\xampp\htdocs\AuthOne\Application\Admin\Controller\IndexController.class.php 第 95 行.
SQL: SHOW COLUMNS FROM `admin_user` [ RunTime:0.0163s ]
SQL: SELECT * FROM `admin_user` WHERE ( id = 15 and status = 'y' ) LIMIT 1   [ RunTime:0.0011s ]

[ 2017-05-06T16:42:54+08:00 ] ::1 /AuthOne/index.php/Admin/Index/changepwd.html
INFO: [ app_begin ] --START--
INFO: Run Behavior\ReadHtmlCacheBehavior [ RunTime:0.006238s ]
INFO: [ app_begin ] --END-- [ RunTime:0.008623s ]
NOTIC: [8] Undefined variable: oldpwd D:\xampp\htdocs\AuthOne\Application\Admin\Controller\IndexController.class.php 第 95 行.
SQL: SHOW COLUMNS FROM `admin_user` [ RunTime:0.0230s ]
SQL: SELECT * FROM `admin_user` WHERE ( id = 15 and status = 'y' ) LIMIT 1   [ RunTime:0.0045s ]

[ 2017-05-06T16:43:22+08:00 ] ::1 /AuthOne/index.php/Admin/Index/changepwd.html
INFO: [ app_begin ] --START--
INFO: Run Behavior\ReadHtmlCacheBehavior [ RunTime:0.002948s ]
INFO: [ app_begin ] --END-- [ RunTime:0.005466s ]
NOTIC: [8] Undefined variable: oldpwd D:\xampp\htdocs\AuthOne\Application\Admin\Controller\IndexController.class.php 第 95 行.
SQL: SHOW COLUMNS FROM `admin_user` [ RunTime:0.0199s ]
SQL: SELECT * FROM `admin_user` WHERE ( id = 15 and status = 1 ) LIMIT 1   [ RunTime:0.0022s ]

[ 2017-05-06T16:43:40+08:00 ] ::1 /AuthOne/index.php/Admin/Index/changepwd.html
INFO: [ app_begin ] --START--
INFO: Run Behavior\ReadHtmlCacheBehavior [ RunTime:0.001872s ]
INFO: [ app_begin ] --END-- [ RunTime:0.003186s ]
NOTIC: [8] Undefined variable: oldpwd D:\xampp\htdocs\AuthOne\Application\Admin\Controller\IndexController.class.php 第 95 行.
SQL: SHOW COLUMNS FROM `admin_user` [ RunTime:0.0182s ]
SQL: SELECT * FROM `admin_user` WHERE ( id = 15 and status = 1 ) LIMIT 1   [ RunTime:0.0046s ]

[ 2017-05-06T16:44:05+08:00 ] ::1 /AuthOne/index.php/Admin/Index/changepwd.html
INFO: [ app_begin ] --START--
INFO: Run Behavior\ReadHtmlCacheBehavior [ RunTime:0.001953s ]
INFO: [ app_begin ] --END-- [ RunTime:0.003560s ]
NOTIC: [8] Undefined variable: oldpwd D:\xampp\htdocs\AuthOne\Application\Admin\Controller\IndexController.class.php 第 95 行.
SQL: SHOW COLUMNS FROM `admin_user` [ RunTime:0.0279s ]
SQL: SELECT * FROM `admin_user` WHERE ( id = 15 and status = 1 ) LIMIT 1   [ RunTime:0.0044s ]
SQL: UPDATE `admin_user` SET `password`='e35cf7b66449df565f93c607d5a81d09' WHERE ( id =15 and status = 1 ) [ RunTime:0.0760s ]

[ 2017-05-06T16:44:05+08:00 ] ::1 /AuthOne/index.php/Admin/Login/login.html
INFO: [ app_begin ] --START--
INFO: Run Behavior\ReadHtmlCacheBehavior [ RunTime:0.002519s ]
INFO: [ app_begin ] --END-- [ RunTime:0.004218s ]
INFO: [ view_parse ] --START--
INFO: [ template_filter ] --START--
INFO: Run Behavior\ContentReplaceBehavior [ RunTime:0.000109s ]
INFO: [ template_filter ] --END-- [ RunTime:0.000242s ]
INFO: Run Behavior\ParseTemplateBehavior [ RunTime:0.025832s ]
INFO: [ view_parse ] --END-- [ RunTime:0.025969s ]
INFO: [ view_filter ] --START--
INFO: Run Behavior\WriteHtmlCacheBehavior [ RunTime:0.001951s ]
INFO: [ view_filter ] --END-- [ RunTime:0.002097s ]
INFO: [ app_end ] --START--
INFO: Run Behavior\ShowPageTraceBehavior [ RunTime:0.002245s ]
INFO: [ app_end ] --END-- [ RunTime:0.002369s ]

[ 2017-05-06T16:45:11+08:00 ] ::1 /AuthOne/index.php/Admin/Login/doLogin.html
INFO: [ app_begin ] --START--
INFO: Run Behavior\ReadHtmlCacheBehavior [ RunTime:0.004684s ]
INFO: [ app_begin ] --END-- [ RunTime:0.006020s ]
SQL: SHOW COLUMNS FROM `admin_user` [ RunTime:0.0162s ]
SQL: SELECT * FROM `admin_user` WHERE `user_name` = 'admin' AND `password` = 'e35cf7b66449df565f93c607d5a81d09' AND `status` = 1 LIMIT 1   [ RunTime:0.0011s ]
SQL: UPDATE `admin_user` SET `lastlogin_time`='1494060311' WHERE `id` = 15 [ RunTime:0.0870s ]

[ 2017-05-06T16:45:16+08:00 ] ::1 /AuthOne/index.php/Admin/Index/changepwd.html
INFO: [ app_begin ] --START--
INFO: Run Behavior\ReadHtmlCacheBehavior [ RunTime:0.022076s ]
INFO: [ app_begin ] --END-- [ RunTime:0.024329s ]
INFO: [ view_parse ] --START--
INFO: [ template_filter ] --START--
INFO: Run Behavior\ContentReplaceBehavior [ RunTime:0.000192s ]
INFO: [ template_filter ] --END-- [ RunTime:0.000475s ]
INFO: Run Behavior\ParseTemplateBehavior [ RunTime:0.051886s ]
INFO: [ view_parse ] --END-- [ RunTime:0.052058s ]
INFO: [ view_filter ] --START--
INFO: Run Behavior\WriteHtmlCacheBehavior [ RunTime:0.008938s ]
INFO: [ view_filter ] --END-- [ RunTime:0.009171s ]
INFO: [ app_end ] --START--
INFO: Run Behavior\ShowPageTraceBehavior [ RunTime:0.010931s ]
INFO: [ app_end ] --END-- [ RunTime:0.011277s ]

[ 2017-05-06T16:47:08+08:00 ] ::1 /AuthOne/index.php/Admin/Index/changepwd.html
INFO: [ app_begin ] --START--
INFO: Run Behavior\ReadHtmlCacheBehavior [ RunTime:0.004008s ]
INFO: [ app_begin ] --END-- [ RunTime:0.006273s ]
INFO: [ view_parse ] --START--
INFO: [ template_filter ] --START--
INFO: Run Behavior\ContentReplaceBehavior [ RunTime:0.000251s ]
INFO: [ template_filter ] --END-- [ RunTime:0.000582s ]
INFO: Run Behavior\ParseTemplateBehavior [ RunTime:0.085541s ]
INFO: [ view_parse ] --END-- [ RunTime:0.086829s ]
INFO: [ view_filter ] --START--
INFO: Run Behavior\WriteHtmlCacheBehavior [ RunTime:0.005538s ]
INFO: [ view_filter ] --END-- [ RunTime:0.005703s ]
INFO: [ app_end ] --START--
INFO: Run Behavior\ShowPageTraceBehavior [ RunTime:0.007937s ]
INFO: [ app_end ] --END-- [ RunTime:0.008095s ]

[ 2017-05-06T16:47:18+08:00 ] ::1 /AuthOne/index.php/Admin/Index/changepwd.html
INFO: [ app_begin ] --START--
INFO: Run Behavior\ReadHtmlCacheBehavior [ RunTime:0.001883s ]
INFO: [ app_begin ] --END-- [ RunTime:0.003531s ]
NOTIC: [8] Undefined variable: oldpwd D:\xampp\htdocs\AuthOne\Application\Admin\Controller\IndexController.class.php 第 95 行.

[ 2017-05-06T16:47:32+08:00 ] ::1 /AuthOne/index.php/Admin/Index/changepwd.html
INFO: [ app_begin ] --START--
INFO: Run Behavior\ReadHtmlCacheBehavior [ RunTime:0.003543s ]
INFO: [ app_begin ] --END-- [ RunTime:0.006377s ]
NOTIC: [8] Undefined variable: oldpwd D:\xampp\htdocs\AuthOne\Application\Admin\Controller\IndexController.class.php 第 95 行.
SQL: SHOW COLUMNS FROM `admin_user` [ RunTime:0.0203s ]
SQL: SELECT * FROM `admin_user` WHERE ( id = 15 and status = 1 ) LIMIT 1   [ RunTime:0.0036s ]
SQL: UPDATE `admin_user` SET `password`='e10adc3949ba59abbe56e057f20f883e' WHERE ( id =15 and status = 1 ) [ RunTime:0.0855s ]

[ 2017-05-06T16:48:33+08:00 ] ::1 /AuthOne/index.php/Admin/Login/doLogin.html
INFO: [ app_begin ] --START--
INFO: Run Behavior\ReadHtmlCacheBehavior [ RunTime:0.002510s ]
INFO: [ app_begin ] --END-- [ RunTime:0.004955s ]
SQL: SHOW COLUMNS FROM `admin_user` [ RunTime:0.0180s ]
SQL: SELECT * FROM `admin_user` WHERE `user_name` = 'admin' AND `password` = 'e10adc3949ba59abbe56e057f20f883e' AND `status` = 1 LIMIT 1   [ RunTime:0.0033s ]
SQL: UPDATE `admin_user` SET `lastlogin_time`='1494060513' WHERE `id` = 15 [ RunTime:0.0864s ]

[ 2017-05-06T16:48:37+08:00 ] ::1 /AuthOne/index.php/Admin/Index/changepwd.html
INFO: [ app_begin ] --START--
INFO: Run Behavior\ReadHtmlCacheBehavior [ RunTime:0.002260s ]
INFO: [ app_begin ] --END-- [ RunTime:0.004952s ]
INFO: [ view_parse ] --START--
INFO: [ template_filter ] --START--
INFO: Run Behavior\ContentReplaceBehavior [ RunTime:0.000125s ]
INFO: [ template_filter ] --END-- [ RunTime:0.000291s ]
INFO: Run Behavior\ParseTemplateBehavior [ RunTime:0.058635s ]
INFO: [ view_parse ] --END-- [ RunTime:0.058804s ]
INFO: [ view_filter ] --START--
INFO: Run Behavior\WriteHtmlCacheBehavior [ RunTime:0.007661s ]
INFO: [ view_filter ] --END-- [ RunTime:0.008042s ]
INFO: [ app_end ] --START--
INFO: Run Behavior\ShowPageTraceBehavior [ RunTime:0.003633s ]
INFO: [ app_end ] --END-- [ RunTime:0.003905s ]

[ 2017-05-06T16:48:50+08:00 ] ::1 /AuthOne/index.php/Admin/Index/changepwd.html
INFO: [ app_begin ] --START--
INFO: Run Behavior\ReadHtmlCacheBehavior [ RunTime:0.002829s ]
INFO: [ app_begin ] --END-- [ RunTime:0.004573s ]
NOTIC: [8] Undefined variable: oldpwd D:\xampp\htdocs\AuthOne\Application\Admin\Controller\IndexController.class.php 第 95 行.
SQL: SHOW COLUMNS FROM `admin_user` [ RunTime:0.0172s ]
SQL: SELECT * FROM `admin_user` WHERE ( id = 15 and status = 1 ) LIMIT 1   [ RunTime:0.0013s ]
SQL: UPDATE `admin_user` SET `password`='c33367701511b4f6020ec61ded352059' WHERE ( id =15 and status = 1 ) [ RunTime:0.2033s ]

[ 2017-05-06T16:49:03+08:00 ] ::1 /AuthOne/index.php/Admin/Login/doLogin.html
INFO: [ app_begin ] --START--
INFO: Run Behavior\ReadHtmlCacheBehavior [ RunTime:0.002901s ]
INFO: [ app_begin ] --END-- [ RunTime:0.004611s ]
SQL: SHOW COLUMNS FROM `admin_user` [ RunTime:0.0208s ]
SQL: SELECT * FROM `admin_user` WHERE `user_name` = 'admin' AND `password` = 'c33367701511b4f6020ec61ded352059' AND `status` = 1 LIMIT 1   [ RunTime:0.0042s ]
SQL: UPDATE `admin_user` SET `lastlogin_time`='1494060543' WHERE `id` = 15 [ RunTime:0.1690s ]

[ 2017-05-06T16:51:28+08:00 ] ::1 /AuthOne/index.php/Admin/Menu/addMenu.html?id=0
INFO: [ app_begin ] --START--
INFO: Run Behavior\ReadHtmlCacheBehavior [ RunTime:0.002791s ]
INFO: [ app_begin ] --END-- [ RunTime:0.004367s ]
SQL: SHOW COLUMNS FROM `admin_auth_group_access` [ RunTime:0.0207s ]
SQL: SELECT `uid`,`group_id`,`title`,`rules` FROM admin_auth_group_access a INNER JOIN admin_auth_group g on a.group_id=g.id  WHERE ( a.uid='15' and g.status='1' )  [ RunTime:0.0036s ]
SQL: SHOW COLUMNS FROM `admin_auth_rule` [ RunTime:0.0210s ]
SQL: SELECT `condition`,`menu_name` FROM `admin_auth_rule` WHERE `id` IN ('2','36','14','21','24','25','26','27','22','28','29','30','31','23','32','33','34','35','37','56','57','58','59','54','55','63','64','65','66','38','39','40','41','42','43','44','45','60','61','62','67','46','47','48','49','50','52','53') AND `type` = 1 AND `status` = 1  [ RunTime:0.0045s ]
SQL: SHOW COLUMNS FROM `admin_auth_rule` [ RunTime:0.0180s ]
INFO: [ view_parse ] --START--
INFO: [ template_filter ] --START--
INFO: Run Behavior\ContentReplaceBehavior [ RunTime:0.000131s ]
INFO: [ template_filter ] --END-- [ RunTime:0.000281s ]
INFO: Run Behavior\ParseTemplateBehavior [ RunTime:0.056161s ]
INFO: [ view_parse ] --END-- [ RunTime:0.056320s ]
INFO: [ view_filter ] --START--
INFO: Run Behavior\WriteHtmlCacheBehavior [ RunTime:0.001568s ]
INFO: [ view_filter ] --END-- [ RunTime:0.001666s ]
INFO: [ app_end ] --START--
INFO: Run Behavior\ShowPageTraceBehavior [ RunTime:0.003074s ]
INFO: [ app_end ] --END-- [ RunTime:0.003200s ]

[ 2017-05-06T16:51:42+08:00 ] ::1 /AuthOne/index.php/Admin/Category/life.html
ERR: 非法操作:life

[ 2017-05-06T16:57:17+08:00 ] ::1 /AuthOne/index.php/Admin/Other/editLinks.html?id=3
INFO: [ app_begin ] --START--
INFO: Run Behavior\ReadHtmlCacheBehavior [ RunTime:0.001415s ]
INFO: [ app_begin ] --END-- [ RunTime:0.002789s ]
SQL: SHOW COLUMNS FROM `admin_auth_group_access` [ RunTime:0.0172s ]
SQL: SELECT `uid`,`group_id`,`title`,`rules` FROM admin_auth_group_access a INNER JOIN admin_auth_group g on a.group_id=g.id  WHERE ( a.uid='15' and g.status='1' )  [ RunTime:0.0029s ]
SQL: SHOW COLUMNS FROM `admin_auth_rule` [ RunTime:0.0192s ]
SQL: SELECT `condition`,`menu_name` FROM `admin_auth_rule` WHERE `id` IN ('2','36','14','21','24','25','26','27','22','28','29','30','31','23','32','33','34','35','37','56','57','58','59','54','55','63','64','65','66','38','39','40','41','42','43','44','45','60','61','62','67','46','47','48','49','50','52','53') AND `type` = 1 AND `status` = 1  [ RunTime:0.0031s ]
SQL: SHOW COLUMNS FROM `links` [ RunTime:0.0177s ]
SQL: SELECT * FROM `links` WHERE ( id =3 and is_valid = 'y' ) LIMIT 1   [ RunTime:0.0023s ]
INFO: [ view_parse ] --START--
INFO: [ template_filter ] --START--
INFO: Run Behavior\ContentReplaceBehavior [ RunTime:0.000078s ]
INFO: [ template_filter ] --END-- [ RunTime:0.000174s ]
INFO: Run Behavior\ParseTemplateBehavior [ RunTime:0.034142s ]
INFO: [ view_parse ] --END-- [ RunTime:0.034289s ]
INFO: [ view_filter ] --START--
INFO: Run Behavior\WriteHtmlCacheBehavior [ RunTime:0.000917s ]
INFO: [ view_filter ] --END-- [ RunTime:0.001062s ]
INFO: [ app_end ] --START--
INFO: Run Behavior\ShowPageTraceBehavior [ RunTime:0.001171s ]
INFO: [ app_end ] --END-- [ RunTime:0.001294s ]

[ 2017-05-06T16:57:25+08:00 ] ::1 /AuthOne/index.php/Admin/Other/editLinks.html
INFO: [ app_begin ] --START--
INFO: Run Behavior\ReadHtmlCacheBehavior [ RunTime:0.001200s ]
INFO: [ app_begin ] --END-- [ RunTime:0.002575s ]
SQL: SHOW COLUMNS FROM `admin_auth_group_access` [ RunTime:0.0140s ]
SQL: SELECT `uid`,`group_id`,`title`,`rules` FROM admin_auth_group_access a INNER JOIN admin_auth_group g on a.group_id=g.id  WHERE ( a.uid='15' and g.status='1' )  [ RunTime:0.0025s ]
SQL: SHOW COLUMNS FROM `admin_auth_rule` [ RunTime:0.0145s ]
SQL: SELECT `condition`,`menu_name` FROM `admin_auth_rule` WHERE `id` IN ('2','36','14','21','24','25','26','27','22','28','29','30','31','23','32','33','34','35','37','56','57','58','59','54','55','63','64','65','66','38','39','40','41','42','43','44','45','60','61','62','67','46','47','48','49','50','52','53') AND `type` = 1 AND `status` = 1  [ RunTime:0.0025s ]
SQL: SHOW COLUMNS FROM `links` [ RunTime:0.0142s ]
SQL: SELECT * FROM `links` WHERE ( id =3 ) LIMIT 1   [ RunTime:0.0023s ]
SQL: UPDATE `links` SET `linkname`='test',`linkurl`='http://www.google.com' WHERE ( id =3 ) [ RunTime:0.0806s ]

[ 2017-05-06T17:01:11+08:00 ] ::1 /AuthOne/index.php/Admin/Other/delLinks.html
INFO: [ app_begin ] --START--
INFO: Run Behavior\ReadHtmlCacheBehavior [ RunTime:0.003016s ]
INFO: [ app_begin ] --END-- [ RunTime:0.004407s ]
SQL: SHOW COLUMNS FROM `admin_auth_group_access` [ RunTime:0.0178s ]
SQL: SELECT `uid`,`group_id`,`title`,`rules` FROM admin_auth_group_access a INNER JOIN admin_auth_group g on a.group_id=g.id  WHERE ( a.uid='15' and g.status='1' )  [ RunTime:0.0032s ]
SQL: SHOW COLUMNS FROM `admin_auth_rule` [ RunTime:0.0199s ]
SQL: SELECT `condition`,`menu_name` FROM `admin_auth_rule` WHERE `id` IN ('2','36','14','21','24','25','26','27','22','28','29','30','31','23','32','33','34','35','37','56','57','58','59','54','55','63','64','65','66','38','39','40','41','42','43','44','45','60','61','62','67','46','47','48','49','50','52','53') AND `type` = 1 AND `status` = 1  [ RunTime:0.0027s ]
SQL: SHOW COLUMNS FROM `links` [ RunTime:0.0217s ]
SQL: SELECT * FROM `links` WHERE ( id =3 and is_valid = 'y' ) LIMIT 1   [ RunTime:0.0031s ]
SQL: UPDATE `links` SET `is_valid`='n' WHERE ( id =3 ) [ RunTime:0.1110s ]

[ 2017-05-06T22:37:20+08:00 ] ::1 /AuthOne/index.php/Admin/Blog/changeStatus.html?id=31
INFO: [ app_begin ] --START--
INFO: Run Behavior\ReadHtmlCacheBehavior [ RunTime:0.001938s ]
INFO: [ app_begin ] --END-- [ RunTime:0.003262s ]
SQL: SHOW COLUMNS FROM `admin_auth_group_access` [ RunTime:0.0193s ]
SQL: SELECT `uid`,`group_id`,`title`,`rules` FROM admin_auth_group_access a INNER JOIN admin_auth_group g on a.group_id=g.id  WHERE ( a.uid='15' and g.status='1' )  [ RunTime:0.0053s ]
SQL: SHOW COLUMNS FROM `admin_auth_rule` [ RunTime:0.0216s ]
SQL: SELECT `condition`,`menu_name` FROM `admin_auth_rule` WHERE `id` IN ('2','36','14','21','24','25','26','27','22','28','29','30','31','23','32','33','34','35','37','56','57','58','59','54','55','63','64','65','66','38','39','40','41','42','43','44','45','60','61','62','67','46','47','48','49','50','52','53') AND `type` = 1 AND `status` = 1  [ RunTime:0.0029s ]
SQL: SHOW COLUMNS FROM `article` [ RunTime:0.0176s ]
SQL: SELECT * FROM `article` WHERE ( id =31 and is_valid = 'n' ) LIMIT 1   [ RunTime:0.0025s ]
SQL: UPDATE `article` SET `is_valid`='y' WHERE ( id =31 ) [ RunTime:0.1144s ]

[ 2017-05-06T22:38:11+08:00 ] ::1 /AuthOne/index.php/Admin/Blog/addArticle.html
INFO: [ app_begin ] --START--
INFO: Run Behavior\ReadHtmlCacheBehavior [ RunTime:0.003638s ]
INFO: [ app_begin ] --END-- [ RunTime:0.005267s ]
SQL: SHOW COLUMNS FROM `admin_auth_group_access` [ RunTime:0.0157s ]
SQL: SELECT `uid`,`group_id`,`title`,`rules` FROM admin_auth_group_access a INNER JOIN admin_auth_group g on a.group_id=g.id  WHERE ( a.uid='15' and g.status='1' )  [ RunTime:0.0025s ]
SQL: SHOW COLUMNS FROM `admin_auth_rule` [ RunTime:0.0135s ]
SQL: SELECT `condition`,`menu_name` FROM `admin_auth_rule` WHERE `id` IN ('2','36','14','21','24','25','26','27','22','28','29','30','31','23','32','33','34','35','37','56','57','58','59','54','55','63','64','65','66','38','39','40','41','42','43','44','45','60','61','62','67','46','47','48','49','50','52','53') AND `type` = 1 AND `status` = 1  [ RunTime:0.0030s ]
SQL: SHOW COLUMNS FROM `article` [ RunTime:0.0171s ]
SQL: INSERT INTO `article` (`title`,`content`,`uid`,`described`,`cid`,`artpicture`,`istop`,`isrecommend`,`is_valid`,`createtime`,`readcounts`) VALUES ('test','&lt;p&gt;拉拉裤房间爱思考了房间卡福建高速&lt;/p&gt;','15','1315643123','49','/Public/upload/Article/20170506/1494081466_15.jpg','n','n','n','1494081491','0') [ RunTime:0.0292s ]
SQL: SHOW COLUMNS FROM `article_tag_relate` [ RunTime:0.0179s ]
SQL: INSERT INTO `article_tag_relate` (`aid`,`tid`,`createtime`,`is_valid`) VALUES ('32','5','1494081491','y'),('32','4','1494081491','y'),('32','3','1494081491','y'),('32','2','1494081491','y') [ RunTime:0.0028s ]

[ 2017-05-06T22:38:28+08:00 ] ::1 /AuthOne/index.php/Admin/Blog/changeStatus.html?id=32
INFO: [ app_begin ] --START--
INFO: Run Behavior\ReadHtmlCacheBehavior [ RunTime:0.001736s ]
INFO: [ app_begin ] --END-- [ RunTime:0.002908s ]
SQL: SHOW COLUMNS FROM `admin_auth_group_access` [ RunTime:0.0200s ]
SQL: SELECT `uid`,`group_id`,`title`,`rules` FROM admin_auth_group_access a INNER JOIN admin_auth_group g on a.group_id=g.id  WHERE ( a.uid='15' and g.status='1' )  [ RunTime:0.0031s ]
SQL: SHOW COLUMNS FROM `admin_auth_rule` [ RunTime:0.0217s ]
SQL: SELECT `condition`,`menu_name` FROM `admin_auth_rule` WHERE `id` IN ('2','36','14','21','24','25','26','27','22','28','29','30','31','23','32','33','34','35','37','56','57','58','59','54','55','63','64','65','66','38','39','40','41','42','43','44','45','60','61','62','67','46','47','48','49','50','52','53') AND `type` = 1 AND `status` = 1  [ RunTime:0.0039s ]
SQL: SHOW COLUMNS FROM `article` [ RunTime:0.0224s ]
SQL: SELECT * FROM `article` WHERE ( id =32 and is_valid = 'n' ) LIMIT 1   [ RunTime:0.0034s ]
SQL: UPDATE `article` SET `is_valid`='y' WHERE ( id =32 ) [ RunTime:0.0623s ]

[ 2017-05-06T23:16:44+08:00 ] ::1 /AuthOne/index.php/Admin/Login/doLogin.html
INFO: [ app_begin ] --START--
INFO: Run Behavior\ReadHtmlCacheBehavior [ RunTime:0.002616s ]
INFO: [ app_begin ] --END-- [ RunTime:0.003948s ]
SQL: SHOW COLUMNS FROM `admin_user` [ RunTime:0.0170s ]
SQL: SELECT * FROM `admin_user` WHERE `user_name` = 'admin' AND `password` = 'e10adc3949ba59abbe56e057f20f883e' AND `status` = 1 LIMIT 1   [ RunTime:0.0015s ]

[ 2017-05-06T23:17:14+08:00 ] ::1 /AuthOne/index.php/Admin/Login/doLogin.html
INFO: [ app_begin ] --START--
INFO: Run Behavior\ReadHtmlCacheBehavior [ RunTime:0.003917s ]
INFO: [ app_begin ] --END-- [ RunTime:0.005344s ]

[ 2017-05-06T23:17:22+08:00 ] ::1 /AuthOne/index.php/Admin/Login/doLogin.html
INFO: [ app_begin ] --START--
INFO: Run Behavior\ReadHtmlCacheBehavior [ RunTime:0.002213s ]
INFO: [ app_begin ] --END-- [ RunTime:0.003434s ]
SQL: SHOW COLUMNS FROM `admin_user` [ RunTime:0.0181s ]
SQL: SELECT * FROM `admin_user` WHERE `user_name` = 'admin' AND `password` = 'e10adc3949ba59abbe56e057f20f883e' AND `status` = 1 LIMIT 1   [ RunTime:0.0035s ]
SQL: UPDATE `admin_user` SET `lastlogin_time`='1494083842' WHERE `id` = 15 [ RunTime:0.0752s ]

[ 2017-05-06T23:36:58+08:00 ] ::1 /AuthOne/index.php/Admin/Other/releaseAd.html
INFO: [ app_begin ] --START--
INFO: Run Behavior\ReadHtmlCacheBehavior [ RunTime:0.004613s ]
INFO: [ app_begin ] --END-- [ RunTime:0.007094s ]
SQL: SHOW COLUMNS FROM `admin_auth_group_access` [ RunTime:0.0409s ]
SQL: SELECT `uid`,`group_id`,`title`,`rules` FROM admin_auth_group_access a INNER JOIN admin_auth_group g on a.group_id=g.id  WHERE ( a.uid='15' and g.status='1' )  [ RunTime:0.0076s ]
SQL: SHOW COLUMNS FROM `admin_auth_rule` [ RunTime:0.0484s ]
SQL: SELECT `condition`,`menu_name` FROM `admin_auth_rule` WHERE `id` IN ('2','36','14','21','24','25','26','27','22','28','29','30','31','23','32','33','34','35','37','56','57','58','59','54','55','63','64','65','66','38','39','40','41','42','43','44','45','60','61','62','67','46','47','48','49','50','52','53') AND `type` = 1 AND `status` = 1  [ RunTime:0.0057s ]
INFO: [ view_parse ] --START--
INFO: [ template_filter ] --START--
INFO: Run Behavior\ContentReplaceBehavior [ RunTime:0.000155s ]
INFO: [ template_filter ] --END-- [ RunTime:0.000330s ]
INFO: Run Behavior\ParseTemplateBehavior [ RunTime:0.069002s ]
INFO: [ view_parse ] --END-- [ RunTime:0.069282s ]
INFO: [ view_filter ] --START--
INFO: Run Behavior\WriteHtmlCacheBehavior [ RunTime:0.004881s ]
INFO: [ view_filter ] --END-- [ RunTime:0.005282s ]
INFO: [ app_end ] --START--
INFO: Run Behavior\ShowPageTraceBehavior [ RunTime:0.005604s ]
INFO: [ app_end ] --END-- [ RunTime:0.005820s ]

