[ 2017-03-14T21:56:51+08:00 ] ::1 /AuthOne/index.php/Login/doLogin.html
INFO: [ app_begin ] --START--
INFO: Run Behavior\ReadHtmlCacheBehavior [ RunTime:0.001413s ]
INFO: [ app_begin ] --END-- [ RunTime:0.002338s ]
SQL: SHOW COLUMNS FROM `admin_user` [ RunTime:0.0274s ]
SQL: SELECT * FROM `admin_user` WHERE `user_name` = 'admin' AND `password` = 'e10adc3949ba59abbe56e057f20f883e' AND `status` = 1 LIMIT 1   [ RunTime:0.0014s ]
SQL: UPDATE `admin_user` SET `lastlogin_time`='1489499811' WHERE `id` = 15 [ RunTime:0.0569s ]

[ 2017-03-14T22:27:32+08:00 ] ::1 /AuthOne/index.php/Menu/addMenu.html?id=38
INFO: [ app_begin ] --START--
INFO: Run Behavior\ReadHtmlCacheBehavior [ RunTime:0.001414s ]
INFO: [ app_begin ] --END-- [ RunTime:0.002335s ]
SQL: SHOW COLUMNS FROM `admin_auth_group_access` [ RunTime:0.0140s ]
SQL: SELECT `uid`,`group_id`,`title`,`rules` FROM admin_auth_group_access a INNER JOIN admin_auth_group g on a.group_id=g.id  WHERE ( a.uid='15' and g.status='1' )  [ RunTime:0.0013s ]
SQL: SHOW COLUMNS FROM `admin_auth_rule` [ RunTime:0.0147s ]
SQL: SELECT `condition`,`menu_name` FROM `admin_auth_rule` WHERE `id` IN ('2','36','14','21','24','25','26','27','22','28','29','30','31','23','32','33','34','35','37','56','57','58','59','54','55','63','64','65','66','38','39','40','41','42','43','44','45','60','61','62','46','47','48','49','50','52','53') AND `type` = 1 AND `status` = 1  [ RunTime:0.0020s ]
SQL: SHOW COLUMNS FROM `admin_auth_rule` [ RunTime:0.0098s ]
INFO: [ view_parse ] --START--
INFO: [ template_filter ] --START--
INFO: Run Behavior\ContentReplaceBehavior [ RunTime:0.000079s ]
INFO: [ template_filter ] --END-- [ RunTime:0.000179s ]
INFO: Run Behavior\ParseTemplateBehavior [ RunTime:0.043699s ]
INFO: [ view_parse ] --END-- [ RunTime:0.043823s ]
INFO: [ view_filter ] --START--
INFO: Run Behavior\WriteHtmlCacheBehavior [ RunTime:0.000922s ]
INFO: [ view_filter ] --END-- [ RunTime:0.001001s ]
INFO: [ app_end ] --START--
INFO: Run Behavior\ShowPageTraceBehavior [ RunTime:0.001322s ]
INFO: [ app_end ] --END-- [ RunTime:0.001429s ]

[ 2017-03-14T22:30:02+08:00 ] ::1 /AuthOne/index.php/Menu/addMenu.html
INFO: [ app_begin ] --START--
INFO: Run Behavior\ReadHtmlCacheBehavior [ RunTime:0.001947s ]
INFO: [ app_begin ] --END-- [ RunTime:0.003485s ]
SQL: SHOW COLUMNS FROM `admin_auth_group_access` [ RunTime:0.0112s ]
SQL: SELECT `uid`,`group_id`,`title`,`rules` FROM admin_auth_group_access a INNER JOIN admin_auth_group g on a.group_id=g.id  WHERE ( a.uid='15' and g.status='1' )  [ RunTime:0.0011s ]
SQL: SHOW COLUMNS FROM `admin_auth_rule` [ RunTime:0.0125s ]
SQL: SELECT `condition`,`menu_name` FROM `admin_auth_rule` WHERE `id` IN ('2','36','14','21','24','25','26','27','22','28','29','30','31','23','32','33','34','35','37','56','57','58','59','54','55','63','64','65','66','38','39','40','41','42','43','44','45','60','61','62','46','47','48','49','50','52','53') AND `type` = 1 AND `status` = 1  [ RunTime:0.0013s ]
SQL: SHOW COLUMNS FROM `admin_auth_rule` [ RunTime:0.0112s ]
SQL: SELECT `pid` FROM `admin_auth_rule` WHERE `id` = 38 LIMIT 1   [ RunTime:0.0009s ]
SQL: SELECT * FROM `admin_auth_rule` WHERE `menu_name` = 'Other/message' AND `status` = 1 LIMIT 1   [ RunTime:0.0010s ]
SQL: INSERT INTO `admin_auth_rule` (`menu_name`,`icon`,`title`,`pid`,`is_menu`) VALUES ('Other/message','&amp;#xe60a;','留言管理','38','1') [ RunTime:0.0012s ]

[ 2017-03-14T22:30:33+08:00 ] ::1 /AuthOne/index.php/AuthGroup/ruleGroup.html
INFO: [ app_begin ] --START--
INFO: Run Behavior\ReadHtmlCacheBehavior [ RunTime:0.001155s ]
INFO: [ app_begin ] --END-- [ RunTime:0.002540s ]
SQL: SHOW COLUMNS FROM `admin_auth_group_access` [ RunTime:0.0110s ]
SQL: SELECT `uid`,`group_id`,`title`,`rules` FROM admin_auth_group_access a INNER JOIN admin_auth_group g on a.group_id=g.id  WHERE ( a.uid='15' and g.status='1' )  [ RunTime:0.0020s ]
SQL: SHOW COLUMNS FROM `admin_auth_rule` [ RunTime:0.0136s ]
SQL: SELECT `condition`,`menu_name` FROM `admin_auth_rule` WHERE `id` IN ('2','36','14','21','24','25','26','27','22','28','29','30','31','23','32','33','34','35','37','56','57','58','59','54','55','63','64','65','66','38','39','40','41','42','43','44','45','60','61','62','46','47','48','49','50','52','53') AND `type` = 1 AND `status` = 1  [ RunTime:0.0022s ]
SQL: SHOW COLUMNS FROM `admin_auth_group` [ RunTime:0.0110s ]
SQL: UPDATE `admin_auth_group` SET `rules`='2,36,14,21,24,25,26,27,22,28,29,30,31,23,32,33,34,35,37,56,57,58,59,54,55,63,64,65,66,38,39,40,41,42,43,44,45,60,61,62,67,46,47,48,49,50,52,53' WHERE `id` = 27 [ RunTime:0.0017s ]

[ 2017-03-14T22:30:46+08:00 ] ::1 /AuthOne/index.php/Other/message.html
ERR: 非法操作:message

