[ 2017-05-07T16:44:21+08:00 ] ::1 /AuthOne/index.php/Admin/Login/doLogin.html
INFO: [ app_begin ] --START--
INFO: Run Behavior\ReadHtmlCacheBehavior [ RunTime:0.002364s ]
INFO: [ app_begin ] --END-- [ RunTime:0.003710s ]
SQL: SHOW COLUMNS FROM `admin_user` [ RunTime:0.0169s ]
SQL: SELECT * FROM `admin_user` WHERE `user_name` = 'admin' AND `password` = 'e10adc3949ba59abbe56e057f20f883e' AND `status` = 1 LIMIT 1   [ RunTime:0.0027s ]
SQL: UPDATE `admin_user` SET `lastlogin_time`='1494146661' WHERE `id` = 15 [ RunTime:0.0769s ]

[ 2017-05-07T17:55:39+08:00 ] ::1 /AuthOne/index.php/Admin/Other/delAd.html?id=1
INFO: [ app_begin ] --START--
INFO: Run Behavior\ReadHtmlCacheBehavior [ RunTime:0.002000s ]
INFO: [ app_begin ] --END-- [ RunTime:0.003081s ]
SQL: SHOW COLUMNS FROM `admin_auth_group_access` [ RunTime:0.0237s ]
SQL: SELECT `uid`,`group_id`,`title`,`rules` FROM admin_auth_group_access a INNER JOIN admin_auth_group g on a.group_id=g.id  WHERE ( a.uid='15' and g.status='1' )  [ RunTime:0.0037s ]
SQL: SHOW COLUMNS FROM `admin_auth_rule` [ RunTime:0.0305s ]
SQL: SELECT `condition`,`menu_name` FROM `admin_auth_rule` WHERE `id` IN ('2','36','14','21','24','25','26','27','22','28','29','30','31','23','32','33','34','35','37','56','57','58','59','54','55','63','64','65','66','38','39','40','41','42','43','44','45','60','61','62','67','46','47','48','49','50','52','53') AND `type` = 1 AND `status` = 1  [ RunTime:0.0077s ]
SQL: SHOW COLUMNS FROM `activity` [ RunTime:0.0304s ]
SQL: SELECT * FROM `activity` WHERE ( id =1 and is_valid = 'y' ) LIMIT 1   [ RunTime:0.0039s ]
SQL: UPDATE `activity` SET `is_valid`='n' WHERE ( id =1 ) [ RunTime:0.1604s ]

[ 2017-05-07T18:07:35+08:00 ] ::1 /AuthOne/index.php/Admin/Menu/deleteMenu.html
INFO: [ app_begin ] --START--
INFO: Run Behavior\ReadHtmlCacheBehavior [ RunTime:0.003536s ]
INFO: [ app_begin ] --END-- [ RunTime:0.006936s ]
SQL: SHOW COLUMNS FROM `admin_auth_group_access` [ RunTime:0.0169s ]
SQL: SELECT `uid`,`group_id`,`title`,`rules` FROM admin_auth_group_access a INNER JOIN admin_auth_group g on a.group_id=g.id  WHERE ( a.uid='15' and g.status='1' )  [ RunTime:0.0014s ]
SQL: SHOW COLUMNS FROM `admin_auth_rule` [ RunTime:0.0227s ]
SQL: SELECT `condition`,`menu_name` FROM `admin_auth_rule` WHERE `id` IN ('2','36','14','21','24','25','26','27','22','28','29','30','31','23','32','33','34','35','37','56','57','58','59','54','55','63','64','65','66','38','39','40','41','42','43','44','45','60','61','62','67','46','47','48','49','50','52','53') AND `type` = 1 AND `status` = 1  [ RunTime:0.0036s ]
SQL: SHOW COLUMNS FROM `admin_auth_rule` [ RunTime:0.0179s ]
SQL: SELECT * FROM `admin_auth_rule` WHERE `pid` = 68 AND `status` = 1 LIMIT 1   [ RunTime:0.0014s ]
SQL: UPDATE `admin_auth_rule` SET `status`='2' WHERE `id` = 68 [ RunTime:0.0021s ]

[ 2017-05-07T18:08:04+08:00 ] ::1 /AuthOne/index.php/Admin/AuthGroup/giveRole.html?user_id=15
INFO: [ app_begin ] --START--
INFO: Run Behavior\ReadHtmlCacheBehavior [ RunTime:0.003050s ]
INFO: [ app_begin ] --END-- [ RunTime:0.006166s ]
SQL: SHOW COLUMNS FROM `admin_auth_group_access` [ RunTime:0.0163s ]
SQL: SELECT `uid`,`group_id`,`title`,`rules` FROM admin_auth_group_access a INNER JOIN admin_auth_group g on a.group_id=g.id  WHERE ( a.uid='15' and g.status='1' )  [ RunTime:0.0027s ]
SQL: SHOW COLUMNS FROM `admin_auth_rule` [ RunTime:0.0222s ]
SQL: SELECT `condition`,`menu_name` FROM `admin_auth_rule` WHERE `id` IN ('2','36','14','21','24','25','26','27','22','28','29','30','31','23','32','33','34','35','37','56','57','58','59','54','55','63','64','65','66','38','39','40','41','42','43','44','45','60','61','62','67','46','47','48','49','50','52','53') AND `type` = 1 AND `status` = 1  [ RunTime:0.0044s ]
SQL: SHOW COLUMNS FROM `admin_auth_group` [ RunTime:0.0199s ]
SQL: SELECT COUNT(*) AS tp_count FROM `admin_auth_group` WHERE `status` = 1 LIMIT 1   [ RunTime:0.0033s ]
SQL: SELECT a.*,b.uid FROM admin_auth_group a LEFT JOIN admin_auth_group_access b ON a.id=b.group_id AND b.uid=15  WHERE a.status = 1 ORDER BY a.is_manage DESC,a.id DESC  [ RunTime:0.0035s ]
INFO: [ view_parse ] --START--
INFO: [ template_filter ] --START--
INFO: Run Behavior\ContentReplaceBehavior [ RunTime:0.000119s ]
INFO: [ template_filter ] --END-- [ RunTime:0.000270s ]
INFO: Run Behavior\ParseTemplateBehavior [ RunTime:0.037546s ]
INFO: [ view_parse ] --END-- [ RunTime:0.037700s ]
INFO: [ view_filter ] --START--
INFO: Run Behavior\WriteHtmlCacheBehavior [ RunTime:0.001362s ]
INFO: [ view_filter ] --END-- [ RunTime:0.001612s ]
INFO: [ app_end ] --START--
INFO: Run Behavior\ShowPageTraceBehavior [ RunTime:0.001366s ]
INFO: [ app_end ] --END-- [ RunTime:0.001493s ]

[ 2017-05-07T18:08:17+08:00 ] ::1 /AuthOne/index.php/Admin/Blog/editTag.html?id=2
INFO: [ app_begin ] --START--
INFO: Run Behavior\ReadHtmlCacheBehavior [ RunTime:0.001993s ]
INFO: [ app_begin ] --END-- [ RunTime:0.002921s ]
SQL: SHOW COLUMNS FROM `admin_auth_group_access` [ RunTime:0.0196s ]
SQL: SELECT `uid`,`group_id`,`title`,`rules` FROM admin_auth_group_access a INNER JOIN admin_auth_group g on a.group_id=g.id  WHERE ( a.uid='15' and g.status='1' )  [ RunTime:0.0038s ]
SQL: SHOW COLUMNS FROM `admin_auth_rule` [ RunTime:0.0175s ]
SQL: SELECT `condition`,`menu_name` FROM `admin_auth_rule` WHERE `id` IN ('2','36','14','21','24','25','26','27','22','28','29','30','31','23','32','33','34','35','37','56','57','58','59','54','55','63','64','65','66','38','39','40','41','42','43','44','45','60','61','62','67','46','47','48','49','50','52','53') AND `type` = 1 AND `status` = 1  [ RunTime:0.0057s ]
SQL: SHOW COLUMNS FROM `tag` [ RunTime:0.0207s ]
SQL: SELECT * FROM `tag` WHERE ( id =2 ) LIMIT 1   [ RunTime:0.0042s ]
INFO: [ view_parse ] --START--
INFO: [ template_filter ] --START--
INFO: Run Behavior\ContentReplaceBehavior [ RunTime:0.000083s ]
INFO: [ template_filter ] --END-- [ RunTime:0.000191s ]
INFO: Run Behavior\ParseTemplateBehavior [ RunTime:0.036146s ]
INFO: [ view_parse ] --END-- [ RunTime:0.036301s ]
INFO: [ view_filter ] --START--
INFO: Run Behavior\WriteHtmlCacheBehavior [ RunTime:0.001231s ]
INFO: [ view_filter ] --END-- [ RunTime:0.001359s ]
INFO: [ app_end ] --START--
INFO: Run Behavior\ShowPageTraceBehavior [ RunTime:0.001628s ]
INFO: [ app_end ] --END-- [ RunTime:0.001848s ]

[ 2017-05-07T18:08:25+08:00 ] ::1 /AuthOne/index.php/Admin/Blog/editTag.html?id=2
INFO: [ app_begin ] --START--
INFO: Run Behavior\ReadHtmlCacheBehavior [ RunTime:0.002550s ]
INFO: [ app_begin ] --END-- [ RunTime:0.003985s ]
SQL: SHOW COLUMNS FROM `admin_auth_group_access` [ RunTime:0.0180s ]
SQL: SELECT `uid`,`group_id`,`title`,`rules` FROM admin_auth_group_access a INNER JOIN admin_auth_group g on a.group_id=g.id  WHERE ( a.uid='15' and g.status='1' )  [ RunTime:0.0033s ]
SQL: SHOW COLUMNS FROM `admin_auth_rule` [ RunTime:0.0204s ]
SQL: SELECT `condition`,`menu_name` FROM `admin_auth_rule` WHERE `id` IN ('2','36','14','21','24','25','26','27','22','28','29','30','31','23','32','33','34','35','37','56','57','58','59','54','55','63','64','65','66','38','39','40','41','42','43','44','45','60','61','62','67','46','47','48','49','50','52','53') AND `type` = 1 AND `status` = 1  [ RunTime:0.0039s ]
SQL: SHOW COLUMNS FROM `tag` [ RunTime:0.0190s ]
SQL: SELECT * FROM `tag` WHERE ( id =2 ) LIMIT 1   [ RunTime:0.0030s ]
INFO: [ view_parse ] --START--
INFO: [ template_filter ] --START--
INFO: Run Behavior\ContentReplaceBehavior [ RunTime:0.000112s ]
INFO: [ template_filter ] --END-- [ RunTime:0.000260s ]
INFO: Run Behavior\ParseTemplateBehavior [ RunTime:0.020545s ]
INFO: [ view_parse ] --END-- [ RunTime:0.020708s ]
INFO: [ view_filter ] --START--
INFO: Run Behavior\WriteHtmlCacheBehavior [ RunTime:0.001027s ]
INFO: [ view_filter ] --END-- [ RunTime:0.001112s ]
INFO: [ app_end ] --START--
INFO: Run Behavior\ShowPageTraceBehavior [ RunTime:0.001375s ]
INFO: [ app_end ] --END-- [ RunTime:0.001471s ]

[ 2017-05-07T18:08:37+08:00 ] ::1 /AuthOne/index.php/Admin/Blog/addTag.html
INFO: [ app_begin ] --START--
INFO: Run Behavior\ReadHtmlCacheBehavior [ RunTime:0.005370s ]
INFO: [ app_begin ] --END-- [ RunTime:0.006835s ]
SQL: SHOW COLUMNS FROM `admin_auth_group_access` [ RunTime:0.0150s ]
SQL: SELECT `uid`,`group_id`,`title`,`rules` FROM admin_auth_group_access a INNER JOIN admin_auth_group g on a.group_id=g.id  WHERE ( a.uid='15' and g.status='1' )  [ RunTime:0.0016s ]
SQL: SHOW COLUMNS FROM `admin_auth_rule` [ RunTime:0.0156s ]
SQL: SELECT `condition`,`menu_name` FROM `admin_auth_rule` WHERE `id` IN ('2','36','14','21','24','25','26','27','22','28','29','30','31','23','32','33','34','35','37','56','57','58','59','54','55','63','64','65','66','38','39','40','41','42','43','44','45','60','61','62','67','46','47','48','49','50','52','53') AND `type` = 1 AND `status` = 1  [ RunTime:0.0026s ]
INFO: [ view_parse ] --START--
INFO: [ template_filter ] --START--
INFO: Run Behavior\ContentReplaceBehavior [ RunTime:0.000081s ]
INFO: [ template_filter ] --END-- [ RunTime:0.000203s ]
INFO: Run Behavior\ParseTemplateBehavior [ RunTime:0.052366s ]
INFO: [ view_parse ] --END-- [ RunTime:0.052621s ]
INFO: [ view_filter ] --START--
INFO: Run Behavior\WriteHtmlCacheBehavior [ RunTime:0.002177s ]
INFO: [ view_filter ] --END-- [ RunTime:0.002300s ]
INFO: [ app_end ] --START--
INFO: Run Behavior\ShowPageTraceBehavior [ RunTime:0.001140s ]
INFO: [ app_end ] --END-- [ RunTime:0.001227s ]

[ 2017-05-07T18:08:52+08:00 ] ::1 /AuthOne/index.php/Admin/Blog/addTag.html
INFO: [ app_begin ] --START--
INFO: Run Behavior\ReadHtmlCacheBehavior [ RunTime:0.005472s ]
INFO: [ app_begin ] --END-- [ RunTime:0.007010s ]
SQL: SHOW COLUMNS FROM `admin_auth_group_access` [ RunTime:0.0198s ]
SQL: SELECT `uid`,`group_id`,`title`,`rules` FROM admin_auth_group_access a INNER JOIN admin_auth_group g on a.group_id=g.id  WHERE ( a.uid='15' and g.status='1' )  [ RunTime:0.0070s ]
SQL: SHOW COLUMNS FROM `admin_auth_rule` [ RunTime:0.0223s ]
SQL: SELECT `condition`,`menu_name` FROM `admin_auth_rule` WHERE `id` IN ('2','36','14','21','24','25','26','27','22','28','29','30','31','23','32','33','34','35','37','56','57','58','59','54','55','63','64','65','66','38','39','40','41','42','43','44','45','60','61','62','67','46','47','48','49','50','52','53') AND `type` = 1 AND `status` = 1  [ RunTime:0.0078s ]
SQL: SHOW COLUMNS FROM `tag` [ RunTime:0.0218s ]
SQL: SELECT * FROM `tag` WHERE ( tagname = '测试啦' ) LIMIT 1   [ RunTime:0.0025s ]
SQL: INSERT INTO `tag` (`tagname`,`uid`,`createtime`) VALUES ('测试啦','15','1494151732') [ RunTime:0.0814s ]

