[ 2017-03-29T23:07:46+08:00 ] ::1 /AuthOne/index.php/Admin/Login/doLogin.html
INFO: [ app_begin ] --START--
INFO: Run Behavior\ReadHtmlCacheBehavior [ RunTime:0.001431s ]
INFO: [ app_begin ] --END-- [ RunTime:0.002211s ]
SQL: SHOW COLUMNS FROM `admin_user` [ RunTime:0.0098s ]
SQL: SELECT * FROM `admin_user` WHERE `user_name` = 'admin' AND `password` = 'e10adc3949ba59abbe56e057f20f883e' AND `status` = 1 LIMIT 1   [ RunTime:0.0010s ]
SQL: UPDATE `admin_user` SET `lastlogin_time`='1490800066' WHERE `id` = 15 [ RunTime:0.2081s ]

[ 2017-03-29T23:16:35+08:00 ] ::1 /AuthOne/index.php/Admin/Login/doLogin.html
INFO: [ app_begin ] --START--
INFO: Run Behavior\ReadHtmlCacheBehavior [ RunTime:0.001703s ]
INFO: [ app_begin ] --END-- [ RunTime:0.002598s ]
SQL: SHOW COLUMNS FROM `admin_user` [ RunTime:0.0154s ]
SQL: SELECT * FROM `admin_user` WHERE `user_name` = 'admin' AND `password` = 'e10adc3949ba59abbe56e057f20f883e' AND `status` = 1 LIMIT 1   [ RunTime:0.0023s ]
SQL: UPDATE `admin_user` SET `lastlogin_time`='1490800595' WHERE `id` = 15 [ RunTime:0.0599s ]

[ 2017-03-29T23:53:04+08:00 ] ::1 /AuthOne/index.php/Admin/Login/doLogin.html
INFO: [ app_begin ] --START--
INFO: Run Behavior\ReadHtmlCacheBehavior [ RunTime:0.001445s ]
INFO: [ app_begin ] --END-- [ RunTime:0.002467s ]
SQL: SHOW COLUMNS FROM `admin_user` [ RunTime:0.0135s ]
SQL: SELECT * FROM `admin_user` WHERE `user_name` = 'admin' AND `password` = 'e10adc3949ba59abbe56e057f20f883e' AND `status` = 1 LIMIT 1   [ RunTime:0.0078s ]
SQL: UPDATE `admin_user` SET `lastlogin_time`='1490802784' WHERE `id` = 15 [ RunTime:0.1071s ]

